        -:    0:Source:D:/INFO 2/SEM 2/oop_lab_6_9/domain/carte.cpp
        -:    0:Graph:D:\INFO 2\SEM 2\oop_lab_6_9\cmake-build-debug-coverage\CMakeFiles\lab6_7_clion.dir\domain\carte.cpp.gcno
        -:    0:Data:D:\INFO 2\SEM 2\oop_lab_6_9\cmake-build-debug-coverage\CMakeFiles\lab6_7_clion.dir\domain\carte.cpp.gcda
        -:    0:Runs:1
        -:    1:#include "../Headers/carte.h"
        -:    2:
function _ZNK5carte10get_authorB5cxx11Ev called 81 returned 100% blocks executed 100%
       81:    3:string carte::get_author() const {
       81:    4:    return this->author;
       81:    4-block  0
call    0 returned 81
        -:    5:}
        -:    6:
function _ZNK5carte9get_genreB5cxx11Ev called 81 returned 100% blocks executed 100%
       81:    7:string carte::get_genre()const {
       81:    8:    return this->genre;
       81:    8-block  0
call    0 returned 81
        -:    9:}
        -:   10:
function _ZNK5carte9get_titleB5cxx11Ev called 115 returned 100% blocks executed 100%
      115:   11:string carte::get_title() const {
      115:   12:    return this->title;
      115:   12-block  0
call    0 returned 115
        -:   13:}
        -:   14:
function _ZNK5carte20get_publication_yearEv called 112 returned 100% blocks executed 100%
      112:   15:int carte::get_publication_year() const {
      112:   16:    return this->publication_year;
      112:   16-block  0
        -:   17:}
        -:   18:
function _ZNK5carte11get_book_idEv called 565 returned 100% blocks executed 100%
      565:   19:int carte::get_book_id() const {
      565:   20:    return this->book_id;
      565:   20-block  0
        -:   21:}
        -:   22:
function _ZNK5carteeqERKS_ called 2 returned 100% blocks executed 100%
        2:   23:bool carte::operator==(const carte &other) const {
        2:   24:    return this->get_book_id() == other.get_book_id();
        2:   24-block  0
call    0 returned 2
call    1 returned 2
        -:   25:}
