        -:    0:Source:D:/SEM 2 AN 1/OOP/lab6-7_clion/lab6-7_clion/main.cpp
        -:    0:Graph:D:\SEM 2 AN 1\OOP\lab6-7_clion\lab6-7_clion\cmake-build-debug-coverage\CMakeFiles\lab6_7_clion.dir\main.cpp.gcno
        -:    0:Data:D:\SEM 2 AN 1\OOP\lab6-7_clion\lab6-7_clion\cmake-build-debug-coverage\CMakeFiles\lab6_7_clion.dir\main.cpp.gcda
        -:    0:Runs:1
        -:    1:#include <iostream>
        -:    2:#include "Headers/teste.h"
        -:    3:#include "Headers/repo.h"
        -:    4:#include "Headers/validator.h"
        -:    5:#include "Headers/service_biblioteca.h"
        -:    6:#include "Headers/ui_biblioteca.h"
        -:    7:#include <algorithm>
function main called 1 returned 100% blocks executed 100%
        1:    8:int main() {
        -:    9:    tests tester;
        1:   10:    tester.run_all_tests();
        1:   10-block  0
call    0 returned 1
branch  1 taken 1 (fallthrough)
branch  2 taken 0 (throw)
        1:   11:    std::cout<<"ok boss\n";
        1:   11-block  0
call    0 returned 1
branch  1 taken 1 (fallthrough)
branch  2 taken 0 (throw)
        -:   12:
        1:   13:    repo book_repo;
        -:   14:    validator_carte validator;
        1:   15:    service_biblioteca srv{book_repo, validator};
        1:   15-block  0
call    0 returned 1
        1:   16:    ui_biblioteca service{srv};
call    0 returned 1
        -:   17:    //service.run();
        1:   18:    return 0;
        1:   19:}
call    0 returned 1
