        -:    0:Source:D:/INFO 2/SEM 2/OOP/lab6-7---oop/repository/repo.cpp
        -:    0:Graph:D:\INFO 2\SEM 2\OOP\lab6-7---oop\cmake-build-debug-coverage\CMakeFiles\lab6_7_clion.dir\repository\repo.cpp.gcno
        -:    0:Data:D:\INFO 2\SEM 2\OOP\lab6-7---oop\cmake-build-debug-coverage\CMakeFiles\lab6_7_clion.dir\repository\repo.cpp.gcda
        -:    0:Runs:1
        -:    1://
        -:    2:// Created by obrej on 4/10/2024.
        -:    3://
        -:    4:
        -:    5:#include "../Headers/repo.h"
        -:    6:#include <sstream>
        -:    7:#include <fstream>
        -:    8:#include <vector>
        -:    9:#include <string>
        -:   10:#include <algorithm>
        -:   11:
        -:   12:using std::string;
        -:   13:using std::ostream;
        -:   14:using std::stringstream;
        -:   15:using std::to_string;
        -:   16:using std::vector;
        -:   17:
function _ZN4repo15incrementare_idEv called 74 returned 100% blocks executed 100%
       74:   18:void repo::incrementare_id(){
       74:   19:    this->id += 1;
       74:   20:}
        -:   21:/*
        -:   22: * Returneaza un id pentru cartea pe care dorim sa o adaugam
        -:   23: * Return type: int
        -:   24: */
function _ZNK4repo32get_id_for_next_book_to_be_addedEv called 32 returned 100% blocks executed 100%
       32:   25:const int& repo::get_id_for_next_book_to_be_added() const {
       32:   26:    return this->id;
       32:   26-block  0
        -:   27:}
        -:   28:
function _ZNK4repo25get_reference_from_vectorEv called 2 returned 100% blocks executed 100%
        2:   29:const vector<carte>& repo::get_reference_from_vector() const {
        2:   30:    return carte_vec;
        2:   30-block  0
        -:   31:}
        -:   32:
        -:   33:/*
        -:   34: * Adauga cartea in repo
        -:   35: * Arunca book_repo_exception daca mai exista o cartte cu acelasi Id
        -:   36: */
function _ZN4repo3addERK5carte called 75 returned 99% blocks executed 61%
       75:   37:void repo::add(const carte& obj_carte){
       75:   38:    if(carte_in_repo(obj_carte.get_book_id()))
       75:   38-block  0
call    0 returned 75
branch  1 taken 75 (fallthrough)
branch  2 taken 0 (throw)
       75:   38-block  1
call    3 returned 75
branch  4 taken 75 (fallthrough)
branch  5 taken 0 (throw)
       75:   38-block  2
branch  6 taken 1 (fallthrough)
branch  7 taken 74
    $$$$$:   38-block  3
call    8 never executed
        1:   39:        throw book_repo_exception("Cartea cu id - ul: " + to_string(obj_carte.get_book_id()) + "exista deja");
        1:   39-block  0
call    0 returned 1
call    1 returned 1
branch  2 taken 1 (fallthrough)
branch  3 taken 0 (throw)
        1:   39-block  1
call    4 returned 1
call    5 returned 1
branch  6 taken 1 (fallthrough)
branch  7 taken 0 (throw)
        1:   39-block  2
call    8 returned 1
branch  9 taken 1 (fallthrough)
branch 10 taken 0 (throw)
        1:   39-block  3
call   11 returned 1
branch 12 taken 1 (fallthrough)
branch 13 taken 0 (throw)
        1:   39-block  4
call   14 returned 1
call   15 returned 1
call   16 returned 1
call   17 returned 0
    $$$$$:   39-block  5
call   18 never executed
    $$$$$:   39-block  6
call   19 never executed
    $$$$$:   39-block  7
call   20 never executed
    $$$$$:   39-block  8
    $$$$$:   39-block  9
    $$$$$:   39-block 10
    $$$$$:   39-block 11
call   21 never executed
       74:   40:    this->carte_vec.push_back(obj_carte);
       74:   40-block  0
call    0 returned 74
       74:   41:    this->incrementare_id();
call    0 returned 74
       74:   42:}
        -:   43:
function _ZN4repo10add_pt_cosERK5carte called 14 returned 100% blocks executed 100%
       14:   44:void repo::add_pt_cos(const carte& obj_carte){
       14:   45:    this->carte_vec.push_back(obj_carte);
       14:   45-block  0
call    0 returned 14
       14:   46:}
        -:   47:/*
        -:   48: * Verifica daca cartea cu id ul dat apare in repo
        -:   49: * Return type:
        -:   50: *      true: carta apare in repo
        -:   51: *      false: nu apare in repo
        -:   52: */
function _ZNK4repo13carte_in_repoERKi called 88 returned 100% blocks executed 86%
       88:   53:bool repo::carte_in_repo(const int& id_to_find ) const {
        -:   54:    try {
       88:   55:        find_book_by_id(id_to_find);
       88:   55-block  0
call    0 returned 88
branch  1 taken 11 (fallthrough)
branch  2 taken 77 (throw)
       11:   56:        return true;
       11:   56-block  0
        -:   57:    }
       77:   58:    catch(book_repo_exception&){
       77:   58-block  0
branch  0 taken 0 (fallthrough)
branch  1 taken 77
       77:   58-block  1
call    2 returned 77
       77:   59:        return false;
       77:   60:    }
        -:   61:}
        -:   62:/*
        -:   63: *  Returneaza cartea cu id ul dat sau ridica o exceptie daca nu exista
        -:   64: *
        -:   65: */
function _ZNK4repo15find_book_by_idERKi called 110 returned 27% blocks executed 65%
      110:   66:const carte& repo::find_book_by_id(const int& id) const{
      462:   67:    for(const carte& book : this->carte_vec)
      110:   67-block  0
call    0 returned 110
call    1 returned 110
      382:   67-block  1
call    2 returned 382
      352:   67-block  2
call    3 returned 352
      462:   67-block  3
call    4 returned 462
branch  5 taken 382
branch  6 taken 80 (fallthrough)
      382:   68:        if(book.get_book_id() == id)
call    0 returned 382
branch  1 taken 382 (fallthrough)
branch  2 taken 0 (throw)
      382:   68-block  0
branch  3 taken 30 (fallthrough)
branch  4 taken 352
       30:   69:            return book;
       30:   69-block  0
       30:   69-block  1
       80:   70:    throw book_repo_exception("Book with id: " + to_string(id) + " doesn't exist");
       80:   70-block  0
call    0 returned 80
call    1 returned 80
call    2 returned 80
branch  3 taken 80 (fallthrough)
branch  4 taken 0 (throw)
       80:   70-block  1
call    5 returned 80
branch  6 taken 80 (fallthrough)
branch  7 taken 0 (throw)
       80:   70-block  2
call    8 returned 80
branch  9 taken 80 (fallthrough)
branch 10 taken 0 (throw)
       80:   70-block  3
call   11 returned 80
call   12 returned 80
call   13 returned 80
call   14 returned 0
    $$$$$:   70-block  4
call   15 never executed
    $$$$$:   70-block  5
call   16 never executed
    $$$$$:   70-block  6
call   17 never executed
    $$$$$:   70-block  7
    $$$$$:   70-block  8
    $$$$$:   70-block  9
    $$$$$:   70-block 10
call   18 never executed
        -:   71:}
        -:   72:/*
        -:   73: * Sterge cartea cu id ul dat sau ridica o exceptie daca nu gaseste cartea
        -:   74: *
        -:   75: */
function _ZN4repo11delete_bookERKi called 13 returned 77% blocks executed 59%
       13:   76:void repo::delete_book(const int &id) {
       13:   77:    if(!carte_in_repo(id))
       13:   77-block  0
call    0 returned 13
branch  1 taken 13 (fallthrough)
branch  2 taken 0 (throw)
       13:   77-block  1
branch  3 taken 3 (fallthrough)
branch  4 taken 10
        3:   78:        throw book_repo_exception("Cartea cu id-ul " + to_string(id) + " nu exista!");
        3:   78-block  0
call    0 returned 3
call    1 returned 3
call    2 returned 3
branch  3 taken 3 (fallthrough)
branch  4 taken 0 (throw)
        3:   78-block  1
call    5 returned 3
branch  6 taken 3 (fallthrough)
branch  7 taken 0 (throw)
        3:   78-block  2
call    8 returned 3
branch  9 taken 3 (fallthrough)
branch 10 taken 0 (throw)
        3:   78-block  3
call   11 returned 3
call   12 returned 3
call   13 returned 3
call   14 returned 3
    $$$$$:   78-block  4
call   15 never executed
    $$$$$:   78-block  5
call   16 never executed
    $$$$$:   78-block  6
call   17 never executed
    $$$$$:   78-block  7
    $$$$$:   78-block  8
    $$$$$:   78-block  9
    $$$$$:   78-block 10
call   18 never executed
       10:   79:    auto remove_begin = std::remove_if(carte_vec.begin(), carte_vec.end(),
call    0 returned 10
call    1 returned 10
branch  2 taken 10 (fallthrough)
branch  3 taken 0 (throw)
function _ZZN4repo11delete_bookERKiENKUlRK5carteE_clES4_ called 22 returned 100% blocks executed 100%
       32:   80:                                       [id](const carte& obj_carte) { return obj_carte.get_book_id() == id; });
       10:   80-block  0
call    0 returned 10
       22:   80-block  1
call    1 returned 22
       10:   81:    carte_vec.erase(remove_begin, carte_vec.end());
       10:   81-block  0
call    0 returned 10
call    1 returned 10
call    2 returned 10
call    3 returned 10
branch  4 taken 10 (fallthrough)
branch  5 taken 0 (throw)
    $$$$$:   81-block  1
    $$$$$:   81-block  2
    $$$$$:   81-block  3
       10:   82:}
       10:   82-block  0
        -:   83:/*
        -:   84: * Sterge toate cartile din repo
        -:   85: */
function _ZN4repo12goleste_repoEv called 2 returned 100% blocks executed 100%
        2:   86:void repo::goleste_repo() {
        2:   87:    carte_vec.clear();
        2:   87-block  0
call    0 returned 2
        2:   88:}
        -:   89:
        -:   90:/*
        -:   91: * Modifica cartea cu id ul egal cu cel al cartii care
        -:   92: *
        -:   93: */
function _ZN4repo11modify_bookERK5carte called 5 returned 60% blocks executed 73%
        5:   94:void repo::modify_book(const carte& obj_carte) {
        5:   95:    int book_id = obj_carte.get_book_id();
        5:   95-block  0
call    0 returned 5
        5:   96:    bool found = false;
        -:   97:
       12:   98:    for(carte& book: this->carte_vec)
call    0 returned 5
call    1 returned 5
       10:   98-block  0
call    2 returned 10
        7:   98-block  1
call    3 returned 7
       12:   98-block  2
call    4 returned 12
branch  5 taken 10
branch  6 taken 2 (fallthrough)
       10:   99:        if(book.get_book_id() == obj_carte.get_book_id()){
call    0 returned 10
branch  1 taken 10 (fallthrough)
branch  2 taken 0 (throw)
       10:   99-block  0
call    3 returned 10
branch  4 taken 10 (fallthrough)
branch  5 taken 0 (throw)
       10:   99-block  1
branch  6 taken 3 (fallthrough)
branch  7 taken 7
        3:  100:            book = obj_carte;
        3:  100-block  0
call    0 returned 3
branch  1 taken 3 (fallthrough)
branch  2 taken 0 (throw)
        3:  101:            found = true;
        3:  102:            break;
        3:  102-block  0
        -:  103:        }
        -:  104:
        5:  105:    if(!found) {
        5:  105-block  0
branch  0 taken 2 (fallthrough)
branch  1 taken 3
        2:  106:        throw book_repo_exception("Doesn't exist book with id: " + to_string(book_id));
        2:  106-block  0
call    0 returned 2
call    1 returned 2
call    2 returned 2
branch  3 taken 2 (fallthrough)
branch  4 taken 0 (throw)
        2:  106-block  1
call    5 returned 2
branch  6 taken 2 (fallthrough)
branch  7 taken 0 (throw)
        2:  106-block  2
call    8 returned 2
call    9 returned 2
call   10 returned 0
    $$$$$:  106-block  3
call   11 never executed
    $$$$$:  106-block  4
call   12 never executed
    $$$$$:  106-block  5
    $$$$$:  106-block  6
    $$$$$:  106-block  7
call   13 never executed
        -:  107:    }
        3:  108:}
        3:  108-block  0
        -:  109:
function _ZNK4repo7get_allEv called 35 returned 100% blocks executed 100%
       35:  110:const vector<carte>& repo::get_all() const noexcept{
       35:  111:    return carte_vec;
       35:  111-block  0
        -:  112:}
        -:  113:
function _ZlsRSoRK19book_repo_exception called 5 returned 100% blocks executed 100%
        5:  114:ostream& operator<<(ostream& out, const book_repo_exception& ex){
        5:  115:    out << ex.msg;
        5:  115-block  0
call    0 returned 5
        5:  116:    return out;
        -:  117:}
        -:  118:
        -:  119:// urmeaza cele trei functii de camparare a doua carti
        -:  120:
        -:  121:// comparare dupa titlu
function _ZN4repo13sort_by_titleERK5carteS2_ called 8 returned 100% blocks executed 71%
        8:  122:bool repo::sort_by_title(const carte &book1, const carte &book2) {
        8:  123:    return book1.get_title() < book2.get_title();
        8:  123-block  0
call    0 returned 8
call    1 returned 8
branch  2 taken 8 (fallthrough)
branch  3 taken 0 (throw)
        8:  123-block  1
call    4 returned 8
branch  5 taken 8 (fallthrough)
branch  6 taken 0 (throw)
        8:  123-block  2
call    7 returned 8
call    8 returned 8
call    9 returned 8
call   10 returned 8
        8:  123-block  3
    $$$$$:  123-block  4
    $$$$$:  123-block  5
call   11 never executed
    $$$$$:  123-block  6
        -:  124:}
        -:  125:
        -:  126:// comparare dupa autor
function _ZN4repo14sort_by_authorERK5carteS2_ called 4 returned 100% blocks executed 71%
        4:  127:bool repo::sort_by_author(const carte &book1, const carte &book2) {
        4:  128:    return book1.get_author() < book2.get_author();
        4:  128-block  0
call    0 returned 4
call    1 returned 4
branch  2 taken 4 (fallthrough)
branch  3 taken 0 (throw)
        4:  128-block  1
call    4 returned 4
branch  5 taken 4 (fallthrough)
branch  6 taken 0 (throw)
        4:  128-block  2
call    7 returned 4
call    8 returned 4
call    9 returned 4
call   10 returned 4
        4:  128-block  3
    $$$$$:  128-block  4
    $$$$$:  128-block  5
call   11 never executed
    $$$$$:  128-block  6
        -:  129:}
        -:  130:
        -:  131://comaparare dupa an si gen
function _ZN4repo32sort_by_publication_year_and_genERK5carteS2_ called 9 returned 100% blocks executed 82%
        9:  132:bool repo::sort_by_publication_year_and_gen(const carte &book1, const carte &book2) {
        9:  133:    if(book1.get_publication_year()< book2.get_publication_year())
        9:  133-block  0
call    0 returned 9
call    1 returned 9
branch  2 taken 2 (fallthrough)
branch  3 taken 7
        2:  134:        return true;
        2:  134-block  0
        7:  135:    else if(book1.get_publication_year() == book2.get_publication_year())
        7:  135-block  0
call    0 returned 7
call    1 returned 7
branch  2 taken 1 (fallthrough)
branch  3 taken 6
        1:  136:        return book1.get_genre() < book2.get_genre();
        1:  136-block  0
call    0 returned 1
call    1 returned 1
branch  2 taken 1 (fallthrough)
branch  3 taken 0 (throw)
        1:  136-block  1
call    4 returned 1
branch  5 taken 1 (fallthrough)
branch  6 taken 0 (throw)
        1:  136-block  2
call    7 returned 1
call    8 returned 1
call    9 returned 1
call   10 returned 1
    $$$$$:  136-block  3
    $$$$$:  136-block  4
call   11 never executed
    $$$$$:  136-block  5
        6:  137:    return false;
        6:  137-block  0
        -:  138:}
        -:  139:
function _ZN9repo_file13write_to_fileEv called 0 returned 0% blocks executed 0%
    #####:  140:void repo_file::write_to_file() {
    #####:  141:    std::ofstream cout(filename);
    %%%%%:  141-block  0
call    0 never executed
branch  1 never executed (fallthrough)
branch  2 never executed (throw)
    #####:  142:    if(!cout.is_open())
    %%%%%:  142-block  0
call    0 never executed
branch  1 never executed (fallthrough)
branch  2 never executed
    #####:  143:        throw book_repo_exception("Nu s-a deschis fisierul pentru scriere");
    %%%%%:  143-block  0
call    0 never executed
    %%%%%:  143-block  1
call    1 never executed
branch  2 never executed (fallthrough)
branch  3 never executed (throw)
    %%%%%:  143-block  2
call    4 never executed
branch  5 never executed (fallthrough)
branch  6 never executed (throw)
    %%%%%:  143-block  3
call    7 never executed
    %%%%%:  143-block  4
call    8 never executed
    $$$$$:  143-block  5
call    9 never executed
    $$$$$:  143-block  6
    $$$$$:  143-block  7
    $$$$$:  143-block  8
call   10 never executed
        -:  144:
    #####:  145:    for(const carte& book : get_all()){
    %%%%%:  145-block  0
call    0 never executed
call    1 never executed
call    2 never executed
    %%%%%:  145-block  1
call    3 never executed
    %%%%%:  145-block  2
call    4 never executed
branch  5 never executed
branch  6 never executed (fallthrough)
    #####:  146:        cout<<book.get_book_id()<<";"<<book.get_author()<<";"<<book.get_title()<<";"<<book.get_genre()<<";"<<book.get_publication_year()<<'\n';
call    0 never executed
branch  1 never executed (fallthrough)
branch  2 never executed (throw)
    %%%%%:  146-block  0
call    3 never executed
branch  4 never executed (fallthrough)
branch  5 never executed (throw)
    %%%%%:  146-block  1
call    6 never executed
branch  7 never executed (fallthrough)
branch  8 never executed (throw)
    %%%%%:  146-block  2
call    9 never executed
branch 10 never executed (fallthrough)
branch 11 never executed (throw)
    %%%%%:  146-block  3
call   12 never executed
branch 13 never executed (fallthrough)
branch 14 never executed (throw)
    %%%%%:  146-block  4
call   15 never executed
branch 16 never executed (fallthrough)
branch 17 never executed (throw)
    %%%%%:  146-block  5
call   18 never executed
branch 19 never executed (fallthrough)
branch 20 never executed (throw)
    %%%%%:  146-block  6
call   21 never executed
branch 22 never executed (fallthrough)
branch 23 never executed (throw)
    %%%%%:  146-block  7
call   24 never executed
branch 25 never executed (fallthrough)
branch 26 never executed (throw)
    %%%%%:  146-block  8
call   27 never executed
branch 28 never executed (fallthrough)
branch 29 never executed (throw)
    %%%%%:  146-block  9
call   30 never executed
branch 31 never executed (fallthrough)
branch 32 never executed (throw)
    %%%%%:  146-block 10
call   33 never executed
branch 34 never executed (fallthrough)
branch 35 never executed (throw)
    %%%%%:  146-block 11
call   36 never executed
branch 37 never executed (fallthrough)
branch 38 never executed (throw)
    %%%%%:  146-block 12
call   39 never executed
branch 40 never executed (fallthrough)
branch 41 never executed (throw)
    %%%%%:  146-block 13
call   42 never executed
branch 43 never executed (fallthrough)
branch 44 never executed (throw)
    %%%%%:  146-block 14
call   45 never executed
call   46 never executed
call   47 never executed
call   48 never executed
    $$$$$:  146-block 15
call   49 never executed
    $$$$$:  146-block 16
    $$$$$:  146-block 17
call   50 never executed
    $$$$$:  146-block 18
    $$$$$:  146-block 19
call   51 never executed
    $$$$$:  146-block 20
        -:  147:    }
        -:  148:
    #####:  149:    cout.close();
    %%%%%:  149-block  0
call    0 never executed
branch  1 never executed (fallthrough)
branch  2 never executed (throw)
    #####:  150:}
    %%%%%:  150-block  0
call    0 never executed
    $$$$$:  150-block  1
call    1 never executed
        -:  151:
function _ZN9repo_file14load_from_fileEv called 0 returned 0% blocks executed 0%
    #####:  152:void repo_file::load_from_file() {
    #####:  153:    std::ifstream cin(filename);
    %%%%%:  153-block  0
call    0 never executed
branch  1 never executed (fallthrough)
branch  2 never executed (throw)
    #####:  154:    if(!cin.is_open())
    %%%%%:  154-block  0
call    0 never executed
branch  1 never executed (fallthrough)
branch  2 never executed
    #####:  155:        throw book_repo_exception("Nu s-a deschis fisierul pentru citire");
    %%%%%:  155-block  0
call    0 never executed
    %%%%%:  155-block  1
call    1 never executed
branch  2 never executed (fallthrough)
branch  3 never executed (throw)
    %%%%%:  155-block  2
call    4 never executed
branch  5 never executed (fallthrough)
branch  6 never executed (throw)
    %%%%%:  155-block  3
call    7 never executed
    %%%%%:  155-block  4
call    8 never executed
    $$$$$:  155-block  5
call    9 never executed
    $$$$$:  155-block  6
    $$$$$:  155-block  7
    $$$$$:  155-block  8
call   10 never executed
    #####:  156:    while(!cin.eof()){
    %%%%%:  156-block  0
    %%%%%:  156-block  1
call    0 never executed
branch  1 never executed (fallthrough)
branch  2 never executed (throw)
    %%%%%:  156-block  2
branch  3 never executed
branch  4 never executed (fallthrough)
    #####:  157:        string linie;
    %%%%%:  157-block  0
call    0 never executed
    #####:  158:        getline(cin,linie);
call    0 never executed
branch  1 never executed (fallthrough)
branch  2 never executed (throw)
        -:  159:
    #####:  160:        std::vector<std::string> tokens;
    #####:  161:        std::istringstream iss(linie);
    %%%%%:  161-block  0
call    0 never executed
branch  1 never executed (fallthrough)
branch  2 never executed (throw)
    #####:  162:        std::string token;
    %%%%%:  162-block  0
call    0 never executed
        -:  163:
    #####:  164:        while (std::getline(iss, token, ';')) {
    %%%%%:  164-block  0
call    0 never executed
branch  1 never executed (fallthrough)
branch  2 never executed (throw)
    %%%%%:  164-block  1
call    3 never executed
branch  4 never executed (fallthrough)
branch  5 never executed (throw)
    %%%%%:  164-block  2
branch  6 never executed
branch  7 never executed (fallthrough)
    #####:  165:            tokens.push_back(token);
    %%%%%:  165-block  0
call    0 never executed
branch  1 never executed (fallthrough)
branch  2 never executed (throw)
        -:  166:        }
        -:  167:
    #####:  168:        if(tokens.size() >= 6)
    %%%%%:  168-block  0
call    0 never executed
branch  1 never executed (fallthrough)
branch  2 never executed
    #####:  169:            throw book_repo_exception("Fisierul in care se stocheaza cartile contile o line cu mai mult de 5 date");
    %%%%%:  169-block  0
call    0 never executed
    %%%%%:  169-block  1
call    1 never executed
branch  2 never executed (fallthrough)
branch  3 never executed (throw)
    %%%%%:  169-block  2
call    4 never executed
branch  5 never executed (fallthrough)
branch  6 never executed (throw)
    %%%%%:  169-block  3
call    7 never executed
    %%%%%:  169-block  4
call    8 never executed
    $$$$$:  169-block  5
call    9 never executed
    $$$$$:  169-block  6
    $$$$$:  169-block  7
    $$$$$:  169-block  8
call   10 never executed
        -:  170:        // Print the tokens
    #####:  171:        int id = std::stoi(tokens[0]);
    %%%%%:  171-block  0
call    0 never executed
call    1 never executed
branch  2 never executed (fallthrough)
branch  3 never executed (throw)
    #####:  172:        string autor = tokens[1];
    %%%%%:  172-block  0
call    0 never executed
call    1 never executed
branch  2 never executed (fallthrough)
branch  3 never executed (throw)
    #####:  173:        string titlu = tokens[2];
    %%%%%:  173-block  0
call    0 never executed
call    1 never executed
branch  2 never executed (fallthrough)
branch  3 never executed (throw)
    #####:  174:        string gen = tokens[3];
    %%%%%:  174-block  0
call    0 never executed
call    1 never executed
branch  2 never executed (fallthrough)
branch  3 never executed (throw)
    #####:  175:        int an = std::stoi(tokens[4]);
    %%%%%:  175-block  0
call    0 never executed
call    1 never executed
branch  2 never executed (fallthrough)
branch  3 never executed (throw)
        -:  176:
    #####:  177:        carte book{autor, titlu, gen, an, id};
    %%%%%:  177-block  0
call    0 never executed
branch  1 never executed (fallthrough)
branch  2 never executed (throw)
    %%%%%:  177-block  1
call    3 never executed
branch  4 never executed (fallthrough)
branch  5 never executed (throw)
    %%%%%:  177-block  2
call    6 never executed
branch  7 never executed (fallthrough)
branch  8 never executed (throw)
    %%%%%:  177-block  3
call    9 never executed
branch 10 never executed (fallthrough)
branch 11 never executed (throw)
    %%%%%:  177-block  4
call   12 never executed
call   13 never executed
call   14 never executed
    $$$$$:  177-block  5
call   15 never executed
    $$$$$:  177-block  6
    $$$$$:  177-block  7
call   16 never executed
    $$$$$:  177-block  8
    $$$$$:  177-block  9
call   17 never executed
    $$$$$:  177-block 10
    #####:  178:        repo::add(book);
call    0 never executed
branch  1 never executed (fallthrough)
branch  2 never executed (throw)
    #####:  179:    }
    %%%%%:  179-block  0
call    0 never executed
call    1 never executed
call    2 never executed
call    3 never executed
call    4 never executed
call    5 never executed
call    6 never executed
call    7 never executed
    $$$$$:  179-block  1
call    8 never executed
    $$$$$:  179-block  2
call    9 never executed
    $$$$$:  179-block  3
call   10 never executed
    $$$$$:  179-block  4
call   11 never executed
    $$$$$:  179-block  5
call   12 never executed
    $$$$$:  179-block  6
call   13 never executed
    $$$$$:  179-block  7
call   14 never executed
    $$$$$:  179-block  8
call   15 never executed
    #####:  180:    cin.close();
    %%%%%:  180-block  0
call    0 never executed
branch  1 never executed (fallthrough)
branch  2 never executed (throw)
    #####:  181:}
    %%%%%:  181-block  0
call    0 never executed
    $$$$$:  181-block  1
call    1 never executed
