        -:    0:Source:D:/INFO 2/SEM 2/oop_lab_6_9/Headers/carte.h
        -:    0:Graph:D:\INFO 2\SEM 2\oop_lab_6_9\cmake-build-debug-coverage\CMakeFiles\lab6_7_clion.dir\repository\repo.cpp.gcno
        -:    0:Data:D:\INFO 2\SEM 2\oop_lab_6_9\cmake-build-debug-coverage\CMakeFiles\lab6_7_clion.dir\repository\repo.cpp.gcda
        -:    0:Runs:1
        -:    1://
        -:    2:// Created by obrej on 4/10/2024.
        -:    3://
        -:    4:
        -:    5:
        -:    6:#ifndef LAB6_7_CLION_CARTE_H
        -:    7:#define LAB6_7_CLION_CARTE_H
        -:    8:
        -:    9:#include <string>
        -:   10:#include <vector>
        -:   11:#include <ostream>
        -:   12:#include <iostream>
        -:   13:
        -:   14:using std::vector;
        -:   15:using std::string;
        -:   16:using std::ostream;
        -:   17:
        -:   18:class carte
        -:   19:{
        -:   20:private:
        -:   21:    string author,
        -:   22:            title,
        -:   23:            genre;
        -:   24:    int publication_year,
        -:   25:            book_id;
        -:   26:
        -:   27:public:
function _ZN5carteC1Ev called 8 returned 100% blocks executed 100%
        8:   28:    carte() = default;
        8:   28-block  0
call    0 returned 8
call    1 returned 8
call    2 returned 8
        -:   29:
function _ZN5carteC1ENSt7__cxx1112basic_stringIcSt11char_traitsIcESaIcEEES5_S5_ii called 103 returned 100% blocks executed 62%
      103:   30:    carte(const string author, const string title, const string genre, const int year, const int id)
      103:   31:            :author{ author }, title{ title }, genre{ genre }, publication_year{ year }, book_id{ id }{}
      103:   31-block  0
call    0 returned 103
call    1 returned 103
branch  2 taken 103 (fallthrough)
branch  3 taken 0 (throw)
      103:   31-block  1
call    4 returned 103
branch  5 taken 103 (fallthrough)
branch  6 taken 0 (throw)
      103:   31-block  2
    $$$$$:   31-block  3
call    7 never executed
    $$$$$:   31-block  4
call    8 never executed
function _ZN5carteC1ERKS_ called 258 returned 100% blocks executed 55%
      258:   32:    carte(const carte& ceva): author{ceva.author}, title{ceva.title}, genre{ceva.genre}, book_id{ceva.book_id}, publication_year{ceva.publication_year}{
      258:   32-block  0
call    0 returned 258
call    1 returned 258
branch  2 taken 258 (fallthrough)
branch  3 taken 0 (throw)
      258:   32-block  1
call    4 returned 258
branch  5 taken 258 (fallthrough)
branch  6 taken 0 (throw)
      258:   33:            std::cout<<"hi\n";
      258:   33-block  0
call    0 returned 258
branch  1 taken 258 (fallthrough)
branch  2 taken 0 (throw)
      258:   34:    }
      258:   34-block  0
    $$$$$:   34-block  1
call    0 never executed
    $$$$$:   34-block  2
call    1 never executed
    $$$$$:   34-block  3
call    2 never executed
        -:   35:
        -:   36:    bool operator==(const carte& other) const;
        -:   37:
        -:   38:    string get_author() const;
        -:   39:    string get_title() const;
        -:   40:    string get_genre() const;
        -:   41:    int get_publication_year() const;
        -:   42:    int get_book_id() const;
        -:   43:
        -:   44:};
        -:   45:
        -:   46:class DTO_carte{
        -:   47:public:
        -:   48:    string genre;
        -:   49:    int numar_entitati;
        -:   50:
        -:   51:    DTO_carte() = default;
        -:   52:    DTO_carte(const string& gen, int nr_entitati): genre{gen}, numar_entitati{nr_entitati}{};
        -:   53:
        -:   54:};
        -:   55:
        -:   56:#endif
