        -:    0:Source:/mnt/d/INFO 2/SEM 2/OOP/lab6-7---oop/Headers/carte.h
        -:    0:Graph:/mnt/d/INFO 2/SEM 2/OOP/lab6-7---oop/cmake-build-debug-coverage/CMakeFiles/lab6_7_clion.dir/service/service_biblioteca.cpp.gcno
        -:    0:Data:/mnt/d/INFO 2/SEM 2/OOP/lab6-7---oop/cmake-build-debug-coverage/CMakeFiles/lab6_7_clion.dir/service/service_biblioteca.cpp.gcda
        -:    0:Runs:1
        -:    1://
        -:    2:// Created by obrej on 4/10/2024.
        -:    3://
        -:    4:
        -:    5:
        -:    6:#ifndef LAB6_7_CLION_CARTE_H
        -:    7:#define LAB6_7_CLION_CARTE_H
        -:    8:
        -:    9:#include <string>
        -:   10:#include <vector>
        -:   11:#include <ostream>
        -:   12:#include <iostream>
        -:   13:
        -:   14:using std::vector;
        -:   15:using std::string;
        -:   16:using std::ostream;
        -:   17:
        -:   18:class carte
        -:   19:{
        -:   20:private:
        -:   21:    string author,
        -:   22:            title,
        -:   23:            genre;
        -:   24:    int publication_year,
        -:   25:            book_id;
        -:   26:
        -:   27:public:
        -:   28:    carte() = default;
        -:   29:
function _ZN5carteC2ENSt7__cxx1112basic_stringIcSt11char_traitsIcESaIcEEES5_S5_ii called 71 returned 100% blocks executed 62%
       71:   30:    carte(const string author, const string title, const string genre, const int year, const int id)
       71:   31:            :author{ author }, title{ title }, genre{ genre }, publication_year{ year }, book_id{ id }{}
       71:   31-block  0
call    0 returned 71
call    1 returned 71
branch  2 taken 71 (fallthrough)
branch  3 taken 0 (throw)
       71:   31-block  1
call    4 returned 71
branch  5 taken 71 (fallthrough)
branch  6 taken 0 (throw)
       71:   31-block  2
    $$$$$:   31-block  3
call    7 never executed
    $$$$$:   31-block  4
call    8 never executed
function _ZN5carteC2ERKS_ called 0 returned 0% blocks executed 0%
    #####:   32:    carte(const carte& ceva): author{ceva.author}, title{ceva.title}, genre{ceva.genre}, book_id{ceva.book_id}, publication_year{ceva.publication_year}{
    %%%%%:   32-block  0
call    0 never executed
call    1 never executed
branch  2 never executed
branch  3 never executed
    %%%%%:   32-block  1
call    4 never executed
branch  5 never executed
branch  6 never executed
        -:   33:            //std::cout<<"hi\n";
    #####:   34:    }
    %%%%%:   34-block  0
    $$$$$:   34-block  1
call    0 never executed
    $$$$$:   34-block  2
call    1 never executed
        -:   35:
        -:   36:    bool operator==(const carte& other) const;
        -:   37:
        -:   38:    string get_author() const;
        -:   39:    string get_title() const;
        -:   40:    string get_genre() const;
        -:   41:    int get_publication_year() const;
        -:   42:    int get_book_id() const;
        -:   43:
        -:   44:};
        -:   45:
        -:   46:#endif
