        -:    0:Source:D:/INFO 2/SEM 2/OOP/lab6-7---oop/teste/test_domain.cpp
        -:    0:Graph:D:\INFO 2\SEM 2\OOP\lab6-7---oop\cmake-build-debug-coverage\CMakeFiles\lab6_7_clion.dir\teste\test_domain.cpp.gcno
        -:    0:Data:D:\INFO 2\SEM 2\OOP\lab6-7---oop\cmake-build-debug-coverage\CMakeFiles\lab6_7_clion.dir\teste\test_domain.cpp.gcda
        -:    0:Runs:1
        -:    1://
        -:    2:// Created by obrej on 4/11/2024.
        -:    3://
        -:    4:#include <cassert>
        -:    5:#include "../Headers/teste.h"
        -:    6:#include "../Headers/carte.h"
        -:    7:
function _ZN11test_domain16run_domain_testsEv called 1 returned 100% blocks executed 100%
        1:    8:void test_domain::run_domain_tests() {
        1:    9:    test_get_author();
        1:    9-block  0
call    0 returned 1
        1:   10:    test_get_title();
call    0 returned 1
        1:   11:    test_get_genre();
call    0 returned 1
        1:   12:    test_get_publication_year();
call    0 returned 1
        1:   13:    test_get_book_id();
call    0 returned 1
        1:   14:    test_equal();
call    0 returned 1
        1:   15:}
function _ZN11test_domain15test_get_authorEv called 1 returned 100% blocks executed 50%
        1:   16:void test_domain::test_get_author() {
        1:   16-block  0
        5:   17:    carte book1 = carte("Luis", "Jupanii", "Epic", 1842, 0);
        1:   17-block  0
call    0 returned 1
branch  1 taken 1 (fallthrough)
branch  2 taken 0 (throw)
        1:   17-block  1
call    3 returned 1
branch  4 taken 1 (fallthrough)
branch  5 taken 0 (throw)
        1:   17-block  2
call    6 returned 1
branch  7 taken 1 (fallthrough)
branch  8 taken 0 (throw)
        1:   17-block  3
call    9 returned 1
branch 10 taken 1 (fallthrough)
branch 11 taken 0 (throw)
        1:   17-block  4
call   12 returned 1
        1:   17-block  5
call   13 returned 1
        1:   17-block  6
call   14 returned 1
    $$$$$:   17-block  7
call   15 never executed
    $$$$$:   17-block  8
    $$$$$:   17-block  9
    $$$$$:   17-block 10
call   16 never executed
    $$$$$:   17-block 11
    $$$$$:   17-block 12
    $$$$$:   17-block 13
call   17 never executed
    $$$$$:   17-block 14
    $$$$$:   17-block 15
       1*:   18:    assert(book1.get_author() == "Luis");
        1:   18-block  0
call    0 returned 1
branch  1 taken 1 (fallthrough)
branch  2 taken 0 (throw)
        1:   18-block  1
call    3 returned 1
branch  4 taken 1 (fallthrough)
branch  5 taken 0 (throw)
        1:   18-block  2
branch  6 taken 0 (fallthrough)
branch  7 taken 1
    %%%%%:   18-block  3
call    8 never executed
        1:   18-block  4
        1:   18-block  5
branch  9 taken 1 (fallthrough)
branch 10 taken 0
        1:   18-block  6
call   11 returned 1
    $$$$$:   18-block  7
branch 12 never executed (fallthrough)
branch 13 never executed
    $$$$$:   18-block  8
call   14 never executed
    $$$$$:   18-block  9
        1:   19:}
        1:   19-block  0
call    0 returned 1
    $$$$$:   19-block  1
call    1 never executed
        -:   20:
function _ZN11test_domain14test_get_titleEv called 1 returned 100% blocks executed 50%
        1:   21:void test_domain::test_get_title() {
        1:   21-block  0
        5:   22:    carte book1 = carte("Luis", "Jupanii", "Epic", 1842, 0);
        1:   22-block  0
call    0 returned 1
branch  1 taken 1 (fallthrough)
branch  2 taken 0 (throw)
        1:   22-block  1
call    3 returned 1
branch  4 taken 1 (fallthrough)
branch  5 taken 0 (throw)
        1:   22-block  2
call    6 returned 1
branch  7 taken 1 (fallthrough)
branch  8 taken 0 (throw)
        1:   22-block  3
call    9 returned 1
branch 10 taken 1 (fallthrough)
branch 11 taken 0 (throw)
        1:   22-block  4
call   12 returned 1
        1:   22-block  5
call   13 returned 1
        1:   22-block  6
call   14 returned 1
    $$$$$:   22-block  7
call   15 never executed
    $$$$$:   22-block  8
    $$$$$:   22-block  9
    $$$$$:   22-block 10
call   16 never executed
    $$$$$:   22-block 11
    $$$$$:   22-block 12
    $$$$$:   22-block 13
call   17 never executed
    $$$$$:   22-block 14
    $$$$$:   22-block 15
       1*:   23:    assert(book1.get_title() == "Jupanii");
        1:   23-block  0
call    0 returned 1
branch  1 taken 1 (fallthrough)
branch  2 taken 0 (throw)
        1:   23-block  1
call    3 returned 1
branch  4 taken 1 (fallthrough)
branch  5 taken 0 (throw)
        1:   23-block  2
branch  6 taken 0 (fallthrough)
branch  7 taken 1
    %%%%%:   23-block  3
call    8 never executed
        1:   23-block  4
        1:   23-block  5
branch  9 taken 1 (fallthrough)
branch 10 taken 0
        1:   23-block  6
call   11 returned 1
    $$$$$:   23-block  7
branch 12 never executed (fallthrough)
branch 13 never executed
    $$$$$:   23-block  8
call   14 never executed
    $$$$$:   23-block  9
        1:   24:}
        1:   24-block  0
call    0 returned 1
    $$$$$:   24-block  1
call    1 never executed
        -:   25:
function _ZN11test_domain16test_get_book_idEv called 1 returned 100% blocks executed 51%
        1:   26:void test_domain::test_get_book_id() {
        1:   26-block  0
        5:   27:    carte book1 = carte("Luis", "Jupanii", "Epic", 1842, 0);
        1:   27-block  0
call    0 returned 1
branch  1 taken 1 (fallthrough)
branch  2 taken 0 (throw)
        1:   27-block  1
call    3 returned 1
branch  4 taken 1 (fallthrough)
branch  5 taken 0 (throw)
        1:   27-block  2
call    6 returned 1
branch  7 taken 1 (fallthrough)
branch  8 taken 0 (throw)
        1:   27-block  3
call    9 returned 1
branch 10 taken 1 (fallthrough)
branch 11 taken 0 (throw)
        1:   27-block  4
call   12 returned 1
        1:   27-block  5
call   13 returned 1
        1:   27-block  6
call   14 returned 1
    $$$$$:   27-block  7
call   15 never executed
    $$$$$:   27-block  8
    $$$$$:   27-block  9
    $$$$$:   27-block 10
call   16 never executed
    $$$$$:   27-block 11
    $$$$$:   27-block 12
    $$$$$:   27-block 13
call   17 never executed
    $$$$$:   27-block 14
    $$$$$:   27-block 15
       1*:   28:    assert(book1.get_book_id() == 0);
        1:   28-block  0
call    0 returned 1
branch  1 taken 1 (fallthrough)
branch  2 taken 0 (throw)
        1:   28-block  1
branch  3 taken 0 (fallthrough)
branch  4 taken 1
    %%%%%:   28-block  2
call    5 never executed
        1:   28-block  3
        1:   29:}
        1:   29-block  0
call    0 returned 1
    $$$$$:   29-block  1
call    1 never executed
        -:   30:
function _ZN11test_domain14test_get_genreEv called 1 returned 100% blocks executed 50%
        1:   31:void test_domain::test_get_genre() {
        1:   31-block  0
        5:   32:    carte book1 = carte("Luis", "Jupanii", "Epic", 1842, 0);
        1:   32-block  0
call    0 returned 1
branch  1 taken 1 (fallthrough)
branch  2 taken 0 (throw)
        1:   32-block  1
call    3 returned 1
branch  4 taken 1 (fallthrough)
branch  5 taken 0 (throw)
        1:   32-block  2
call    6 returned 1
branch  7 taken 1 (fallthrough)
branch  8 taken 0 (throw)
        1:   32-block  3
call    9 returned 1
branch 10 taken 1 (fallthrough)
branch 11 taken 0 (throw)
        1:   32-block  4
call   12 returned 1
        1:   32-block  5
call   13 returned 1
        1:   32-block  6
call   14 returned 1
    $$$$$:   32-block  7
call   15 never executed
    $$$$$:   32-block  8
    $$$$$:   32-block  9
    $$$$$:   32-block 10
call   16 never executed
    $$$$$:   32-block 11
    $$$$$:   32-block 12
    $$$$$:   32-block 13
call   17 never executed
    $$$$$:   32-block 14
    $$$$$:   32-block 15
       1*:   33:    assert(book1.get_genre() == "Epic");
        1:   33-block  0
call    0 returned 1
branch  1 taken 1 (fallthrough)
branch  2 taken 0 (throw)
        1:   33-block  1
call    3 returned 1
branch  4 taken 1 (fallthrough)
branch  5 taken 0 (throw)
        1:   33-block  2
branch  6 taken 0 (fallthrough)
branch  7 taken 1
    %%%%%:   33-block  3
call    8 never executed
        1:   33-block  4
        1:   33-block  5
branch  9 taken 1 (fallthrough)
branch 10 taken 0
        1:   33-block  6
call   11 returned 1
    $$$$$:   33-block  7
branch 12 never executed (fallthrough)
branch 13 never executed
    $$$$$:   33-block  8
call   14 never executed
    $$$$$:   33-block  9
        1:   34:}
        1:   34-block  0
call    0 returned 1
    $$$$$:   34-block  1
call    1 never executed
        -:   35:
function _ZN11test_domain25test_get_publication_yearEv called 1 returned 100% blocks executed 51%
        1:   36:void test_domain::test_get_publication_year() {
        1:   36-block  0
        5:   37:    carte book1 = carte("Luis", "Jupanii", "Epic", 1842, 0);
        1:   37-block  0
call    0 returned 1
branch  1 taken 1 (fallthrough)
branch  2 taken 0 (throw)
        1:   37-block  1
call    3 returned 1
branch  4 taken 1 (fallthrough)
branch  5 taken 0 (throw)
        1:   37-block  2
call    6 returned 1
branch  7 taken 1 (fallthrough)
branch  8 taken 0 (throw)
        1:   37-block  3
call    9 returned 1
branch 10 taken 1 (fallthrough)
branch 11 taken 0 (throw)
        1:   37-block  4
call   12 returned 1
        1:   37-block  5
call   13 returned 1
        1:   37-block  6
call   14 returned 1
    $$$$$:   37-block  7
call   15 never executed
    $$$$$:   37-block  8
    $$$$$:   37-block  9
    $$$$$:   37-block 10
call   16 never executed
    $$$$$:   37-block 11
    $$$$$:   37-block 12
    $$$$$:   37-block 13
call   17 never executed
    $$$$$:   37-block 14
    $$$$$:   37-block 15
       1*:   38:    assert(book1.get_publication_year() == 1842);
        1:   38-block  0
call    0 returned 1
branch  1 taken 1 (fallthrough)
branch  2 taken 0 (throw)
        1:   38-block  1
branch  3 taken 0 (fallthrough)
branch  4 taken 1
    %%%%%:   38-block  2
call    5 never executed
        1:   38-block  3
        1:   39:}
        1:   39-block  0
call    0 returned 1
    $$$$$:   39-block  1
call    1 never executed
        -:   40:
function _ZN11test_domain10test_equalEv called 1 returned 100% blocks executed 49%
        1:   41:void test_domain::test_equal(){
        1:   41-block  0
        6:   42:    carte book1 = carte("Luis", "Jupanii", "Epic", 1842, 0);
        1:   42-block  0
call    0 returned 1
branch  1 taken 1 (fallthrough)
branch  2 taken 0 (throw)
        1:   42-block  1
call    3 returned 1
branch  4 taken 1 (fallthrough)
branch  5 taken 0 (throw)
        1:   42-block  2
call    6 returned 1
branch  7 taken 1 (fallthrough)
branch  8 taken 0 (throw)
        1:   42-block  3
call    9 returned 1
branch 10 taken 1 (fallthrough)
branch 11 taken 0 (throw)
        1:   42-block  4
call   12 returned 1
        1:   42-block  5
call   13 returned 1
        1:   42-block  6
call   14 returned 1
        1:   42-block  7
    $$$$$:   42-block  8
call   15 never executed
    $$$$$:   42-block  9
    $$$$$:   42-block 10
    $$$$$:   42-block 11
call   16 never executed
    $$$$$:   42-block 12
    $$$$$:   42-block 13
    $$$$$:   42-block 14
call   17 never executed
    $$$$$:   42-block 15
    $$$$$:   42-block 16
        5:   43:    carte book2 = carte("Luis", "Jupanii", "Epic", 1842, 0);
        1:   43-block  0
call    0 returned 1
branch  1 taken 1 (fallthrough)
branch  2 taken 0 (throw)
        1:   43-block  1
call    3 returned 1
branch  4 taken 1 (fallthrough)
branch  5 taken 0 (throw)
        1:   43-block  2
call    6 returned 1
branch  7 taken 1 (fallthrough)
branch  8 taken 0 (throw)
        1:   43-block  3
call    9 returned 1
branch 10 taken 1 (fallthrough)
branch 11 taken 0 (throw)
        1:   43-block  4
call   12 returned 1
        1:   43-block  5
call   13 returned 1
        1:   43-block  6
call   14 returned 1
    $$$$$:   43-block  7
call   15 never executed
    $$$$$:   43-block  8
    $$$$$:   43-block  9
    $$$$$:   43-block 10
call   16 never executed
    $$$$$:   43-block 11
    $$$$$:   43-block 12
    $$$$$:   43-block 13
call   17 never executed
    $$$$$:   43-block 14
    $$$$$:   43-block 15
       1*:   44:    assert(book1 == book2);
        1:   44-block  0
call    0 returned 1
branch  1 taken 1 (fallthrough)
branch  2 taken 0 (throw)
        1:   44-block  1
branch  3 taken 0 (fallthrough)
branch  4 taken 1
    %%%%%:   44-block  2
call    5 never executed
        1:   44-block  3
        1:   45:}
        1:   45-block  0
call    0 returned 1
call    1 returned 1
    $$$$$:   45-block  1
call    2 never executed
    $$$$$:   45-block  2
call    3 never executed
