        -:    0:Source:D:/INFO 2/SEM 2/OOP/lab6-7---oop/teste/test_service.cpp
        -:    0:Graph:D:\INFO 2\SEM 2\OOP\lab6-7---oop\cmake-build-debug-coverage\CMakeFiles\lab6_7_clion.dir\teste\test_service.cpp.gcno
        -:    0:Data:D:\INFO 2\SEM 2\OOP\lab6-7---oop\cmake-build-debug-coverage\CMakeFiles\lab6_7_clion.dir\teste\test_service.cpp.gcda
        -:    0:Runs:1
        -:    1://
        -:    2:// Created by obrej on 4/12/2024.
        -:    3://
        -:    4:
        -:    5:#include <vector>
        -:    6:#include <cassert>
        -:    7:#include <sstream>
        -:    8:#include "../Headers/teste.h"
        -:    9:#include "../Headers/service_biblioteca.h"
        -:   10:#include "../Headers/validator.h"
        -:   11:
        -:   12:using std::stringstream;
        -:   13:using std::vector;
function _ZN12test_service17run_service_testsEv called 1 returned 100% blocks executed 100%
        1:   14:void test_service::run_service_tests() {
        1:   15:    test_add();
        1:   15-block  0
call    0 returned 1
        1:   16:    test_delete();
call    0 returned 1
        1:   17:    test_modify();
call    0 returned 1
        1:   18:    test_get_all();
call    0 returned 1
        1:   19:    test_filter();
call    0 returned 1
        1:   20:    test_sort();
call    0 returned 1
        1:   21:    test_search_book();
call    0 returned 1
        1:   22:    test_raport();
call    0 returned 1
        1:   23:    test_undo();
call    0 returned 1
        1:   24:}
        -:   25:
function _ZN12test_service8test_addEv called 1 returned 100% blocks executed 58%
        1:   26:void test_service::test_add() {
        1:   27:    repo book_repo;
        -:   28:    validator_carte validator;
        1:   29:    service_biblioteca srv{book_repo, validator};
        1:   29-block  0
call    0 returned 1
        -:   30:
        6:   31:    srv.add_book_srv("Luis", "Jupanii", "Epic", 1842);
        1:   31-block  0
call    0 returned 1
branch  1 taken 1 (fallthrough)
branch  2 taken 0 (throw)
        1:   31-block  1
call    3 returned 1
branch  4 taken 1 (fallthrough)
branch  5 taken 0 (throw)
        1:   31-block  2
call    6 returned 1
branch  7 taken 1 (fallthrough)
branch  8 taken 0 (throw)
        1:   31-block  3
call    9 returned 1
branch 10 taken 1 (fallthrough)
branch 11 taken 0 (throw)
        1:   31-block  4
call   12 returned 1
        1:   31-block  5
call   13 returned 1
        1:   31-block  6
call   14 returned 1
    $$$$$:   31-block  7
call   15 never executed
    $$$$$:   31-block  8
    $$$$$:   31-block  9
    $$$$$:   31-block 10
call   16 never executed
    $$$$$:   31-block 11
    $$$$$:   31-block 12
    $$$$$:   31-block 13
call   17 never executed
    $$$$$:   31-block 14
    $$$$$:   31-block 15
    $$$$$:   31-block 16
        6:   32:    srv.add_book_srv("Kong", "Maria", "Liric", 1940);
        1:   32-block  0
        1:   32-block  1
call    0 returned 1
branch  1 taken 1 (fallthrough)
branch  2 taken 0 (throw)
        1:   32-block  2
call    3 returned 1
branch  4 taken 1 (fallthrough)
branch  5 taken 0 (throw)
        1:   32-block  3
call    6 returned 1
branch  7 taken 1 (fallthrough)
branch  8 taken 0 (throw)
        1:   32-block  4
call    9 returned 1
branch 10 taken 1 (fallthrough)
branch 11 taken 0 (throw)
        1:   32-block  5
call   12 returned 1
        1:   32-block  6
call   13 returned 1
        1:   32-block  7
call   14 returned 1
    $$$$$:   32-block  8
call   15 never executed
    $$$$$:   32-block  9
    $$$$$:   32-block 10
    $$$$$:   32-block 11
call   16 never executed
    $$$$$:   32-block 12
    $$$$$:   32-block 13
    $$$$$:   32-block 14
call   17 never executed
    $$$$$:   32-block 15
    $$$$$:   32-block 16
    $$$$$:   32-block 17
        -:   33:
        -:   34:    try{
       7*:   35:        srv.add_book_srv("", "Fabulos", "Liric", 1900);
        1:   35-block  0
        1:   35-block  1
call    0 returned 1
branch  1 taken 1 (fallthrough)
branch  2 taken 0 (throw)
        1:   35-block  2
call    3 returned 1
branch  4 taken 1 (fallthrough)
branch  5 taken 0 (throw)
        1:   35-block  3
call    6 returned 1
branch  7 taken 1 (fallthrough)
branch  8 taken 0 (throw)
        1:   35-block  4
call    9 returned 1
branch 10 taken 0 (fallthrough)
branch 11 taken 1 (throw)
    %%%%%:   35-block  5
call   12 never executed
    %%%%%:   35-block  6
call   13 never executed
    %%%%%:   35-block  7
call   14 never executed
        1:   35-block  8
call   15 returned 1
        1:   35-block  9
        1:   35-block 10
        1:   35-block 11
call   16 returned 1
        1:   35-block 12
        1:   35-block 13
        1:   35-block 14
call   17 returned 1
        1:   35-block 15
        1:   35-block 16
        1:   35-block 17
    #####:   36:        assert(false);
    %%%%%:   36-block  0
call    0 never executed
        -:   37:    }
        1:   38:    catch(const book_validation_exception&){
        1:   38-block  0
branch  0 taken 0 (fallthrough)
branch  1 taken 1
        1:   38-block  1
call    2 returned 1
        -:   39:        assert(true);
        1:   40:    }
call    0 returned 1
branch  1 taken 1 (fallthrough)
branch  2 taken 0 (throw)
        -:   41:
        1:   42:}
        1:   42-block  0
call    0 returned 1
call    1 returned 1
    $$$$$:   42-block  1
call    2 never executed
    $$$$$:   42-block  2
call    3 never executed
        -:   43:
function _ZN12test_service11test_deleteEv called 1 returned 100% blocks executed 52%
        1:   44:void test_service::test_delete() {
        1:   45:    repo book_repo;
        -:   46:    validator_carte validator;
        1:   47:    service_biblioteca srv{book_repo, validator};
        1:   47-block  0
call    0 returned 1
        -:   48:
        6:   49:    srv.add_book_srv("Luis", "Jupanii", "Epic", 1842);
        1:   49-block  0
call    0 returned 1
branch  1 taken 1 (fallthrough)
branch  2 taken 0 (throw)
        1:   49-block  1
call    3 returned 1
branch  4 taken 1 (fallthrough)
branch  5 taken 0 (throw)
        1:   49-block  2
call    6 returned 1
branch  7 taken 1 (fallthrough)
branch  8 taken 0 (throw)
        1:   49-block  3
call    9 returned 1
branch 10 taken 1 (fallthrough)
branch 11 taken 0 (throw)
        1:   49-block  4
call   12 returned 1
        1:   49-block  5
call   13 returned 1
        1:   49-block  6
call   14 returned 1
    $$$$$:   49-block  7
call   15 never executed
    $$$$$:   49-block  8
    $$$$$:   49-block  9
    $$$$$:   49-block 10
call   16 never executed
    $$$$$:   49-block 11
    $$$$$:   49-block 12
    $$$$$:   49-block 13
call   17 never executed
    $$$$$:   49-block 14
    $$$$$:   49-block 15
    $$$$$:   49-block 16
        6:   50:    srv.add_book_srv("Kong", "Maria", "Liric", 1940);
        1:   50-block  0
        1:   50-block  1
call    0 returned 1
branch  1 taken 1 (fallthrough)
branch  2 taken 0 (throw)
        1:   50-block  2
call    3 returned 1
branch  4 taken 1 (fallthrough)
branch  5 taken 0 (throw)
        1:   50-block  3
call    6 returned 1
branch  7 taken 1 (fallthrough)
branch  8 taken 0 (throw)
        1:   50-block  4
call    9 returned 1
branch 10 taken 1 (fallthrough)
branch 11 taken 0 (throw)
        1:   50-block  5
call   12 returned 1
        1:   50-block  6
call   13 returned 1
        1:   50-block  7
call   14 returned 1
    $$$$$:   50-block  8
call   15 never executed
    $$$$$:   50-block  9
    $$$$$:   50-block 10
    $$$$$:   50-block 11
call   16 never executed
    $$$$$:   50-block 12
    $$$$$:   50-block 13
    $$$$$:   50-block 14
call   17 never executed
    $$$$$:   50-block 15
    $$$$$:   50-block 16
    $$$$$:   50-block 17
        -:   51:
        1:   52:    srv.delete_book_srv(0);
        1:   52-block  0
call    0 returned 1
branch  1 taken 1 (fallthrough)
branch  2 taken 0 (throw)
    $$$$$:   52-block  1
       1*:   53:    assert(srv.get_all_srv().size() == 1);
        1:   53-block  0
call    0 returned 1
call    1 returned 1
branch  2 taken 0 (fallthrough)
branch  3 taken 1
    %%%%%:   53-block  1
call    4 never executed
        1:   53-block  2
        -:   54:
        -:   55:    try{
       1*:   56:        srv.delete_book_srv(0);
        1:   56-block  0
call    0 returned 1
branch  1 taken 0 (fallthrough)
branch  2 taken 1 (throw)
        1:   56-block  1
    #####:   57:        assert(false);
    %%%%%:   57-block  0
call    0 never executed
        -:   58:    }
        1:   59:    catch(const book_repo_exception&){
        1:   59-block  0
branch  0 taken 0 (fallthrough)
branch  1 taken 1
        1:   59-block  1
call    2 returned 1
        -:   60:        assert(true);
        1:   61:    }
call    0 returned 1
branch  1 taken 1 (fallthrough)
branch  2 taken 0 (throw)
        -:   62:
        -:   63:    try{
        1:   64:        srv.delete_book_srv(2);
        1:   64-block  0
call    0 returned 1
branch  1 taken 0 (fallthrough)
branch  2 taken 1 (throw)
        1:   64-block  1
    =====:   65:        assert(false);
    $$$$$:   65-block  0
call    0 never executed
        -:   66:    }
        1:   67:    catch(const book_repo_exception& ex){
        1:   67-block  0
branch  0 taken 0 (fallthrough)
branch  1 taken 1
        1:   67-block  1
call    2 returned 1
        1:   68:        stringstream ss;
call    0 returned 1
branch  1 taken 1 (fallthrough)
branch  2 taken 0 (throw)
        1:   69:        ss << ex;
        1:   69-block  0
call    0 returned 1
branch  1 taken 1 (fallthrough)
branch  2 taken 0 (throw)
        1:   70:        assert(ss.str().find("Cartea cu id-ul") == 0);
        1:   70-block  0
call    0 returned 1
branch  1 taken 1 (fallthrough)
branch  2 taken 0 (throw)
        1:   70-block  1
call    3 returned 1
branch  4 taken 0 (fallthrough)
branch  5 taken 1
    $$$$$:   70-block  2
call    6 never executed
        1:   70-block  3
        1:   70-block  4
branch  7 taken 1 (fallthrough)
branch  8 taken 0
        1:   70-block  5
call    9 returned 1
    $$$$$:   70-block  6
branch 10 never executed (fallthrough)
branch 11 never executed
    $$$$$:   70-block  7
call   12 never executed
    $$$$$:   70-block  8
        1:   71:        ss.clear();
        1:   71-block  0
call    0 returned 1
branch  1 taken 1 (fallthrough)
branch  2 taken 0 (throw)
        1:   72:    }
        1:   72-block  0
call    0 returned 1
call    1 returned 1
branch  2 taken 1 (fallthrough)
branch  3 taken 0 (throw)
    $$$$$:   72-block  1
call    4 never executed
    $$$$$:   72-block  2
call    5 never executed
        -:   73:
        1:   74:}
        1:   74-block  0
call    0 returned 1
call    1 returned 1
    $$$$$:   74-block  1
call    2 never executed
    $$$$$:   74-block  2
call    3 never executed
        -:   75:
function _ZN12test_service11test_modifyEv called 1 returned 100% blocks executed 62%
        1:   76:void test_service::test_modify() {
        1:   77:    repo book_repo;
        -:   78:    validator_carte validator;
        1:   79:    service_biblioteca srv{book_repo, validator};
        1:   79-block  0
call    0 returned 1
        -:   80:
        6:   81:    srv.add_book_srv("Luis", "Jupanii", "Epic", 1842);
        1:   81-block  0
call    0 returned 1
branch  1 taken 1 (fallthrough)
branch  2 taken 0 (throw)
        1:   81-block  1
call    3 returned 1
branch  4 taken 1 (fallthrough)
branch  5 taken 0 (throw)
        1:   81-block  2
call    6 returned 1
branch  7 taken 1 (fallthrough)
branch  8 taken 0 (throw)
        1:   81-block  3
call    9 returned 1
branch 10 taken 1 (fallthrough)
branch 11 taken 0 (throw)
        1:   81-block  4
call   12 returned 1
        1:   81-block  5
call   13 returned 1
        1:   81-block  6
call   14 returned 1
    $$$$$:   81-block  7
call   15 never executed
    $$$$$:   81-block  8
    $$$$$:   81-block  9
    $$$$$:   81-block 10
call   16 never executed
    $$$$$:   81-block 11
    $$$$$:   81-block 12
    $$$$$:   81-block 13
call   17 never executed
    $$$$$:   81-block 14
    $$$$$:   81-block 15
    $$$$$:   81-block 16
        6:   82:    srv.add_book_srv("Kong", "Maria", "Liric", 1940);
        1:   82-block  0
        1:   82-block  1
call    0 returned 1
branch  1 taken 1 (fallthrough)
branch  2 taken 0 (throw)
        1:   82-block  2
call    3 returned 1
branch  4 taken 1 (fallthrough)
branch  5 taken 0 (throw)
        1:   82-block  3
call    6 returned 1
branch  7 taken 1 (fallthrough)
branch  8 taken 0 (throw)
        1:   82-block  4
call    9 returned 1
branch 10 taken 1 (fallthrough)
branch 11 taken 0 (throw)
        1:   82-block  5
call   12 returned 1
        1:   82-block  6
call   13 returned 1
        1:   82-block  7
call   14 returned 1
    $$$$$:   82-block  8
call   15 never executed
    $$$$$:   82-block  9
    $$$$$:   82-block 10
    $$$$$:   82-block 11
call   16 never executed
    $$$$$:   82-block 12
    $$$$$:   82-block 13
    $$$$$:   82-block 14
call   17 never executed
    $$$$$:   82-block 15
    $$$$$:   82-block 16
    $$$$$:   82-block 17
        -:   83:
        -:   84:    try{
       7*:   85:        srv.modify_book_srv("", "Fabulos", "Liric", 1900, 0);
        1:   85-block  0
        1:   85-block  1
call    0 returned 1
branch  1 taken 1 (fallthrough)
branch  2 taken 0 (throw)
        1:   85-block  2
call    3 returned 1
branch  4 taken 1 (fallthrough)
branch  5 taken 0 (throw)
        1:   85-block  3
call    6 returned 1
branch  7 taken 1 (fallthrough)
branch  8 taken 0 (throw)
        1:   85-block  4
call    9 returned 1
branch 10 taken 0 (fallthrough)
branch 11 taken 1 (throw)
    %%%%%:   85-block  5
call   12 never executed
    %%%%%:   85-block  6
call   13 never executed
    %%%%%:   85-block  7
call   14 never executed
        1:   85-block  8
call   15 returned 1
        1:   85-block  9
        1:   85-block 10
        1:   85-block 11
call   16 returned 1
        1:   85-block 12
        1:   85-block 13
        1:   85-block 14
call   17 returned 1
        1:   85-block 15
        1:   85-block 16
        1:   85-block 17
        1:   85-block 18
    #####:   86:        assert(false);
    %%%%%:   86-block  0
call    0 never executed
        -:   87:    }
        1:   88:    catch(const book_validation_exception&){
        1:   88-block  0
branch  0 taken 0 (fallthrough)
branch  1 taken 1
        1:   88-block  1
call    2 returned 1
        -:   89:        assert(true);
        1:   90:    }
call    0 returned 1
branch  1 taken 1 (fallthrough)
branch  2 taken 0 (throw)
        -:   91:
        -:   92:    try{
        7:   93:        srv.modify_book_srv("Justin", "Fabulos", "Liric", 1900, 2);
        1:   93-block  0
        1:   93-block  1
call    0 returned 1
branch  1 taken 1 (fallthrough)
branch  2 taken 0 (throw)
        1:   93-block  2
call    3 returned 1
branch  4 taken 1 (fallthrough)
branch  5 taken 0 (throw)
        1:   93-block  3
call    6 returned 1
branch  7 taken 1 (fallthrough)
branch  8 taken 0 (throw)
        1:   93-block  4
call    9 returned 1
branch 10 taken 0 (fallthrough)
branch 11 taken 1 (throw)
    $$$$$:   93-block  5
call   12 never executed
    $$$$$:   93-block  6
call   13 never executed
    $$$$$:   93-block  7
call   14 never executed
        1:   93-block  8
call   15 returned 1
        1:   93-block  9
        1:   93-block 10
        1:   93-block 11
call   16 returned 1
        1:   93-block 12
        1:   93-block 13
        1:   93-block 14
call   17 returned 1
        1:   93-block 15
        1:   93-block 16
        1:   93-block 17
        1:   93-block 18
    =====:   94:        assert(false);
    $$$$$:   94-block  0
call    0 never executed
        -:   95:    }
        1:   96:    catch(const book_repo_exception& ex){
        1:   96-block  0
branch  0 taken 0 (fallthrough)
branch  1 taken 1
        1:   96-block  1
call    2 returned 1
        1:   97:        stringstream ss;
call    0 returned 1
branch  1 taken 1 (fallthrough)
branch  2 taken 0 (throw)
        1:   98:        ss << ex;
        1:   98-block  0
call    0 returned 1
branch  1 taken 1 (fallthrough)
branch  2 taken 0 (throw)
        1:   99:        assert(ss.str().find("Doesn't exist book with id:") == 0);
        1:   99-block  0
call    0 returned 1
branch  1 taken 1 (fallthrough)
branch  2 taken 0 (throw)
        1:   99-block  1
call    3 returned 1
branch  4 taken 0 (fallthrough)
branch  5 taken 1
    $$$$$:   99-block  2
call    6 never executed
        1:   99-block  3
        1:   99-block  4
branch  7 taken 1 (fallthrough)
branch  8 taken 0
        1:   99-block  5
call    9 returned 1
    $$$$$:   99-block  6
branch 10 never executed (fallthrough)
branch 11 never executed
    $$$$$:   99-block  7
call   12 never executed
    $$$$$:   99-block  8
        1:  100:        ss.clear();
        1:  100-block  0
call    0 returned 1
branch  1 taken 1 (fallthrough)
branch  2 taken 0 (throw)
        1:  101:    }
        1:  101-block  0
call    0 returned 1
call    1 returned 1
branch  2 taken 1 (fallthrough)
branch  3 taken 0 (throw)
    $$$$$:  101-block  1
call    4 never executed
    $$$$$:  101-block  2
call    5 never executed
        1:  102:}
        1:  102-block  0
call    0 returned 1
call    1 returned 1
    $$$$$:  102-block  1
call    2 never executed
    $$$$$:  102-block  2
call    3 never executed
        -:  103:
function _ZN12test_service12test_get_allEv called 1 returned 100% blocks executed 54%
        1:  104:void test_service::test_get_all() {
        1:  105:    repo book_repo;
        -:  106:    validator_carte validator;
        1:  107:    service_biblioteca srv{book_repo, validator};
        1:  107-block  0
call    0 returned 1
        -:  108:
        6:  109:    srv.add_book_srv("Luis", "Jupanii", "Epic", 1842);
        1:  109-block  0
call    0 returned 1
branch  1 taken 1 (fallthrough)
branch  2 taken 0 (throw)
        1:  109-block  1
call    3 returned 1
branch  4 taken 1 (fallthrough)
branch  5 taken 0 (throw)
        1:  109-block  2
call    6 returned 1
branch  7 taken 1 (fallthrough)
branch  8 taken 0 (throw)
        1:  109-block  3
call    9 returned 1
branch 10 taken 1 (fallthrough)
branch 11 taken 0 (throw)
        1:  109-block  4
call   12 returned 1
        1:  109-block  5
call   13 returned 1
        1:  109-block  6
call   14 returned 1
    $$$$$:  109-block  7
call   15 never executed
    $$$$$:  109-block  8
    $$$$$:  109-block  9
    $$$$$:  109-block 10
call   16 never executed
    $$$$$:  109-block 11
    $$$$$:  109-block 12
    $$$$$:  109-block 13
call   17 never executed
    $$$$$:  109-block 14
    $$$$$:  109-block 15
    $$$$$:  109-block 16
        6:  110:    srv.add_book_srv("Kong", "Maria", "Liric", 1940);
        1:  110-block  0
        1:  110-block  1
call    0 returned 1
branch  1 taken 1 (fallthrough)
branch  2 taken 0 (throw)
        1:  110-block  2
call    3 returned 1
branch  4 taken 1 (fallthrough)
branch  5 taken 0 (throw)
        1:  110-block  3
call    6 returned 1
branch  7 taken 1 (fallthrough)
branch  8 taken 0 (throw)
        1:  110-block  4
call    9 returned 1
branch 10 taken 1 (fallthrough)
branch 11 taken 0 (throw)
        1:  110-block  5
call   12 returned 1
        1:  110-block  6
call   13 returned 1
        1:  110-block  7
call   14 returned 1
    $$$$$:  110-block  8
call   15 never executed
    $$$$$:  110-block  9
    $$$$$:  110-block 10
    $$$$$:  110-block 11
call   16 never executed
    $$$$$:  110-block 12
    $$$$$:  110-block 13
    $$$$$:  110-block 14
call   17 never executed
    $$$$$:  110-block 15
    $$$$$:  110-block 16
    $$$$$:  110-block 17
        -:  111:
        1:  112:    vector<carte> vec_carti{ book_repo.get_all() };
        1:  112-block  0
call    0 returned 1
call    1 returned 1
branch  2 taken 1 (fallthrough)
branch  3 taken 0 (throw)
        -:  113:
       1*:  114:    assert(vec_carti.size() == 2);
        1:  114-block  0
call    0 returned 1
branch  1 taken 0 (fallthrough)
branch  2 taken 1
    %%%%%:  114-block  1
call    3 never executed
        1:  114-block  2
        -:  115:
       1*:  116:    assert(vec_carti[0].get_author() == "Luis");
        1:  116-block  0
call    0 returned 1
call    1 returned 1
branch  2 taken 1 (fallthrough)
branch  3 taken 0 (throw)
        1:  116-block  1
call    4 returned 1
branch  5 taken 1 (fallthrough)
branch  6 taken 0 (throw)
        1:  116-block  2
branch  7 taken 0 (fallthrough)
branch  8 taken 1
    %%%%%:  116-block  3
call    9 never executed
        1:  116-block  4
        1:  116-block  5
branch 10 taken 1 (fallthrough)
branch 11 taken 0
        1:  116-block  6
call   12 returned 1
    $$$$$:  116-block  7
branch 13 never executed (fallthrough)
branch 14 never executed
    $$$$$:  116-block  8
call   15 never executed
    $$$$$:  116-block  9
       1*:  117:    assert(vec_carti[0].get_title() == "Jupanii");
        1:  117-block  0
call    0 returned 1
call    1 returned 1
branch  2 taken 1 (fallthrough)
branch  3 taken 0 (throw)
        1:  117-block  1
call    4 returned 1
branch  5 taken 1 (fallthrough)
branch  6 taken 0 (throw)
        1:  117-block  2
branch  7 taken 0 (fallthrough)
branch  8 taken 1
    %%%%%:  117-block  3
call    9 never executed
        1:  117-block  4
        1:  117-block  5
branch 10 taken 1 (fallthrough)
branch 11 taken 0
        1:  117-block  6
call   12 returned 1
    $$$$$:  117-block  7
branch 13 never executed (fallthrough)
branch 14 never executed
    $$$$$:  117-block  8
call   15 never executed
    $$$$$:  117-block  9
       1*:  118:    assert(vec_carti[0].get_genre() == "Epic");
        1:  118-block  0
call    0 returned 1
call    1 returned 1
branch  2 taken 1 (fallthrough)
branch  3 taken 0 (throw)
        1:  118-block  1
call    4 returned 1
branch  5 taken 1 (fallthrough)
branch  6 taken 0 (throw)
        1:  118-block  2
branch  7 taken 0 (fallthrough)
branch  8 taken 1
    %%%%%:  118-block  3
call    9 never executed
        1:  118-block  4
        1:  118-block  5
branch 10 taken 1 (fallthrough)
branch 11 taken 0
        1:  118-block  6
call   12 returned 1
    $$$$$:  118-block  7
branch 13 never executed (fallthrough)
branch 14 never executed
    $$$$$:  118-block  8
call   15 never executed
    $$$$$:  118-block  9
       1*:  119:    assert(vec_carti[0].get_publication_year() == 1842);
        1:  119-block  0
call    0 returned 1
call    1 returned 1
branch  2 taken 1 (fallthrough)
branch  3 taken 0 (throw)
        1:  119-block  1
branch  4 taken 0 (fallthrough)
branch  5 taken 1
    %%%%%:  119-block  2
call    6 never executed
        1:  119-block  3
       1*:  120:    assert(vec_carti[0].get_book_id() == 0);
        1:  120-block  0
call    0 returned 1
call    1 returned 1
branch  2 taken 1 (fallthrough)
branch  3 taken 0 (throw)
        1:  120-block  1
branch  4 taken 0 (fallthrough)
branch  5 taken 1
    %%%%%:  120-block  2
call    6 never executed
        1:  120-block  3
        1:  121:}
        1:  121-block  0
call    0 returned 1
call    1 returned 1
call    2 returned 1
    $$$$$:  121-block  1
call    3 never executed
    $$$$$:  121-block  2
call    4 never executed
    $$$$$:  121-block  3
call    5 never executed
        -:  122:
function _ZN12test_service16test_search_bookEv called 1 returned 100% blocks executed 53%
        1:  123:void test_service::test_search_book() {
        1:  124:    repo books_repo;
        -:  125:    validator_carte validator;
        1:  126:    service_biblioteca srv(books_repo, validator);
        1:  126-block  0
call    0 returned 1
        -:  127:
        6:  128:    srv.add_book_srv("Luis", "Jupanii", "Epic", 1842);
        1:  128-block  0
call    0 returned 1
branch  1 taken 1 (fallthrough)
branch  2 taken 0 (throw)
        1:  128-block  1
call    3 returned 1
branch  4 taken 1 (fallthrough)
branch  5 taken 0 (throw)
        1:  128-block  2
call    6 returned 1
branch  7 taken 1 (fallthrough)
branch  8 taken 0 (throw)
        1:  128-block  3
call    9 returned 1
branch 10 taken 1 (fallthrough)
branch 11 taken 0 (throw)
        1:  128-block  4
call   12 returned 1
        1:  128-block  5
call   13 returned 1
        1:  128-block  6
call   14 returned 1
    $$$$$:  128-block  7
call   15 never executed
    $$$$$:  128-block  8
    $$$$$:  128-block  9
    $$$$$:  128-block 10
call   16 never executed
    $$$$$:  128-block 11
    $$$$$:  128-block 12
    $$$$$:  128-block 13
call   17 never executed
    $$$$$:  128-block 14
    $$$$$:  128-block 15
    $$$$$:  128-block 16
        6:  129:    srv.add_book_srv("Kong", "Maria", "Liric", 1940);
        1:  129-block  0
        1:  129-block  1
call    0 returned 1
branch  1 taken 1 (fallthrough)
branch  2 taken 0 (throw)
        1:  129-block  2
call    3 returned 1
branch  4 taken 1 (fallthrough)
branch  5 taken 0 (throw)
        1:  129-block  3
call    6 returned 1
branch  7 taken 1 (fallthrough)
branch  8 taken 0 (throw)
        1:  129-block  4
call    9 returned 1
branch 10 taken 1 (fallthrough)
branch 11 taken 0 (throw)
        1:  129-block  5
call   12 returned 1
        1:  129-block  6
call   13 returned 1
        1:  129-block  7
call   14 returned 1
    $$$$$:  129-block  8
call   15 never executed
    $$$$$:  129-block  9
    $$$$$:  129-block 10
    $$$$$:  129-block 11
call   16 never executed
    $$$$$:  129-block 12
    $$$$$:  129-block 13
    $$$$$:  129-block 14
call   17 never executed
    $$$$$:  129-block 15
    $$$$$:  129-block 16
    $$$$$:  129-block 17
        6:  130:    srv.add_book_srv("I.L.C", "O scrisoare pierduta", "Dramatic", 2000);
        1:  130-block  0
        1:  130-block  1
call    0 returned 1
branch  1 taken 1 (fallthrough)
branch  2 taken 0 (throw)
        1:  130-block  2
call    3 returned 1
branch  4 taken 1 (fallthrough)
branch  5 taken 0 (throw)
        1:  130-block  3
call    6 returned 1
branch  7 taken 1 (fallthrough)
branch  8 taken 0 (throw)
        1:  130-block  4
call    9 returned 1
branch 10 taken 1 (fallthrough)
branch 11 taken 0 (throw)
        1:  130-block  5
call   12 returned 1
        1:  130-block  6
call   13 returned 1
        1:  130-block  7
call   14 returned 1
    $$$$$:  130-block  8
call   15 never executed
    $$$$$:  130-block  9
    $$$$$:  130-block 10
    $$$$$:  130-block 11
call   16 never executed
    $$$$$:  130-block 12
    $$$$$:  130-block 13
    $$$$$:  130-block 14
call   17 never executed
    $$$$$:  130-block 15
    $$$$$:  130-block 16
    $$$$$:  130-block 17
        6:  131:    srv.add_book_srv("Mihai Eminescu", "Luceafar", "Liric", 1883);
        1:  131-block  0
        1:  131-block  1
call    0 returned 1
branch  1 taken 1 (fallthrough)
branch  2 taken 0 (throw)
        1:  131-block  2
call    3 returned 1
branch  4 taken 1 (fallthrough)
branch  5 taken 0 (throw)
        1:  131-block  3
call    6 returned 1
branch  7 taken 1 (fallthrough)
branch  8 taken 0 (throw)
        1:  131-block  4
call    9 returned 1
branch 10 taken 1 (fallthrough)
branch 11 taken 0 (throw)
        1:  131-block  5
call   12 returned 1
        1:  131-block  6
call   13 returned 1
        1:  131-block  7
call   14 returned 1
    $$$$$:  131-block  8
call   15 never executed
    $$$$$:  131-block  9
    $$$$$:  131-block 10
    $$$$$:  131-block 11
call   16 never executed
    $$$$$:  131-block 12
    $$$$$:  131-block 13
    $$$$$:  131-block 14
call   17 never executed
    $$$$$:  131-block 15
    $$$$$:  131-block 16
    $$$$$:  131-block 17
        -:  132:
        6:  133:    carte book_found { srv.search_for_book("Mihai Eminescu", "/" , "p", 12)};
        1:  133-block  0
        1:  133-block  1
call    0 returned 1
branch  1 taken 1 (fallthrough)
branch  2 taken 0 (throw)
        1:  133-block  2
call    3 returned 1
branch  4 taken 1 (fallthrough)
branch  5 taken 0 (throw)
        1:  133-block  3
call    6 returned 1
branch  7 taken 1 (fallthrough)
branch  8 taken 0 (throw)
        1:  133-block  4
call    9 returned 1
branch 10 taken 1 (fallthrough)
branch 11 taken 0 (throw)
        1:  133-block  5
call   12 returned 1
branch 13 taken 1 (fallthrough)
branch 14 taken 0 (throw)
        1:  133-block  6
call   15 returned 1
        1:  133-block  7
call   16 returned 1
        1:  133-block  8
call   17 returned 1
    $$$$$:  133-block  9
call   18 never executed
    $$$$$:  133-block 10
    $$$$$:  133-block 11
    $$$$$:  133-block 12
call   19 never executed
    $$$$$:  133-block 13
    $$$$$:  133-block 14
    $$$$$:  133-block 15
call   20 never executed
    $$$$$:  133-block 16
    $$$$$:  133-block 17
    $$$$$:  133-block 18
        -:  134:
       1*:  135:    assert(book_found.get_book_id() == 3);
        1:  135-block  0
call    0 returned 1
branch  1 taken 1 (fallthrough)
branch  2 taken 0 (throw)
        1:  135-block  1
branch  3 taken 0 (fallthrough)
branch  4 taken 1
    %%%%%:  135-block  2
call    5 never executed
        1:  135-block  3
        -:  136:
        -:  137:    try{
       7*:  138:        carte book_found { srv.search_for_book("d", "s", "k", 1700) };
        1:  138-block  0
        1:  138-block  1
call    0 returned 1
branch  1 taken 1 (fallthrough)
branch  2 taken 0 (throw)
        1:  138-block  2
call    3 returned 1
branch  4 taken 1 (fallthrough)
branch  5 taken 0 (throw)
        1:  138-block  3
call    6 returned 1
branch  7 taken 1 (fallthrough)
branch  8 taken 0 (throw)
        1:  138-block  4
call    9 returned 1
branch 10 taken 0 (fallthrough)
branch 11 taken 1 (throw)
    %%%%%:  138-block  5
call   12 never executed
branch 13 never executed (fallthrough)
branch 14 never executed (throw)
    %%%%%:  138-block  6
call   15 never executed
    %%%%%:  138-block  7
call   16 never executed
    %%%%%:  138-block  8
call   17 never executed
        1:  138-block  9
call   18 returned 1
        1:  138-block 10
        1:  138-block 11
        1:  138-block 12
call   19 returned 1
        1:  138-block 13
        1:  138-block 14
        1:  138-block 15
call   20 returned 1
        1:  138-block 16
        1:  138-block 17
        1:  138-block 18
    #####:  139:        assert(false);
    %%%%%:  139-block  0
call    0 never executed
    =====:  140:    }
    $$$$$:  140-block  0
call    0 never executed
        1:  141:    catch(books_service_exception){
        1:  141-block  0
branch  0 taken 0 (fallthrough)
branch  1 taken 1
        1:  141-block  1
call    2 returned 1
call    3 returned 1
        -:  142:        assert(true);
        1:  143:    }
call    0 returned 1
call    1 returned 1
branch  2 taken 1 (fallthrough)
branch  3 taken 0 (throw)
        -:  144:
        -:  145:    // testez cu get_reference_from_vector_srv
        1:  146:    vector<carte> books_vec { srv.get_reference_from_vector_srv() };
        1:  146-block  0
call    0 returned 1
call    1 returned 1
branch  2 taken 1 (fallthrough)
branch  3 taken 0 (throw)
        1:  147:    assert(books_vec.size() == 4);
        1:  147-block  0
call    0 returned 1
branch  1 taken 0 (fallthrough)
branch  2 taken 1
    $$$$$:  147-block  1
call    3 never executed
        1:  147-block  2
        1:  148:}
        1:  148-block  0
call    0 returned 1
call    1 returned 1
call    2 returned 1
call    3 returned 1
    $$$$$:  148-block  1
call    4 never executed
    $$$$$:  148-block  2
call    5 never executed
    $$$$$:  148-block  3
call    6 never executed
    $$$$$:  148-block  4
call    7 never executed
        -:  149:
function _ZN12test_service11test_filterEv called 1 returned 100% blocks executed 53%
        1:  150:void test_service::test_filter() {
        1:  151:    repo books_repo;
        -:  152:    validator_carte validator;
        1:  153:    service_biblioteca srv(books_repo, validator);
        1:  153-block  0
call    0 returned 1
        -:  154:
        6:  155:    srv.add_book_srv("Luis", "Jupanii", "Epic", 1842);
        1:  155-block  0
call    0 returned 1
branch  1 taken 1 (fallthrough)
branch  2 taken 0 (throw)
        1:  155-block  1
call    3 returned 1
branch  4 taken 1 (fallthrough)
branch  5 taken 0 (throw)
        1:  155-block  2
call    6 returned 1
branch  7 taken 1 (fallthrough)
branch  8 taken 0 (throw)
        1:  155-block  3
call    9 returned 1
branch 10 taken 1 (fallthrough)
branch 11 taken 0 (throw)
        1:  155-block  4
call   12 returned 1
        1:  155-block  5
call   13 returned 1
        1:  155-block  6
call   14 returned 1
    $$$$$:  155-block  7
call   15 never executed
    $$$$$:  155-block  8
    $$$$$:  155-block  9
    $$$$$:  155-block 10
call   16 never executed
    $$$$$:  155-block 11
    $$$$$:  155-block 12
    $$$$$:  155-block 13
call   17 never executed
    $$$$$:  155-block 14
    $$$$$:  155-block 15
    $$$$$:  155-block 16
        6:  156:    srv.add_book_srv("Kong", "Maria", "Liric", 1940);
        1:  156-block  0
        1:  156-block  1
call    0 returned 1
branch  1 taken 1 (fallthrough)
branch  2 taken 0 (throw)
        1:  156-block  2
call    3 returned 1
branch  4 taken 1 (fallthrough)
branch  5 taken 0 (throw)
        1:  156-block  3
call    6 returned 1
branch  7 taken 1 (fallthrough)
branch  8 taken 0 (throw)
        1:  156-block  4
call    9 returned 1
branch 10 taken 1 (fallthrough)
branch 11 taken 0 (throw)
        1:  156-block  5
call   12 returned 1
        1:  156-block  6
call   13 returned 1
        1:  156-block  7
call   14 returned 1
    $$$$$:  156-block  8
call   15 never executed
    $$$$$:  156-block  9
    $$$$$:  156-block 10
    $$$$$:  156-block 11
call   16 never executed
    $$$$$:  156-block 12
    $$$$$:  156-block 13
    $$$$$:  156-block 14
call   17 never executed
    $$$$$:  156-block 15
    $$$$$:  156-block 16
    $$$$$:  156-block 17
        6:  157:    srv.add_book_srv("I.L.C", "O scrisoare pierduta", "Dramatic", 2000);
        1:  157-block  0
        1:  157-block  1
call    0 returned 1
branch  1 taken 1 (fallthrough)
branch  2 taken 0 (throw)
        1:  157-block  2
call    3 returned 1
branch  4 taken 1 (fallthrough)
branch  5 taken 0 (throw)
        1:  157-block  3
call    6 returned 1
branch  7 taken 1 (fallthrough)
branch  8 taken 0 (throw)
        1:  157-block  4
call    9 returned 1
branch 10 taken 1 (fallthrough)
branch 11 taken 0 (throw)
        1:  157-block  5
call   12 returned 1
        1:  157-block  6
call   13 returned 1
        1:  157-block  7
call   14 returned 1
    $$$$$:  157-block  8
call   15 never executed
    $$$$$:  157-block  9
    $$$$$:  157-block 10
    $$$$$:  157-block 11
call   16 never executed
    $$$$$:  157-block 12
    $$$$$:  157-block 13
    $$$$$:  157-block 14
call   17 never executed
    $$$$$:  157-block 15
    $$$$$:  157-block 16
    $$$$$:  157-block 17
        7:  158:    srv.add_book_srv("Mihai Eminescu", "Luceafar", "Liric", 1883);
        1:  158-block  0
        1:  158-block  1
call    0 returned 1
branch  1 taken 1 (fallthrough)
branch  2 taken 0 (throw)
        1:  158-block  2
call    3 returned 1
branch  4 taken 1 (fallthrough)
branch  5 taken 0 (throw)
        1:  158-block  3
call    6 returned 1
branch  7 taken 1 (fallthrough)
branch  8 taken 0 (throw)
        1:  158-block  4
call    9 returned 1
branch 10 taken 1 (fallthrough)
branch 11 taken 0 (throw)
        1:  158-block  5
call   12 returned 1
        1:  158-block  6
call   13 returned 1
        1:  158-block  7
call   14 returned 1
        1:  158-block  8
    $$$$$:  158-block  9
call   15 never executed
    $$$$$:  158-block 10
    $$$$$:  158-block 11
    $$$$$:  158-block 12
call   16 never executed
    $$$$$:  158-block 13
    $$$$$:  158-block 14
    $$$$$:  158-block 15
call   17 never executed
    $$$$$:  158-block 16
    $$$$$:  158-block 17
    $$$$$:  158-block 18
        -:  159:
        1:  160:    vector<carte> vec_carti = srv.filter_srv(2000, "Maria") ;
        1:  160-block  0
call    0 returned 1
branch  1 taken 1 (fallthrough)
branch  2 taken 0 (throw)
        1:  160-block  1
call    3 returned 1
branch  4 taken 1 (fallthrough)
branch  5 taken 0 (throw)
        1:  160-block  2
call    6 returned 1
    $$$$$:  160-block  3
call    7 never executed
    $$$$$:  160-block  4
    $$$$$:  160-block  5
       1*:  161:    assert(vec_carti.size() == 2);
        1:  161-block  0
call    0 returned 1
branch  1 taken 0 (fallthrough)
branch  2 taken 1
    %%%%%:  161-block  1
call    3 never executed
        1:  161-block  2
        -:  162:
       1*:  163:    assert(vec_carti[0].get_book_id() == 1);
        1:  163-block  0
call    0 returned 1
call    1 returned 1
branch  2 taken 1 (fallthrough)
branch  3 taken 0 (throw)
        1:  163-block  1
branch  4 taken 0 (fallthrough)
branch  5 taken 1
    %%%%%:  163-block  2
call    6 never executed
        1:  163-block  3
       1*:  164:    assert(vec_carti[0].get_genre() == "Liric");
        1:  164-block  0
call    0 returned 1
call    1 returned 1
branch  2 taken 1 (fallthrough)
branch  3 taken 0 (throw)
        1:  164-block  1
call    4 returned 1
branch  5 taken 1 (fallthrough)
branch  6 taken 0 (throw)
        1:  164-block  2
branch  7 taken 0 (fallthrough)
branch  8 taken 1
    %%%%%:  164-block  3
call    9 never executed
        1:  164-block  4
        1:  164-block  5
branch 10 taken 1 (fallthrough)
branch 11 taken 0
        1:  164-block  6
call   12 returned 1
    $$$$$:  164-block  7
branch 13 never executed (fallthrough)
branch 14 never executed
    $$$$$:  164-block  8
call   15 never executed
    $$$$$:  164-block  9
       1*:  165:    assert(vec_carti[0].get_publication_year() == 1940);
        1:  165-block  0
call    0 returned 1
call    1 returned 1
branch  2 taken 1 (fallthrough)
branch  3 taken 0 (throw)
        1:  165-block  1
branch  4 taken 0 (fallthrough)
branch  5 taken 1
    %%%%%:  165-block  2
call    6 never executed
        1:  165-block  3
       1*:  166:    assert(vec_carti[0].get_author() == "Kong");
        1:  166-block  0
call    0 returned 1
call    1 returned 1
branch  2 taken 1 (fallthrough)
branch  3 taken 0 (throw)
        1:  166-block  1
call    4 returned 1
branch  5 taken 1 (fallthrough)
branch  6 taken 0 (throw)
        1:  166-block  2
branch  7 taken 0 (fallthrough)
branch  8 taken 1
    %%%%%:  166-block  3
call    9 never executed
        1:  166-block  4
        1:  166-block  5
branch 10 taken 1 (fallthrough)
branch 11 taken 0
        1:  166-block  6
call   12 returned 1
    $$$$$:  166-block  7
branch 13 never executed (fallthrough)
branch 14 never executed
    $$$$$:  166-block  8
call   15 never executed
    $$$$$:  166-block  9
       1*:  167:    assert(vec_carti[0].get_title() == "Maria");
        1:  167-block  0
call    0 returned 1
call    1 returned 1
branch  2 taken 1 (fallthrough)
branch  3 taken 0 (throw)
        1:  167-block  1
call    4 returned 1
branch  5 taken 1 (fallthrough)
branch  6 taken 0 (throw)
        1:  167-block  2
branch  7 taken 0 (fallthrough)
branch  8 taken 1
    %%%%%:  167-block  3
call    9 never executed
        1:  167-block  4
        1:  167-block  5
branch 10 taken 1 (fallthrough)
branch 11 taken 0
        1:  167-block  6
call   12 returned 1
    $$$$$:  167-block  7
branch 13 never executed (fallthrough)
branch 14 never executed
    $$$$$:  167-block  8
call   15 never executed
    $$$$$:  167-block  9
        -:  168:
       1*:  169:    assert(vec_carti[1].get_book_id() == 2);
        1:  169-block  0
call    0 returned 1
call    1 returned 1
branch  2 taken 1 (fallthrough)
branch  3 taken 0 (throw)
        1:  169-block  1
branch  4 taken 0 (fallthrough)
branch  5 taken 1
    %%%%%:  169-block  2
call    6 never executed
        1:  169-block  3
       1*:  170:    assert(vec_carti[1].get_genre() == "Dramatic");
        1:  170-block  0
call    0 returned 1
call    1 returned 1
branch  2 taken 1 (fallthrough)
branch  3 taken 0 (throw)
        1:  170-block  1
call    4 returned 1
branch  5 taken 1 (fallthrough)
branch  6 taken 0 (throw)
        1:  170-block  2
branch  7 taken 0 (fallthrough)
branch  8 taken 1
    %%%%%:  170-block  3
call    9 never executed
        1:  170-block  4
        1:  170-block  5
branch 10 taken 1 (fallthrough)
branch 11 taken 0
        1:  170-block  6
call   12 returned 1
    $$$$$:  170-block  7
branch 13 never executed (fallthrough)
branch 14 never executed
    $$$$$:  170-block  8
call   15 never executed
    $$$$$:  170-block  9
       1*:  171:    assert(vec_carti[1].get_publication_year() == 2000);
        1:  171-block  0
call    0 returned 1
call    1 returned 1
branch  2 taken 1 (fallthrough)
branch  3 taken 0 (throw)
        1:  171-block  1
branch  4 taken 0 (fallthrough)
branch  5 taken 1
    %%%%%:  171-block  2
call    6 never executed
        1:  171-block  3
       1*:  172:    assert(vec_carti[1].get_author() == "I.L.C");
        1:  172-block  0
call    0 returned 1
call    1 returned 1
branch  2 taken 1 (fallthrough)
branch  3 taken 0 (throw)
        1:  172-block  1
call    4 returned 1
branch  5 taken 1 (fallthrough)
branch  6 taken 0 (throw)
        1:  172-block  2
branch  7 taken 0 (fallthrough)
branch  8 taken 1
    %%%%%:  172-block  3
call    9 never executed
        1:  172-block  4
        1:  172-block  5
branch 10 taken 1 (fallthrough)
branch 11 taken 0
        1:  172-block  6
call   12 returned 1
    $$$$$:  172-block  7
branch 13 never executed (fallthrough)
branch 14 never executed
    $$$$$:  172-block  8
call   15 never executed
    $$$$$:  172-block  9
       1*:  173:    assert(vec_carti[1].get_title() == "O scrisoare pierduta");
        1:  173-block  0
call    0 returned 1
call    1 returned 1
branch  2 taken 1 (fallthrough)
branch  3 taken 0 (throw)
        1:  173-block  1
call    4 returned 1
branch  5 taken 1 (fallthrough)
branch  6 taken 0 (throw)
        1:  173-block  2
branch  7 taken 0 (fallthrough)
branch  8 taken 1
    %%%%%:  173-block  3
call    9 never executed
        1:  173-block  4
        1:  173-block  5
branch 10 taken 1 (fallthrough)
branch 11 taken 0
        1:  173-block  6
call   12 returned 1
        1:  173-block  7
    $$$$$:  173-block  8
branch 13 never executed (fallthrough)
branch 14 never executed
    $$$$$:  173-block  9
call   15 never executed
    $$$$$:  173-block 10
        -:  174:
        1:  175:    vector<carte> vec_carti_2{ srv.filter_srv(1941, "Corola de minini a lumii") };
        1:  175-block  0
call    0 returned 1
branch  1 taken 1 (fallthrough)
branch  2 taken 0 (throw)
        1:  175-block  1
call    3 returned 1
branch  4 taken 1 (fallthrough)
branch  5 taken 0 (throw)
        1:  175-block  2
call    6 returned 1
    $$$$$:  175-block  3
call    7 never executed
    $$$$$:  175-block  4
    $$$$$:  175-block  5
       1*:  176:    assert(vec_carti_2.size() == 0);
        1:  176-block  0
call    0 returned 1
branch  1 taken 0 (fallthrough)
branch  2 taken 1
    %%%%%:  176-block  1
call    3 never executed
        1:  176-block  2
        1:  177:}
        1:  177-block  0
call    0 returned 1
call    1 returned 1
call    2 returned 1
call    3 returned 1
    $$$$$:  177-block  1
call    4 never executed
    $$$$$:  177-block  2
call    5 never executed
    $$$$$:  177-block  3
call    6 never executed
    $$$$$:  177-block  4
call    7 never executed
        -:  178:
function _ZN12test_service9test_sortEv called 1 returned 100% blocks executed 57%
        1:  179:void test_service::test_sort() {
        1:  180:    repo books_repo;
        -:  181:    validator_carte validator;
        1:  182:    service_biblioteca srv(books_repo, validator);
        1:  182-block  0
call    0 returned 1
        -:  183:
        6:  184:    srv.add_book_srv("Luis", "Jupanii", "Epic", 1842);
        1:  184-block  0
call    0 returned 1
branch  1 taken 1 (fallthrough)
branch  2 taken 0 (throw)
        1:  184-block  1
call    3 returned 1
branch  4 taken 1 (fallthrough)
branch  5 taken 0 (throw)
        1:  184-block  2
call    6 returned 1
branch  7 taken 1 (fallthrough)
branch  8 taken 0 (throw)
        1:  184-block  3
call    9 returned 1
branch 10 taken 1 (fallthrough)
branch 11 taken 0 (throw)
        1:  184-block  4
call   12 returned 1
        1:  184-block  5
call   13 returned 1
        1:  184-block  6
call   14 returned 1
    $$$$$:  184-block  7
call   15 never executed
    $$$$$:  184-block  8
    $$$$$:  184-block  9
    $$$$$:  184-block 10
call   16 never executed
    $$$$$:  184-block 11
    $$$$$:  184-block 12
    $$$$$:  184-block 13
call   17 never executed
    $$$$$:  184-block 14
    $$$$$:  184-block 15
    $$$$$:  184-block 16
        6:  185:    srv.add_book_srv("Kong", "Maria", "Liric", 2000);
        1:  185-block  0
        1:  185-block  1
call    0 returned 1
branch  1 taken 1 (fallthrough)
branch  2 taken 0 (throw)
        1:  185-block  2
call    3 returned 1
branch  4 taken 1 (fallthrough)
branch  5 taken 0 (throw)
        1:  185-block  3
call    6 returned 1
branch  7 taken 1 (fallthrough)
branch  8 taken 0 (throw)
        1:  185-block  4
call    9 returned 1
branch 10 taken 1 (fallthrough)
branch 11 taken 0 (throw)
        1:  185-block  5
call   12 returned 1
        1:  185-block  6
call   13 returned 1
        1:  185-block  7
call   14 returned 1
    $$$$$:  185-block  8
call   15 never executed
    $$$$$:  185-block  9
    $$$$$:  185-block 10
    $$$$$:  185-block 11
call   16 never executed
    $$$$$:  185-block 12
    $$$$$:  185-block 13
    $$$$$:  185-block 14
call   17 never executed
    $$$$$:  185-block 15
    $$$$$:  185-block 16
    $$$$$:  185-block 17
        6:  186:    srv.add_book_srv("I.L.C", "O scrisoare pierduta", "Dramatic", 2000);
        1:  186-block  0
        1:  186-block  1
call    0 returned 1
branch  1 taken 1 (fallthrough)
branch  2 taken 0 (throw)
        1:  186-block  2
call    3 returned 1
branch  4 taken 1 (fallthrough)
branch  5 taken 0 (throw)
        1:  186-block  3
call    6 returned 1
branch  7 taken 1 (fallthrough)
branch  8 taken 0 (throw)
        1:  186-block  4
call    9 returned 1
branch 10 taken 1 (fallthrough)
branch 11 taken 0 (throw)
        1:  186-block  5
call   12 returned 1
        1:  186-block  6
call   13 returned 1
        1:  186-block  7
call   14 returned 1
    $$$$$:  186-block  8
call   15 never executed
    $$$$$:  186-block  9
    $$$$$:  186-block 10
    $$$$$:  186-block 11
call   16 never executed
    $$$$$:  186-block 12
    $$$$$:  186-block 13
    $$$$$:  186-block 14
call   17 never executed
    $$$$$:  186-block 15
    $$$$$:  186-block 16
    $$$$$:  186-block 17
        6:  187:    srv.add_book_srv("Mihai Eminescu", "Luceafar", "Liric", 1883);
        1:  187-block  0
        1:  187-block  1
call    0 returned 1
branch  1 taken 1 (fallthrough)
branch  2 taken 0 (throw)
        1:  187-block  2
call    3 returned 1
branch  4 taken 1 (fallthrough)
branch  5 taken 0 (throw)
        1:  187-block  3
call    6 returned 1
branch  7 taken 1 (fallthrough)
branch  8 taken 0 (throw)
        1:  187-block  4
call    9 returned 1
branch 10 taken 1 (fallthrough)
branch 11 taken 0 (throw)
        1:  187-block  5
call   12 returned 1
        1:  187-block  6
call   13 returned 1
        1:  187-block  7
call   14 returned 1
    $$$$$:  187-block  8
call   15 never executed
    $$$$$:  187-block  9
    $$$$$:  187-block 10
    $$$$$:  187-block 11
call   16 never executed
    $$$$$:  187-block 12
    $$$$$:  187-block 13
    $$$$$:  187-block 14
call   17 never executed
    $$$$$:  187-block 15
    $$$$$:  187-block 16
    $$$$$:  187-block 17
        -:  188:
        1:  189:    vector<carte> books_vec{ srv.sorter_based_on_option(1) };
        1:  189-block  0
call    0 returned 1
branch  1 taken 1 (fallthrough)
branch  2 taken 0 (throw)
        -:  190:
       1*:  191:    assert(books_vec.size() == 4);
        1:  191-block  0
call    0 returned 1
branch  1 taken 0 (fallthrough)
branch  2 taken 1
    %%%%%:  191-block  1
call    3 never executed
        1:  191-block  2
       1*:  192:    assert(books_vec[0].get_book_id() == 0);
        1:  192-block  0
call    0 returned 1
call    1 returned 1
branch  2 taken 1 (fallthrough)
branch  3 taken 0 (throw)
        1:  192-block  1
branch  4 taken 0 (fallthrough)
branch  5 taken 1
    %%%%%:  192-block  2
call    6 never executed
        1:  192-block  3
       1*:  193:    assert(books_vec[1].get_book_id() == 3);
        1:  193-block  0
call    0 returned 1
call    1 returned 1
branch  2 taken 1 (fallthrough)
branch  3 taken 0 (throw)
        1:  193-block  1
branch  4 taken 0 (fallthrough)
branch  5 taken 1
    %%%%%:  193-block  2
call    6 never executed
        1:  193-block  3
       1*:  194:    assert(books_vec[2].get_book_id() == 1);
        1:  194-block  0
call    0 returned 1
call    1 returned 1
branch  2 taken 1 (fallthrough)
branch  3 taken 0 (throw)
        1:  194-block  1
branch  4 taken 0 (fallthrough)
branch  5 taken 1
    %%%%%:  194-block  2
call    6 never executed
        1:  194-block  3
       1*:  195:    assert(books_vec[3].get_book_id() == 2);
        1:  195-block  0
call    0 returned 1
call    1 returned 1
branch  2 taken 1 (fallthrough)
branch  3 taken 0 (throw)
        1:  195-block  1
branch  4 taken 0 (fallthrough)
branch  5 taken 1
    %%%%%:  195-block  2
call    6 never executed
        1:  195-block  3
        -:  196:
        1:  197:    vector<carte> books_vec_2{ srv.sorter_based_on_option(2) };
        1:  197-block  0
call    0 returned 1
branch  1 taken 1 (fallthrough)
branch  2 taken 0 (throw)
        -:  198:
       1*:  199:    assert(books_vec_2.size() == 4);
        1:  199-block  0
call    0 returned 1
branch  1 taken 0 (fallthrough)
branch  2 taken 1
    %%%%%:  199-block  1
call    3 never executed
        1:  199-block  2
       1*:  200:    assert(books_vec_2[0].get_book_id() == 2);
        1:  200-block  0
call    0 returned 1
call    1 returned 1
branch  2 taken 1 (fallthrough)
branch  3 taken 0 (throw)
        1:  200-block  1
branch  4 taken 0 (fallthrough)
branch  5 taken 1
    %%%%%:  200-block  2
call    6 never executed
        1:  200-block  3
       1*:  201:    assert(books_vec_2[1].get_book_id() == 1);
        1:  201-block  0
call    0 returned 1
call    1 returned 1
branch  2 taken 1 (fallthrough)
branch  3 taken 0 (throw)
        1:  201-block  1
branch  4 taken 0 (fallthrough)
branch  5 taken 1
    %%%%%:  201-block  2
call    6 never executed
        1:  201-block  3
       1*:  202:    assert(books_vec_2[2].get_book_id() == 0);
        1:  202-block  0
call    0 returned 1
call    1 returned 1
branch  2 taken 1 (fallthrough)
branch  3 taken 0 (throw)
        1:  202-block  1
branch  4 taken 0 (fallthrough)
branch  5 taken 1
    %%%%%:  202-block  2
call    6 never executed
        1:  202-block  3
       1*:  203:    assert(books_vec_2[3].get_book_id() == 3);
        1:  203-block  0
call    0 returned 1
call    1 returned 1
branch  2 taken 1 (fallthrough)
branch  3 taken 0 (throw)
        1:  203-block  1
branch  4 taken 0 (fallthrough)
branch  5 taken 1
    %%%%%:  203-block  2
call    6 never executed
        1:  203-block  3
        -:  204:
        1:  205:    vector<carte> books_vec_3{ srv.sorter_based_on_option(3) };
        1:  205-block  0
call    0 returned 1
branch  1 taken 1 (fallthrough)
branch  2 taken 0 (throw)
        -:  206:
       1*:  207:    assert(books_vec_3.size() == 4);
        1:  207-block  0
call    0 returned 1
branch  1 taken 0 (fallthrough)
branch  2 taken 1
    %%%%%:  207-block  1
call    3 never executed
        1:  207-block  2
       1*:  208:    assert(books_vec_3[0].get_book_id() == 0);
        1:  208-block  0
call    0 returned 1
call    1 returned 1
branch  2 taken 1 (fallthrough)
branch  3 taken 0 (throw)
        1:  208-block  1
branch  4 taken 0 (fallthrough)
branch  5 taken 1
    %%%%%:  208-block  2
call    6 never executed
        1:  208-block  3
       1*:  209:    assert(books_vec_3[1].get_book_id() == 3);
        1:  209-block  0
call    0 returned 1
call    1 returned 1
branch  2 taken 1 (fallthrough)
branch  3 taken 0 (throw)
        1:  209-block  1
branch  4 taken 0 (fallthrough)
branch  5 taken 1
    %%%%%:  209-block  2
call    6 never executed
        1:  209-block  3
       1*:  210:    assert(books_vec_3[2].get_book_id() == 2);
        1:  210-block  0
call    0 returned 1
call    1 returned 1
branch  2 taken 1 (fallthrough)
branch  3 taken 0 (throw)
        1:  210-block  1
branch  4 taken 0 (fallthrough)
branch  5 taken 1
    %%%%%:  210-block  2
call    6 never executed
        1:  210-block  3
       1*:  211:    assert(books_vec_3[3].get_book_id() == 1);
        1:  211-block  0
call    0 returned 1
call    1 returned 1
branch  2 taken 1 (fallthrough)
branch  3 taken 0 (throw)
        1:  211-block  1
branch  4 taken 0 (fallthrough)
branch  5 taken 1
    %%%%%:  211-block  2
call    6 never executed
        1:  211-block  3
        -:  212:
        1:  213:    srv.delete_book_srv(1);
        1:  213-block  0
call    0 returned 1
branch  1 taken 1 (fallthrough)
branch  2 taken 0 (throw)
    $$$$$:  213-block  1
        1:  214:    srv.delete_book_srv(2);
        1:  214-block  0
call    0 returned 1
branch  1 taken 1 (fallthrough)
branch  2 taken 0 (throw)
    $$$$$:  214-block  1
        1:  215:    srv.delete_book_srv(0);
        1:  215-block  0
call    0 returned 1
branch  1 taken 1 (fallthrough)
branch  2 taken 0 (throw)
    $$$$$:  215-block  1
        1:  216:    srv.delete_book_srv(3);
        1:  216-block  0
call    0 returned 1
branch  1 taken 1 (fallthrough)
branch  2 taken 0 (throw)
    $$$$$:  216-block  1
        -:  217:
        1:  218:    vector<carte> books_vec_4{ srv.sorter_based_on_option(3) };
        1:  218-block  0
call    0 returned 1
branch  1 taken 1 (fallthrough)
branch  2 taken 0 (throw)
        -:  219:
       1*:  220:    assert(books_vec_4.size() == 0);
        1:  220-block  0
call    0 returned 1
branch  1 taken 0 (fallthrough)
branch  2 taken 1
    %%%%%:  220-block  1
call    3 never executed
        1:  220-block  2
        1:  221:}
        1:  221-block  0
call    0 returned 1
call    1 returned 1
call    2 returned 1
call    3 returned 1
call    4 returned 1
call    5 returned 1
    $$$$$:  221-block  1
call    6 never executed
    $$$$$:  221-block  2
call    7 never executed
    $$$$$:  221-block  3
call    8 never executed
    $$$$$:  221-block  4
call    9 never executed
    $$$$$:  221-block  5
call   10 never executed
    $$$$$:  221-block  6
call   11 never executed
function _ZN12test_service11test_raportEv called 1 returned 100% blocks executed 49%
        1:  222:void test_service::test_raport() {
        1:  223:    repo books_repo;
        -:  224:    validator_carte validator;
        1:  225:    service_biblioteca srv(books_repo, validator);
        1:  225-block  0
call    0 returned 1
        -:  226:
        6:  227:    srv.add_book_srv("Luis", "Jupanii", "Epic", 1842);
        1:  227-block  0
call    0 returned 1
branch  1 taken 1 (fallthrough)
branch  2 taken 0 (throw)
        1:  227-block  1
call    3 returned 1
branch  4 taken 1 (fallthrough)
branch  5 taken 0 (throw)
        1:  227-block  2
call    6 returned 1
branch  7 taken 1 (fallthrough)
branch  8 taken 0 (throw)
        1:  227-block  3
call    9 returned 1
branch 10 taken 1 (fallthrough)
branch 11 taken 0 (throw)
        1:  227-block  4
call   12 returned 1
        1:  227-block  5
call   13 returned 1
        1:  227-block  6
call   14 returned 1
    $$$$$:  227-block  7
call   15 never executed
    $$$$$:  227-block  8
    $$$$$:  227-block  9
    $$$$$:  227-block 10
call   16 never executed
    $$$$$:  227-block 11
    $$$$$:  227-block 12
    $$$$$:  227-block 13
call   17 never executed
    $$$$$:  227-block 14
    $$$$$:  227-block 15
    $$$$$:  227-block 16
        6:  228:    srv.add_book_srv("Kong", "Maria", "Liric", 2000);
        1:  228-block  0
        1:  228-block  1
call    0 returned 1
branch  1 taken 1 (fallthrough)
branch  2 taken 0 (throw)
        1:  228-block  2
call    3 returned 1
branch  4 taken 1 (fallthrough)
branch  5 taken 0 (throw)
        1:  228-block  3
call    6 returned 1
branch  7 taken 1 (fallthrough)
branch  8 taken 0 (throw)
        1:  228-block  4
call    9 returned 1
branch 10 taken 1 (fallthrough)
branch 11 taken 0 (throw)
        1:  228-block  5
call   12 returned 1
        1:  228-block  6
call   13 returned 1
        1:  228-block  7
call   14 returned 1
    $$$$$:  228-block  8
call   15 never executed
    $$$$$:  228-block  9
    $$$$$:  228-block 10
    $$$$$:  228-block 11
call   16 never executed
    $$$$$:  228-block 12
    $$$$$:  228-block 13
    $$$$$:  228-block 14
call   17 never executed
    $$$$$:  228-block 15
    $$$$$:  228-block 16
    $$$$$:  228-block 17
        6:  229:    srv.add_book_srv("I.L.C", "O scrisoare pierduta", "Dramatic", 2000);
        1:  229-block  0
        1:  229-block  1
call    0 returned 1
branch  1 taken 1 (fallthrough)
branch  2 taken 0 (throw)
        1:  229-block  2
call    3 returned 1
branch  4 taken 1 (fallthrough)
branch  5 taken 0 (throw)
        1:  229-block  3
call    6 returned 1
branch  7 taken 1 (fallthrough)
branch  8 taken 0 (throw)
        1:  229-block  4
call    9 returned 1
branch 10 taken 1 (fallthrough)
branch 11 taken 0 (throw)
        1:  229-block  5
call   12 returned 1
        1:  229-block  6
call   13 returned 1
        1:  229-block  7
call   14 returned 1
    $$$$$:  229-block  8
call   15 never executed
    $$$$$:  229-block  9
    $$$$$:  229-block 10
    $$$$$:  229-block 11
call   16 never executed
    $$$$$:  229-block 12
    $$$$$:  229-block 13
    $$$$$:  229-block 14
call   17 never executed
    $$$$$:  229-block 15
    $$$$$:  229-block 16
    $$$$$:  229-block 17
        -:  230:
        1:  231:    map<string, DTO_carte> rezultat_raport { srv.raport() };
        1:  231-block  0
call    0 returned 1
branch  1 taken 1 (fallthrough)
branch  2 taken 0 (throw)
        -:  232:
       1*:  233:    assert(rezultat_raport.size() == 3);
        1:  233-block  0
call    0 returned 1
branch  1 taken 0 (fallthrough)
branch  2 taken 1
    %%%%%:  233-block  1
call    3 never executed
        1:  233-block  2
       2*:  234:    assert(rezultat_raport["liric"].numar_entitati == 1);
        1:  234-block  0
        1:  234-block  1
call    0 returned 1
branch  1 taken 1 (fallthrough)
branch  2 taken 0 (throw)
        1:  234-block  2
call    3 returned 1
branch  4 taken 1 (fallthrough)
branch  5 taken 0 (throw)
        1:  234-block  3
branch  6 taken 0 (fallthrough)
branch  7 taken 1
    %%%%%:  234-block  4
call    8 never executed
        1:  234-block  5
        1:  234-block  6
branch  9 taken 1 (fallthrough)
branch 10 taken 0
        1:  234-block  7
call   11 returned 1
        1:  234-block  8
branch 12 taken 1 (fallthrough)
branch 13 taken 0
    $$$$$:  234-block  9
branch 14 never executed (fallthrough)
branch 15 never executed
    $$$$$:  234-block 10
call   16 never executed
    $$$$$:  234-block 11
    $$$$$:  234-block 12
branch 17 never executed (fallthrough)
branch 18 never executed
    $$$$$:  234-block 13
        -:  235:
        6:  236:    srv.add_book_srv("Mihai Eminescu", "Luceafar", "Liric", 1883);
        1:  236-block  0
        1:  236-block  1
call    0 returned 1
branch  1 taken 1 (fallthrough)
branch  2 taken 0 (throw)
        1:  236-block  2
call    3 returned 1
branch  4 taken 1 (fallthrough)
branch  5 taken 0 (throw)
        1:  236-block  3
call    6 returned 1
branch  7 taken 1 (fallthrough)
branch  8 taken 0 (throw)
        1:  236-block  4
call    9 returned 1
branch 10 taken 1 (fallthrough)
branch 11 taken 0 (throw)
        1:  236-block  5
call   12 returned 1
        1:  236-block  6
call   13 returned 1
        1:  236-block  7
call   14 returned 1
    $$$$$:  236-block  8
call   15 never executed
    $$$$$:  236-block  9
    $$$$$:  236-block 10
    $$$$$:  236-block 11
call   16 never executed
    $$$$$:  236-block 12
    $$$$$:  236-block 13
    $$$$$:  236-block 14
call   17 never executed
    $$$$$:  236-block 15
    $$$$$:  236-block 16
    $$$$$:  236-block 17
        -:  237:
        1:  238:    map<string, DTO_carte> rezultat_raport_2 { srv.raport() };
        1:  238-block  0
call    0 returned 1
branch  1 taken 1 (fallthrough)
branch  2 taken 0 (throw)
        -:  239:
       1*:  240:    assert(rezultat_raport_2.size() == 3);
        1:  240-block  0
call    0 returned 1
branch  1 taken 0 (fallthrough)
branch  2 taken 1
    %%%%%:  240-block  1
call    3 never executed
        1:  240-block  2
       2*:  241:    assert(rezultat_raport_2["liric"].numar_entitati == 2);
        1:  241-block  0
        1:  241-block  1
call    0 returned 1
branch  1 taken 1 (fallthrough)
branch  2 taken 0 (throw)
        1:  241-block  2
call    3 returned 1
branch  4 taken 1 (fallthrough)
branch  5 taken 0 (throw)
        1:  241-block  3
branch  6 taken 0 (fallthrough)
branch  7 taken 1
    %%%%%:  241-block  4
call    8 never executed
        1:  241-block  5
        1:  241-block  6
branch  9 taken 1 (fallthrough)
branch 10 taken 0
        1:  241-block  7
call   11 returned 1
        1:  241-block  8
branch 12 taken 1 (fallthrough)
branch 13 taken 0
    $$$$$:  241-block  9
branch 14 never executed (fallthrough)
branch 15 never executed
    $$$$$:  241-block 10
call   16 never executed
    $$$$$:  241-block 11
    $$$$$:  241-block 12
branch 17 never executed (fallthrough)
branch 18 never executed
    $$$$$:  241-block 13
        1:  242:}
        1:  242-block  0
call    0 returned 1
call    1 returned 1
call    2 returned 1
call    3 returned 1
    $$$$$:  242-block  1
call    4 never executed
    $$$$$:  242-block  2
call    5 never executed
    $$$$$:  242-block  3
call    6 never executed
    $$$$$:  242-block  4
call    7 never executed
        -:  243:
function _ZN12test_service9test_undoEv called 1 returned 100% blocks executed 51%
        1:  244:void test_service::test_undo() {
        1:  245:    repo books_repo;
        -:  246:    validator_carte validator;
        1:  247:    service_biblioteca srv(books_repo, validator);
        1:  247-block  0
call    0 returned 1
        -:  248:
        6:  249:    srv.add_book_srv("Luis", "Jupanii", "Epic", 1842);
        1:  249-block  0
call    0 returned 1
branch  1 taken 1 (fallthrough)
branch  2 taken 0 (throw)
        1:  249-block  1
call    3 returned 1
branch  4 taken 1 (fallthrough)
branch  5 taken 0 (throw)
        1:  249-block  2
call    6 returned 1
branch  7 taken 1 (fallthrough)
branch  8 taken 0 (throw)
        1:  249-block  3
call    9 returned 1
branch 10 taken 1 (fallthrough)
branch 11 taken 0 (throw)
        1:  249-block  4
call   12 returned 1
        1:  249-block  5
call   13 returned 1
        1:  249-block  6
call   14 returned 1
    $$$$$:  249-block  7
call   15 never executed
    $$$$$:  249-block  8
    $$$$$:  249-block  9
    $$$$$:  249-block 10
call   16 never executed
    $$$$$:  249-block 11
    $$$$$:  249-block 12
    $$$$$:  249-block 13
call   17 never executed
    $$$$$:  249-block 14
    $$$$$:  249-block 15
    $$$$$:  249-block 16
        6:  250:    srv.add_book_srv("Kong", "Maria", "Liric", 2000);
        1:  250-block  0
        1:  250-block  1
call    0 returned 1
branch  1 taken 1 (fallthrough)
branch  2 taken 0 (throw)
        1:  250-block  2
call    3 returned 1
branch  4 taken 1 (fallthrough)
branch  5 taken 0 (throw)
        1:  250-block  3
call    6 returned 1
branch  7 taken 1 (fallthrough)
branch  8 taken 0 (throw)
        1:  250-block  4
call    9 returned 1
branch 10 taken 1 (fallthrough)
branch 11 taken 0 (throw)
        1:  250-block  5
call   12 returned 1
        1:  250-block  6
call   13 returned 1
        1:  250-block  7
call   14 returned 1
    $$$$$:  250-block  8
call   15 never executed
    $$$$$:  250-block  9
    $$$$$:  250-block 10
    $$$$$:  250-block 11
call   16 never executed
    $$$$$:  250-block 12
    $$$$$:  250-block 13
    $$$$$:  250-block 14
call   17 never executed
    $$$$$:  250-block 15
    $$$$$:  250-block 16
    $$$$$:  250-block 17
        6:  251:    srv.add_book_srv("I.L.C", "O scrisoare pierduta", "Dramatic", 2000);
        1:  251-block  0
        1:  251-block  1
call    0 returned 1
branch  1 taken 1 (fallthrough)
branch  2 taken 0 (throw)
        1:  251-block  2
call    3 returned 1
branch  4 taken 1 (fallthrough)
branch  5 taken 0 (throw)
        1:  251-block  3
call    6 returned 1
branch  7 taken 1 (fallthrough)
branch  8 taken 0 (throw)
        1:  251-block  4
call    9 returned 1
branch 10 taken 1 (fallthrough)
branch 11 taken 0 (throw)
        1:  251-block  5
call   12 returned 1
        1:  251-block  6
call   13 returned 1
        1:  251-block  7
call   14 returned 1
    $$$$$:  251-block  8
call   15 never executed
    $$$$$:  251-block  9
    $$$$$:  251-block 10
    $$$$$:  251-block 11
call   16 never executed
    $$$$$:  251-block 12
    $$$$$:  251-block 13
    $$$$$:  251-block 14
call   17 never executed
    $$$$$:  251-block 15
    $$$$$:  251-block 16
    $$$$$:  251-block 17
        -:  252:
        1:  253:    srv.do_undo();
        1:  253-block  0
call    0 returned 1
branch  1 taken 1 (fallthrough)
branch  2 taken 0 (throw)
        -:  254:
       1*:  255:    assert(srv.get_all_srv().size() == 2);
        1:  255-block  0
call    0 returned 1
call    1 returned 1
branch  2 taken 0 (fallthrough)
branch  3 taken 1
    %%%%%:  255-block  1
call    4 never executed
        1:  255-block  2
        -:  256:
        1:  257:    srv.delete_book_srv(1);
        1:  257-block  0
call    0 returned 1
branch  1 taken 1 (fallthrough)
branch  2 taken 0 (throw)
    $$$$$:  257-block  1
        -:  258:
       1*:  259:    assert(srv.get_all_srv().size() == 1);
        1:  259-block  0
call    0 returned 1
call    1 returned 1
branch  2 taken 0 (fallthrough)
branch  3 taken 1
    %%%%%:  259-block  1
call    4 never executed
        1:  259-block  2
        -:  260:
        1:  261:    srv.do_undo();
        1:  261-block  0
call    0 returned 1
branch  1 taken 1 (fallthrough)
branch  2 taken 0 (throw)
        -:  262:
       1*:  263:    assert(srv.get_all_srv().size() == 2);
        1:  263-block  0
call    0 returned 1
call    1 returned 1
branch  2 taken 0 (fallthrough)
branch  3 taken 1
    %%%%%:  263-block  1
call    4 never executed
        1:  263-block  2
        -:  264:
        6:  265:    srv.modify_book_srv("Marius Cimpeu", "O draga mama", "liric", 1973, 1);
        1:  265-block  0
        1:  265-block  1
call    0 returned 1
branch  1 taken 1 (fallthrough)
branch  2 taken 0 (throw)
        1:  265-block  2
call    3 returned 1
branch  4 taken 1 (fallthrough)
branch  5 taken 0 (throw)
        1:  265-block  3
call    6 returned 1
branch  7 taken 1 (fallthrough)
branch  8 taken 0 (throw)
        1:  265-block  4
call    9 returned 1
branch 10 taken 1 (fallthrough)
branch 11 taken 0 (throw)
        1:  265-block  5
call   12 returned 1
        1:  265-block  6
call   13 returned 1
        1:  265-block  7
call   14 returned 1
    $$$$$:  265-block  8
call   15 never executed
    $$$$$:  265-block  9
    $$$$$:  265-block 10
    $$$$$:  265-block 11
call   16 never executed
    $$$$$:  265-block 12
    $$$$$:  265-block 13
    $$$$$:  265-block 14
call   17 never executed
    $$$$$:  265-block 15
    $$$$$:  265-block 16
    $$$$$:  265-block 17
    $$$$$:  265-block 18
        -:  266:
        1:  267:    srv.do_undo();
        1:  267-block  0
call    0 returned 1
branch  1 taken 1 (fallthrough)
branch  2 taken 0 (throw)
        -:  268:
       1*:  269:    assert(srv.get_all_srv().size() == 2);
        1:  269-block  0
call    0 returned 1
call    1 returned 1
branch  2 taken 0 (fallthrough)
branch  3 taken 1
    %%%%%:  269-block  1
call    4 never executed
        1:  269-block  2
        -:  270:
        1:  271:    srv.do_undo();
        1:  271-block  0
call    0 returned 1
branch  1 taken 1 (fallthrough)
branch  2 taken 0 (throw)
        1:  272:    srv.do_undo();
        1:  272-block  0
call    0 returned 1
branch  1 taken 1 (fallthrough)
branch  2 taken 0 (throw)
        -:  273:
        -:  274:    try{
        1:  275:        srv.do_undo();
        1:  275-block  0
call    0 returned 1
branch  1 taken 0 (fallthrough)
branch  2 taken 1 (throw)
    #####:  276:        assert(false);
    %%%%%:  276-block  0
call    0 never executed
        -:  277:    }
        1:  278:    catch(const books_service_exception& ex){
        1:  278-block  0
branch  0 taken 0 (fallthrough)
branch  1 taken 1
        1:  278-block  1
call    2 returned 1
        1:  279:        stringstream ss;
call    0 returned 1
branch  1 taken 1 (fallthrough)
branch  2 taken 0 (throw)
        1:  280:        ss << ex;
        1:  280-block  0
call    0 returned 1
branch  1 taken 1 (fallthrough)
branch  2 taken 0 (throw)
        1:  281:        assert(ss.str().find("No undo to be done") == 0);
        1:  281-block  0
call    0 returned 1
branch  1 taken 1 (fallthrough)
branch  2 taken 0 (throw)
        1:  281-block  1
call    3 returned 1
branch  4 taken 0 (fallthrough)
branch  5 taken 1
    $$$$$:  281-block  2
call    6 never executed
        1:  281-block  3
        1:  281-block  4
branch  7 taken 1 (fallthrough)
branch  8 taken 0
        1:  281-block  5
call    9 returned 1
    $$$$$:  281-block  6
branch 10 never executed (fallthrough)
branch 11 never executed
    $$$$$:  281-block  7
call   12 never executed
    $$$$$:  281-block  8
        1:  282:    }
        1:  282-block  0
call    0 returned 1
call    1 returned 1
    $$$$$:  282-block  1
call    2 never executed
    $$$$$:  282-block  2
call    3 never executed
        1:  283:}
call    0 returned 1
call    1 returned 1
    $$$$$:  283-block  0
call    2 never executed
    $$$$$:  283-block  1
call    3 never executed
