        -:    0:Source:D:/SEM 2 AN 1/OOP/lab6-7_clion/lab6-7_clion/Headers/carte.h
        -:    0:Graph:D:\SEM 2 AN 1\OOP\lab6-7_clion\lab6-7_clion\cmake-build-debug-coverage\CMakeFiles\lab6_7_clion.dir\teste\test_validator.cpp.gcno
        -:    0:Data:D:\SEM 2 AN 1\OOP\lab6-7_clion\lab6-7_clion\cmake-build-debug-coverage\CMakeFiles\lab6_7_clion.dir\teste\test_validator.cpp.gcda
        -:    0:Runs:1
        -:    1://
        -:    2:// Created by obrej on 4/10/2024.
        -:    3://
        -:    4:
        -:    5:
        -:    6:#ifndef LAB6_7_CLION_CARTE_H
        -:    7:#define LAB6_7_CLION_CARTE_H
        -:    8:
        -:    9:#include <string>
        -:   10:#include <vector>
        -:   11:#include <ostream>
        -:   12:
        -:   13:using std::vector;
        -:   14:using std::string;
        -:   15:using std::ostream;
        -:   16:
        -:   17:class carte
        -:   18:{
        -:   19:private:
        -:   20:    string author,
        -:   21:            title,
        -:   22:            genre;
        -:   23:    int publication_year,
        -:   24:            book_id;
        -:   25:
        -:   26:public:
function _ZN5carteC1ENSt7__cxx1112basic_stringIcSt11char_traitsIcESaIcEEES5_S5_ii called 0 returned 0% blocks executed 0%
    #####:   27:    carte(const string author, const string title, const string genre, const int year, const int id)
    #####:   28:            :author{ author }, title{ title }, genre{ genre }, publication_year{ year }, book_id{ id }{}
    %%%%%:   28-block  0
call    0 never executed
call    1 never executed
branch  2 never executed (fallthrough)
branch  3 never executed (throw)
    %%%%%:   28-block  1
call    4 never executed
branch  5 never executed (fallthrough)
branch  6 never executed (throw)
    %%%%%:   28-block  2
    $$$$$:   28-block  3
call    7 never executed
    $$$$$:   28-block  4
call    8 never executed
        -:   29:
        -:   30:    string get_author() const;
        -:   31:    string get_title() const;
        -:   32:    string get_genre() const;
        -:   33:    int get_publication_year() const;
        -:   34:    int get_book_id() const;
        -:   35:
        -:   36:};
        -:   37:
        -:   38:#endif
