        -:    0:Source:/mnt/d/INFO 2/SEM 2/OOP/lab6-7---oop/Headers/service_biblioteca.h
        -:    0:Graph:/mnt/d/INFO 2/SEM 2/OOP/lab6-7---oop/cmake-build-debug-coverage/CMakeFiles/lab6_7_clion.dir/teste/test_service.cpp.gcno
        -:    0:Data:/mnt/d/INFO 2/SEM 2/OOP/lab6-7---oop/cmake-build-debug-coverage/CMakeFiles/lab6_7_clion.dir/teste/test_service.cpp.gcda
        -:    0:Runs:1
        -:    1://
        -:    2:// Created by obrej on 4/10/2024.
        -:    3://
        -:    4:
        -:    5:
        -:    6:#ifndef LAB6_7_CLION_SERVICE_BIBLIOTECA_H
        -:    7:#define LAB6_7_CLION_SERVICE_BIBLIOTECA_H
        -:    8:
        -:    9:#include <string>
        -:   10:#include "carte.h"
        -:   11:#include "repo.h"
        -:   12:#include "validator.h"
        -:   13:
        -:   14:class service_biblioteca {
        -:   15:private:
        -:   16:    repo& repo_carti;
        -:   17:    validator_carte& validator;
        -:   18:public:
function _ZN18service_bibliotecaC2ER4repoR15validator_carte called 7 returned 100% blocks executed 100%
        7:   19:    service_biblioteca(repo &repo_carti_obj, validator_carte& validator_obj):
        7:   20:        repo_carti{repo_carti_obj}, validator{validator_obj}{}
        -:   21:
        -:   22:    service_biblioteca(const service_biblioteca& other) = delete; // blocam copierea service lui
        -:   23:
        -:   24:    const vector<carte>& get_reference_from_vector_srv() const noexcept;
        -:   25:
        -:   26:    void add_book_srv(const string& autor, const string& titlu, const string& genre, const int& an);
        -:   27:
        -:   28:    void delete_book_srv(const int& id);
        -:   29:
        -:   30:    void modify_book_srv(const string& autor, const string& titlu, const string& genre, const int& an, const int& id);
        -:   31:
        -:   32:    const vector<carte>& get_all_srv() noexcept;
        -:   33:
        -:   34:    const vector<carte> filter_srv(const int an, const string titlu) const;
        -:   35:
        -:   36:    const vector<carte> sorter_based_on_option(int option) const;
        -:   37:
        -:   38:    const carte& search_for_book(const std::string &autor, const std::string &titlu, const std::string &genre,
        -:   39:                                 const int &an);
        -:   40:
        -:   41:};
        -:   42:
        -:   43:
        -:   44:#endif //LAB6_7_CLION_SERVICE_BIBLIOTECA_H
