        -:    0:Source:/mnt/d/INFO 2/SEM 2/OOP/lab6-7---oop/teste/test_service.cpp
        -:    0:Graph:/mnt/d/INFO 2/SEM 2/OOP/lab6-7---oop/cmake-build-debug-coverage/CMakeFiles/lab6_7_clion.dir/teste/test_service.cpp.gcno
        -:    0:Data:/mnt/d/INFO 2/SEM 2/OOP/lab6-7---oop/cmake-build-debug-coverage/CMakeFiles/lab6_7_clion.dir/teste/test_service.cpp.gcda
        -:    0:Runs:1
        -:    1://
        -:    2:// Created by obrej on 4/12/2024.
        -:    3://
        -:    4:
        -:    5:#include <vector>
        -:    6:#include <cassert>
        -:    7:#include <sstream>
        -:    8:#include "../Headers/teste.h"
        -:    9:#include "../Headers/service_biblioteca.h"
        -:   10:#include "../Headers/validator.h"
        -:   11:
        -:   12:using std::stringstream;
        -:   13:using std::vector;
function _ZN12test_service17run_service_testsEv called 1 returned 100% blocks executed 100%
        1:   14:void test_service::run_service_tests() {
        1:   15:    test_add();
        1:   15-block  0
call    0 returned 1
        1:   16:    test_delete();
call    0 returned 1
        1:   17:    test_modify();
call    0 returned 1
        1:   18:    test_get_all();
call    0 returned 1
        1:   19:    test_filter();
call    0 returned 1
        1:   20:    test_sort();
call    0 returned 1
        1:   21:    test_search_book();
call    0 returned 1
        1:   22:}
        -:   23:
function _ZN12test_service8test_addEv called 1 returned 100% blocks executed 56%
        1:   24:void test_service::test_add() {
        1:   25:    repo book_repo;
        1:   25-block  0
call    0 returned 1
        -:   26:    validator_carte validator;
        1:   27:    service_biblioteca srv{book_repo, validator};
call    0 returned 1
        -:   28:
        1:   29:    srv.add_book_srv("Luis", "Jupanii", "Epic", 1842);
call    0 returned 1
call    1 returned 1
branch  2 taken 1 (fallthrough)
branch  3 taken 0 (throw)
        1:   29-block  0
call    4 returned 1
call    5 returned 1
branch  6 taken 1 (fallthrough)
branch  7 taken 0 (throw)
        1:   29-block  1
call    8 returned 1
call    9 returned 1
branch 10 taken 1 (fallthrough)
branch 11 taken 0 (throw)
        1:   29-block  2
call   12 returned 1
branch 13 taken 1 (fallthrough)
branch 14 taken 0 (throw)
        1:   29-block  3
call   15 returned 1
call   16 returned 1
call   17 returned 1
call   18 returned 1
call   19 returned 1
call   20 returned 1
    $$$$$:   29-block  4
call   21 never executed
    $$$$$:   29-block  5
    $$$$$:   29-block  6
call   22 never executed
    $$$$$:   29-block  7
    $$$$$:   29-block  8
call   23 never executed
    $$$$$:   29-block  9
    $$$$$:   29-block 10
call   24 never executed
    $$$$$:   29-block 11
    $$$$$:   29-block 12
call   25 never executed
    $$$$$:   29-block 13
    $$$$$:   29-block 14
call   26 never executed
    $$$$$:   29-block 15
    $$$$$:   29-block 16
        1:   30:    srv.add_book_srv("Kong", "Maria", "Liric", 1940);
call    0 returned 1
call    1 returned 1
branch  2 taken 1 (fallthrough)
branch  3 taken 0 (throw)
        1:   30-block  0
call    4 returned 1
call    5 returned 1
branch  6 taken 1 (fallthrough)
branch  7 taken 0 (throw)
        1:   30-block  1
call    8 returned 1
call    9 returned 1
branch 10 taken 1 (fallthrough)
branch 11 taken 0 (throw)
        1:   30-block  2
call   12 returned 1
branch 13 taken 1 (fallthrough)
branch 14 taken 0 (throw)
        1:   30-block  3
call   15 returned 1
call   16 returned 1
call   17 returned 1
call   18 returned 1
call   19 returned 1
call   20 returned 1
    $$$$$:   30-block  4
call   21 never executed
    $$$$$:   30-block  5
    $$$$$:   30-block  6
call   22 never executed
    $$$$$:   30-block  7
    $$$$$:   30-block  8
call   23 never executed
    $$$$$:   30-block  9
    $$$$$:   30-block 10
call   24 never executed
    $$$$$:   30-block 11
    $$$$$:   30-block 12
call   25 never executed
    $$$$$:   30-block 13
    $$$$$:   30-block 14
call   26 never executed
    $$$$$:   30-block 15
    $$$$$:   30-block 16
        -:   31:
        -:   32:    try{
       7*:   33:        srv.add_book_srv("", "Fabulos", "Liric", 1900);
call    0 returned 1
call    1 returned 1
branch  2 taken 1 (fallthrough)
branch  3 taken 0 (throw)
        1:   33-block  0
call    4 returned 1
call    5 returned 1
branch  6 taken 1 (fallthrough)
branch  7 taken 0 (throw)
        1:   33-block  1
call    8 returned 1
call    9 returned 1
branch 10 taken 1 (fallthrough)
branch 11 taken 0 (throw)
        1:   33-block  2
call   12 returned 1
branch 13 taken 0 (fallthrough)
branch 14 taken 1 (throw)
    %%%%%:   33-block  3
call   15 never executed
call   16 never executed
call   17 never executed
call   18 never executed
call   19 never executed
call   20 never executed
        1:   33-block  4
call   21 returned 1
        1:   33-block  5
        1:   33-block  6
call   22 returned 1
        1:   33-block  7
        1:   33-block  8
call   23 returned 1
        1:   33-block  9
        1:   33-block 10
call   24 returned 1
        1:   33-block 11
        1:   33-block 12
call   25 returned 1
        1:   33-block 13
        1:   33-block 14
call   26 returned 1
        1:   33-block 15
        1:   33-block 16
    #####:   34:        assert(false);
call    0 never executed
        -:   35:    }
        1:   36:    catch(const book_validation_exception&){
        1:   36-block  0
branch  0 taken 0 (fallthrough)
branch  1 taken 1
        1:   36-block  1
call    2 returned 1
        -:   37:        assert(true);
        1:   38:    }
call    0 returned 1
branch  1 taken 1 (fallthrough)
branch  2 taken 0 (throw)
        -:   39:
        1:   40:}
        1:   40-block  0
call    0 returned 1
    $$$$$:   40-block  1
call    1 never executed
        -:   41:
function _ZN12test_service11test_deleteEv called 1 returned 100% blocks executed 50%
        1:   42:void test_service::test_delete() {
        1:   43:    repo book_repo;
        1:   43-block  0
call    0 returned 1
        -:   44:    validator_carte validator;
        1:   45:    service_biblioteca srv{book_repo, validator};
call    0 returned 1
        -:   46:
        1:   47:    srv.add_book_srv("Luis", "Jupanii", "Epic", 1842);
call    0 returned 1
call    1 returned 1
branch  2 taken 1 (fallthrough)
branch  3 taken 0 (throw)
        1:   47-block  0
call    4 returned 1
call    5 returned 1
branch  6 taken 1 (fallthrough)
branch  7 taken 0 (throw)
        1:   47-block  1
call    8 returned 1
call    9 returned 1
branch 10 taken 1 (fallthrough)
branch 11 taken 0 (throw)
        1:   47-block  2
call   12 returned 1
branch 13 taken 1 (fallthrough)
branch 14 taken 0 (throw)
        1:   47-block  3
call   15 returned 1
call   16 returned 1
call   17 returned 1
call   18 returned 1
call   19 returned 1
call   20 returned 1
    $$$$$:   47-block  4
call   21 never executed
    $$$$$:   47-block  5
    $$$$$:   47-block  6
call   22 never executed
    $$$$$:   47-block  7
    $$$$$:   47-block  8
call   23 never executed
    $$$$$:   47-block  9
    $$$$$:   47-block 10
call   24 never executed
    $$$$$:   47-block 11
    $$$$$:   47-block 12
call   25 never executed
    $$$$$:   47-block 13
    $$$$$:   47-block 14
call   26 never executed
    $$$$$:   47-block 15
    $$$$$:   47-block 16
        1:   48:    srv.add_book_srv("Kong", "Maria", "Liric", 1940);
call    0 returned 1
call    1 returned 1
branch  2 taken 1 (fallthrough)
branch  3 taken 0 (throw)
        1:   48-block  0
call    4 returned 1
call    5 returned 1
branch  6 taken 1 (fallthrough)
branch  7 taken 0 (throw)
        1:   48-block  1
call    8 returned 1
call    9 returned 1
branch 10 taken 1 (fallthrough)
branch 11 taken 0 (throw)
        1:   48-block  2
call   12 returned 1
branch 13 taken 1 (fallthrough)
branch 14 taken 0 (throw)
        1:   48-block  3
call   15 returned 1
call   16 returned 1
call   17 returned 1
call   18 returned 1
call   19 returned 1
call   20 returned 1
    $$$$$:   48-block  4
call   21 never executed
    $$$$$:   48-block  5
    $$$$$:   48-block  6
call   22 never executed
    $$$$$:   48-block  7
    $$$$$:   48-block  8
call   23 never executed
    $$$$$:   48-block  9
    $$$$$:   48-block 10
call   24 never executed
    $$$$$:   48-block 11
    $$$$$:   48-block 12
call   25 never executed
    $$$$$:   48-block 13
    $$$$$:   48-block 14
call   26 never executed
    $$$$$:   48-block 15
    $$$$$:   48-block 16
        -:   49:
        1:   50:    srv.delete_book_srv(0);
call    0 returned 1
branch  1 taken 1 (fallthrough)
branch  2 taken 0 (throw)
    $$$$$:   50-block  0
       1*:   51:    assert(srv.get_all_srv().size() == 1);
        1:   51-block  0
call    0 returned 1
call    1 returned 1
branch  2 taken 0 (fallthrough)
branch  3 taken 1
    %%%%%:   51-block  1
call    4 never executed
        -:   52:
        -:   53:    try{
       1*:   54:        srv.delete_book_srv(0);
        1:   54-block  0
call    0 returned 1
branch  1 taken 0 (fallthrough)
branch  2 taken 1 (throw)
        1:   54-block  1
    #####:   55:        assert(false);
    %%%%%:   55-block  0
call    0 never executed
        -:   56:    }
        1:   57:    catch(const book_repo_exception&){
        1:   57-block  0
branch  0 taken 0 (fallthrough)
branch  1 taken 1
        1:   57-block  1
call    2 returned 1
        -:   58:        assert(true);
        1:   59:    }
call    0 returned 1
branch  1 taken 1 (fallthrough)
branch  2 taken 0 (throw)
        -:   60:
        -:   61:    try{
        1:   62:        srv.delete_book_srv(2);
        1:   62-block  0
call    0 returned 1
branch  1 taken 0 (fallthrough)
branch  2 taken 1 (throw)
        1:   62-block  1
    =====:   63:        assert(false);
    $$$$$:   63-block  0
call    0 never executed
        -:   64:    }
        1:   65:    catch(const book_repo_exception& ex){
        1:   65-block  0
branch  0 taken 0 (fallthrough)
branch  1 taken 1
        1:   65-block  1
call    2 returned 1
        1:   66:        stringstream ss;
call    0 returned 1
branch  1 taken 1 (fallthrough)
branch  2 taken 0 (throw)
        1:   67:        ss << ex;
        1:   67-block  0
call    0 returned 1
branch  1 taken 1 (fallthrough)
branch  2 taken 0 (throw)
        1:   68:        assert(ss.str().find("Cartea cu id-ul") == 0);
        1:   68-block  0
call    0 returned 1
branch  1 taken 1 (fallthrough)
branch  2 taken 0 (throw)
        1:   68-block  1
call    3 returned 1
branch  4 taken 0 (fallthrough)
branch  5 taken 1
    $$$$$:   68-block  2
call    6 never executed
        1:   68-block  3
call    7 returned 1
        1:   69:        ss.clear();
call    0 returned 1
branch  1 taken 1 (fallthrough)
branch  2 taken 0 (throw)
        1:   70:    }
        1:   70-block  0
call    0 returned 1
call    1 returned 1
branch  2 taken 1 (fallthrough)
branch  3 taken 0 (throw)
    $$$$$:   70-block  1
call    4 never executed
    $$$$$:   70-block  2
call    5 never executed
        -:   71:
        1:   72:}
        1:   72-block  0
call    0 returned 1
    $$$$$:   72-block  1
call    1 never executed
        -:   73:
function _ZN12test_service11test_modifyEv called 1 returned 100% blocks executed 61%
        1:   74:void test_service::test_modify() {
        1:   75:    repo book_repo;
        1:   75-block  0
call    0 returned 1
        -:   76:    validator_carte validator;
        1:   77:    service_biblioteca srv{book_repo, validator};
call    0 returned 1
        -:   78:
        1:   79:    srv.add_book_srv("Luis", "Jupanii", "Epic", 1842);
call    0 returned 1
call    1 returned 1
branch  2 taken 1 (fallthrough)
branch  3 taken 0 (throw)
        1:   79-block  0
call    4 returned 1
call    5 returned 1
branch  6 taken 1 (fallthrough)
branch  7 taken 0 (throw)
        1:   79-block  1
call    8 returned 1
call    9 returned 1
branch 10 taken 1 (fallthrough)
branch 11 taken 0 (throw)
        1:   79-block  2
call   12 returned 1
branch 13 taken 1 (fallthrough)
branch 14 taken 0 (throw)
        1:   79-block  3
call   15 returned 1
call   16 returned 1
call   17 returned 1
call   18 returned 1
call   19 returned 1
call   20 returned 1
    $$$$$:   79-block  4
call   21 never executed
    $$$$$:   79-block  5
    $$$$$:   79-block  6
call   22 never executed
    $$$$$:   79-block  7
    $$$$$:   79-block  8
call   23 never executed
    $$$$$:   79-block  9
    $$$$$:   79-block 10
call   24 never executed
    $$$$$:   79-block 11
    $$$$$:   79-block 12
call   25 never executed
    $$$$$:   79-block 13
    $$$$$:   79-block 14
call   26 never executed
    $$$$$:   79-block 15
    $$$$$:   79-block 16
        1:   80:    srv.add_book_srv("Kong", "Maria", "Liric", 1940);
call    0 returned 1
call    1 returned 1
branch  2 taken 1 (fallthrough)
branch  3 taken 0 (throw)
        1:   80-block  0
call    4 returned 1
call    5 returned 1
branch  6 taken 1 (fallthrough)
branch  7 taken 0 (throw)
        1:   80-block  1
call    8 returned 1
call    9 returned 1
branch 10 taken 1 (fallthrough)
branch 11 taken 0 (throw)
        1:   80-block  2
call   12 returned 1
branch 13 taken 1 (fallthrough)
branch 14 taken 0 (throw)
        1:   80-block  3
call   15 returned 1
call   16 returned 1
call   17 returned 1
call   18 returned 1
call   19 returned 1
call   20 returned 1
    $$$$$:   80-block  4
call   21 never executed
    $$$$$:   80-block  5
    $$$$$:   80-block  6
call   22 never executed
    $$$$$:   80-block  7
    $$$$$:   80-block  8
call   23 never executed
    $$$$$:   80-block  9
    $$$$$:   80-block 10
call   24 never executed
    $$$$$:   80-block 11
    $$$$$:   80-block 12
call   25 never executed
    $$$$$:   80-block 13
    $$$$$:   80-block 14
call   26 never executed
    $$$$$:   80-block 15
    $$$$$:   80-block 16
        -:   81:
        -:   82:    try{
       7*:   83:        srv.modify_book_srv("", "Fabulos", "Liric", 1900, 0);
call    0 returned 1
call    1 returned 1
branch  2 taken 1 (fallthrough)
branch  3 taken 0 (throw)
        1:   83-block  0
call    4 returned 1
call    5 returned 1
branch  6 taken 1 (fallthrough)
branch  7 taken 0 (throw)
        1:   83-block  1
call    8 returned 1
call    9 returned 1
branch 10 taken 1 (fallthrough)
branch 11 taken 0 (throw)
        1:   83-block  2
call   12 returned 1
branch 13 taken 0 (fallthrough)
branch 14 taken 1 (throw)
    %%%%%:   83-block  3
call   15 never executed
call   16 never executed
call   17 never executed
call   18 never executed
call   19 never executed
call   20 never executed
        1:   83-block  4
call   21 returned 1
        1:   83-block  5
        1:   83-block  6
call   22 returned 1
        1:   83-block  7
        1:   83-block  8
call   23 returned 1
        1:   83-block  9
        1:   83-block 10
call   24 returned 1
        1:   83-block 11
        1:   83-block 12
call   25 returned 1
        1:   83-block 13
        1:   83-block 14
call   26 returned 1
        1:   83-block 15
        1:   83-block 16
        1:   83-block 17
    #####:   84:        assert(false);
call    0 never executed
        -:   85:    }
        1:   86:    catch(const book_validation_exception&){
        1:   86-block  0
branch  0 taken 0 (fallthrough)
branch  1 taken 1
        1:   86-block  1
call    2 returned 1
        -:   87:        assert(true);
        1:   88:    }
call    0 returned 1
branch  1 taken 1 (fallthrough)
branch  2 taken 0 (throw)
        -:   89:
        -:   90:    try{
        7:   91:        srv.modify_book_srv("Justin", "Fabulos", "Liric", 1900, 2);
        1:   91-block  0
call    0 returned 1
call    1 returned 1
branch  2 taken 1 (fallthrough)
branch  3 taken 0 (throw)
        1:   91-block  1
call    4 returned 1
call    5 returned 1
branch  6 taken 1 (fallthrough)
branch  7 taken 0 (throw)
        1:   91-block  2
call    8 returned 1
call    9 returned 1
branch 10 taken 1 (fallthrough)
branch 11 taken 0 (throw)
        1:   91-block  3
call   12 returned 1
branch 13 taken 0 (fallthrough)
branch 14 taken 1 (throw)
    $$$$$:   91-block  4
call   15 never executed
call   16 never executed
call   17 never executed
call   18 never executed
call   19 never executed
call   20 never executed
        1:   91-block  5
call   21 returned 1
        1:   91-block  6
        1:   91-block  7
call   22 returned 1
        1:   91-block  8
        1:   91-block  9
call   23 returned 1
        1:   91-block 10
        1:   91-block 11
call   24 returned 1
        1:   91-block 12
        1:   91-block 13
call   25 returned 1
        1:   91-block 14
        1:   91-block 15
call   26 returned 1
        1:   91-block 16
        1:   91-block 17
        1:   91-block 18
    =====:   92:        assert(false);
call    0 never executed
        -:   93:    }
        1:   94:    catch(const book_repo_exception& ex){
        1:   94-block  0
branch  0 taken 0 (fallthrough)
branch  1 taken 1
        1:   94-block  1
call    2 returned 1
        1:   95:        stringstream ss;
call    0 returned 1
branch  1 taken 1 (fallthrough)
branch  2 taken 0 (throw)
        1:   96:        ss << ex;
        1:   96-block  0
call    0 returned 1
branch  1 taken 1 (fallthrough)
branch  2 taken 0 (throw)
        1:   97:        assert(ss.str().find("Doesn't exist book with id:") == 0);
        1:   97-block  0
call    0 returned 1
branch  1 taken 1 (fallthrough)
branch  2 taken 0 (throw)
        1:   97-block  1
call    3 returned 1
branch  4 taken 0 (fallthrough)
branch  5 taken 1
    $$$$$:   97-block  2
call    6 never executed
        1:   97-block  3
call    7 returned 1
        1:   98:        ss.clear();
call    0 returned 1
branch  1 taken 1 (fallthrough)
branch  2 taken 0 (throw)
        1:   99:    }
        1:   99-block  0
call    0 returned 1
call    1 returned 1
branch  2 taken 1 (fallthrough)
branch  3 taken 0 (throw)
    $$$$$:   99-block  1
call    4 never executed
    $$$$$:   99-block  2
call    5 never executed
        1:  100:}
        1:  100-block  0
call    0 returned 1
    $$$$$:  100-block  1
call    1 never executed
        -:  101:
function _ZN12test_service12test_get_allEv called 1 returned 100% blocks executed 54%
        1:  102:void test_service::test_get_all() {
        1:  103:    repo book_repo;
        1:  103-block  0
call    0 returned 1
        -:  104:    validator_carte validator;
        1:  105:    service_biblioteca srv{book_repo, validator};
call    0 returned 1
        -:  106:
        1:  107:    srv.add_book_srv("Luis", "Jupanii", "Epic", 1842);
call    0 returned 1
call    1 returned 1
branch  2 taken 1 (fallthrough)
branch  3 taken 0 (throw)
        1:  107-block  0
call    4 returned 1
call    5 returned 1
branch  6 taken 1 (fallthrough)
branch  7 taken 0 (throw)
        1:  107-block  1
call    8 returned 1
call    9 returned 1
branch 10 taken 1 (fallthrough)
branch 11 taken 0 (throw)
        1:  107-block  2
call   12 returned 1
branch 13 taken 1 (fallthrough)
branch 14 taken 0 (throw)
        1:  107-block  3
call   15 returned 1
call   16 returned 1
call   17 returned 1
call   18 returned 1
call   19 returned 1
call   20 returned 1
    $$$$$:  107-block  4
call   21 never executed
    $$$$$:  107-block  5
    $$$$$:  107-block  6
call   22 never executed
    $$$$$:  107-block  7
    $$$$$:  107-block  8
call   23 never executed
    $$$$$:  107-block  9
    $$$$$:  107-block 10
call   24 never executed
    $$$$$:  107-block 11
    $$$$$:  107-block 12
call   25 never executed
    $$$$$:  107-block 13
    $$$$$:  107-block 14
call   26 never executed
    $$$$$:  107-block 15
    $$$$$:  107-block 16
        1:  108:    srv.add_book_srv("Kong", "Maria", "Liric", 1940);
call    0 returned 1
call    1 returned 1
branch  2 taken 1 (fallthrough)
branch  3 taken 0 (throw)
        1:  108-block  0
call    4 returned 1
call    5 returned 1
branch  6 taken 1 (fallthrough)
branch  7 taken 0 (throw)
        1:  108-block  1
call    8 returned 1
call    9 returned 1
branch 10 taken 1 (fallthrough)
branch 11 taken 0 (throw)
        1:  108-block  2
call   12 returned 1
branch 13 taken 1 (fallthrough)
branch 14 taken 0 (throw)
        1:  108-block  3
call   15 returned 1
call   16 returned 1
call   17 returned 1
call   18 returned 1
call   19 returned 1
call   20 returned 1
    $$$$$:  108-block  4
call   21 never executed
    $$$$$:  108-block  5
    $$$$$:  108-block  6
call   22 never executed
    $$$$$:  108-block  7
    $$$$$:  108-block  8
call   23 never executed
    $$$$$:  108-block  9
    $$$$$:  108-block 10
call   24 never executed
    $$$$$:  108-block 11
    $$$$$:  108-block 12
call   25 never executed
    $$$$$:  108-block 13
    $$$$$:  108-block 14
call   26 never executed
    $$$$$:  108-block 15
    $$$$$:  108-block 16
        -:  109:
        1:  110:    vector<carte> vec_carti{ book_repo.get_all() };
call    0 returned 1
call    1 returned 1
branch  2 taken 1 (fallthrough)
branch  3 taken 0 (throw)
        -:  111:
       1*:  112:    assert(vec_carti.size() == 2);
        1:  112-block  0
call    0 returned 1
branch  1 taken 0 (fallthrough)
branch  2 taken 1
    %%%%%:  112-block  1
call    3 never executed
        -:  113:
       1*:  114:    assert(vec_carti[0].get_author() == "Luis");
        1:  114-block  0
call    0 returned 1
call    1 returned 1
branch  2 taken 1 (fallthrough)
branch  3 taken 0 (throw)
        1:  114-block  1
call    4 returned 1
branch  5 taken 0 (fallthrough)
branch  6 taken 1
    %%%%%:  114-block  2
call    7 never executed
        1:  114-block  3
call    8 returned 1
       1*:  115:    assert(vec_carti[0].get_title() == "Jupanii");
call    0 returned 1
call    1 returned 1
branch  2 taken 1 (fallthrough)
branch  3 taken 0 (throw)
        1:  115-block  0
call    4 returned 1
branch  5 taken 0 (fallthrough)
branch  6 taken 1
    %%%%%:  115-block  1
call    7 never executed
        1:  115-block  2
call    8 returned 1
       1*:  116:    assert(vec_carti[0].get_genre() == "Epic");
call    0 returned 1
call    1 returned 1
branch  2 taken 1 (fallthrough)
branch  3 taken 0 (throw)
        1:  116-block  0
call    4 returned 1
branch  5 taken 0 (fallthrough)
branch  6 taken 1
    %%%%%:  116-block  1
call    7 never executed
        1:  116-block  2
call    8 returned 1
       1*:  117:    assert(vec_carti[0].get_publication_year() == 1842);
call    0 returned 1
call    1 returned 1
branch  2 taken 1 (fallthrough)
branch  3 taken 0 (throw)
        1:  117-block  0
branch  4 taken 0 (fallthrough)
branch  5 taken 1
    %%%%%:  117-block  1
call    6 never executed
       1*:  118:    assert(vec_carti[0].get_book_id() == 0);
        1:  118-block  0
call    0 returned 1
call    1 returned 1
branch  2 taken 1 (fallthrough)
branch  3 taken 0 (throw)
        1:  118-block  1
branch  4 taken 0 (fallthrough)
branch  5 taken 1
    %%%%%:  118-block  2
call    6 never executed
        1:  119:}
        1:  119-block  0
call    0 returned 1
call    1 returned 1
    $$$$$:  119-block  1
call    2 never executed
    $$$$$:  119-block  2
call    3 never executed
        -:  120:
function _ZN12test_service16test_search_bookEv called 1 returned 100% blocks executed 50%
        1:  121:void test_service::test_search_book() {
        1:  122:    repo books_repo;
        1:  122-block  0
call    0 returned 1
        -:  123:    validator_carte validator;
        1:  124:    service_biblioteca srv(books_repo, validator);
call    0 returned 1
        -:  125:
        1:  126:    srv.add_book_srv("Luis", "Jupanii", "Epic", 1842);
call    0 returned 1
call    1 returned 1
branch  2 taken 1 (fallthrough)
branch  3 taken 0 (throw)
        1:  126-block  0
call    4 returned 1
call    5 returned 1
branch  6 taken 1 (fallthrough)
branch  7 taken 0 (throw)
        1:  126-block  1
call    8 returned 1
call    9 returned 1
branch 10 taken 1 (fallthrough)
branch 11 taken 0 (throw)
        1:  126-block  2
call   12 returned 1
branch 13 taken 1 (fallthrough)
branch 14 taken 0 (throw)
        1:  126-block  3
call   15 returned 1
call   16 returned 1
call   17 returned 1
call   18 returned 1
call   19 returned 1
call   20 returned 1
    $$$$$:  126-block  4
call   21 never executed
    $$$$$:  126-block  5
    $$$$$:  126-block  6
call   22 never executed
    $$$$$:  126-block  7
    $$$$$:  126-block  8
call   23 never executed
    $$$$$:  126-block  9
    $$$$$:  126-block 10
call   24 never executed
    $$$$$:  126-block 11
    $$$$$:  126-block 12
call   25 never executed
    $$$$$:  126-block 13
    $$$$$:  126-block 14
call   26 never executed
    $$$$$:  126-block 15
    $$$$$:  126-block 16
        1:  127:    srv.add_book_srv("Kong", "Maria", "Liric", 1940);
call    0 returned 1
call    1 returned 1
branch  2 taken 1 (fallthrough)
branch  3 taken 0 (throw)
        1:  127-block  0
call    4 returned 1
call    5 returned 1
branch  6 taken 1 (fallthrough)
branch  7 taken 0 (throw)
        1:  127-block  1
call    8 returned 1
call    9 returned 1
branch 10 taken 1 (fallthrough)
branch 11 taken 0 (throw)
        1:  127-block  2
call   12 returned 1
branch 13 taken 1 (fallthrough)
branch 14 taken 0 (throw)
        1:  127-block  3
call   15 returned 1
call   16 returned 1
call   17 returned 1
call   18 returned 1
call   19 returned 1
call   20 returned 1
    $$$$$:  127-block  4
call   21 never executed
    $$$$$:  127-block  5
    $$$$$:  127-block  6
call   22 never executed
    $$$$$:  127-block  7
    $$$$$:  127-block  8
call   23 never executed
    $$$$$:  127-block  9
    $$$$$:  127-block 10
call   24 never executed
    $$$$$:  127-block 11
    $$$$$:  127-block 12
call   25 never executed
    $$$$$:  127-block 13
    $$$$$:  127-block 14
call   26 never executed
    $$$$$:  127-block 15
    $$$$$:  127-block 16
        1:  128:    srv.add_book_srv("I.L.C", "O scrisoare pierduta", "Dramatic", 2000);
call    0 returned 1
call    1 returned 1
branch  2 taken 1 (fallthrough)
branch  3 taken 0 (throw)
        1:  128-block  0
call    4 returned 1
call    5 returned 1
branch  6 taken 1 (fallthrough)
branch  7 taken 0 (throw)
        1:  128-block  1
call    8 returned 1
call    9 returned 1
branch 10 taken 1 (fallthrough)
branch 11 taken 0 (throw)
        1:  128-block  2
call   12 returned 1
branch 13 taken 1 (fallthrough)
branch 14 taken 0 (throw)
        1:  128-block  3
call   15 returned 1
call   16 returned 1
call   17 returned 1
call   18 returned 1
call   19 returned 1
call   20 returned 1
    $$$$$:  128-block  4
call   21 never executed
    $$$$$:  128-block  5
    $$$$$:  128-block  6
call   22 never executed
    $$$$$:  128-block  7
    $$$$$:  128-block  8
call   23 never executed
    $$$$$:  128-block  9
    $$$$$:  128-block 10
call   24 never executed
    $$$$$:  128-block 11
    $$$$$:  128-block 12
call   25 never executed
    $$$$$:  128-block 13
    $$$$$:  128-block 14
call   26 never executed
    $$$$$:  128-block 15
    $$$$$:  128-block 16
        1:  129:    srv.add_book_srv("Mihai Eminescu", "Luceafar", "Liric", 1883);
call    0 returned 1
call    1 returned 1
branch  2 taken 1 (fallthrough)
branch  3 taken 0 (throw)
        1:  129-block  0
call    4 returned 1
call    5 returned 1
branch  6 taken 1 (fallthrough)
branch  7 taken 0 (throw)
        1:  129-block  1
call    8 returned 1
call    9 returned 1
branch 10 taken 1 (fallthrough)
branch 11 taken 0 (throw)
        1:  129-block  2
call   12 returned 1
branch 13 taken 1 (fallthrough)
branch 14 taken 0 (throw)
        1:  129-block  3
call   15 returned 1
call   16 returned 1
call   17 returned 1
call   18 returned 1
call   19 returned 1
call   20 returned 1
    $$$$$:  129-block  4
call   21 never executed
    $$$$$:  129-block  5
    $$$$$:  129-block  6
call   22 never executed
    $$$$$:  129-block  7
    $$$$$:  129-block  8
call   23 never executed
    $$$$$:  129-block  9
    $$$$$:  129-block 10
call   24 never executed
    $$$$$:  129-block 11
    $$$$$:  129-block 12
call   25 never executed
    $$$$$:  129-block 13
    $$$$$:  129-block 14
call   26 never executed
    $$$$$:  129-block 15
    $$$$$:  129-block 16
        -:  130:
        2:  131:    carte book_found { srv.search_for_book("Mihai Eminescu", "/" , "p", 12)};
call    0 returned 1
call    1 returned 1
branch  2 taken 1 (fallthrough)
branch  3 taken 0 (throw)
        1:  131-block  0
call    4 returned 1
call    5 returned 1
branch  6 taken 1 (fallthrough)
branch  7 taken 0 (throw)
        1:  131-block  1
call    8 returned 1
call    9 returned 1
branch 10 taken 1 (fallthrough)
branch 11 taken 0 (throw)
        1:  131-block  2
call   12 returned 1
branch 13 taken 1 (fallthrough)
branch 14 taken 0 (throw)
        1:  131-block  3
call   15 returned 1
branch 16 taken 1 (fallthrough)
branch 17 taken 0 (throw)
call   18 returned 1
call   19 returned 1
call   20 returned 1
call   21 returned 1
call   22 returned 1
    $$$$$:  131-block  4
    $$$$$:  131-block  5
    $$$$$:  131-block  6
    $$$$$:  131-block  7
    $$$$$:  131-block  8
    $$$$$:  131-block  9
    $$$$$:  131-block 10
        -:  132:
       1*:  133:    assert(book_found.get_book_id() == 3);
call    0 returned 1
branch  1 taken 1 (fallthrough)
branch  2 taken 0 (throw)
        1:  133-block  0
branch  3 taken 0 (fallthrough)
branch  4 taken 1
    %%%%%:  133-block  1
call    5 never executed
        -:  134:
        -:  135:    try{
       8*:  136:        carte book_found { srv.search_for_book("d", "s", "k", 1700) };
        1:  136-block  0
call    0 returned 1
call    1 returned 1
branch  2 taken 1 (fallthrough)
branch  3 taken 0 (throw)
        1:  136-block  1
call    4 returned 1
call    5 returned 1
branch  6 taken 1 (fallthrough)
branch  7 taken 0 (throw)
        1:  136-block  2
call    8 returned 1
call    9 returned 1
branch 10 taken 1 (fallthrough)
branch 11 taken 0 (throw)
        1:  136-block  3
call   12 returned 1
branch 13 taken 0 (fallthrough)
branch 14 taken 1 (throw)
    %%%%%:  136-block  4
call   15 never executed
branch 16 never executed
branch 17 never executed
call   18 never executed
call   19 never executed
call   20 never executed
call   21 never executed
call   22 never executed
        1:  136-block  5
        1:  136-block  6
        1:  136-block  7
        1:  136-block  8
        1:  136-block  9
        1:  136-block 10
        1:  136-block 11
    #####:  137:        assert(false);
call    0 never executed
        -:  138:    }
        1:  139:    catch(std::exception){
        1:  139-block  0
branch  0 taken 0 (fallthrough)
branch  1 taken 1
        1:  139-block  1
call    2 returned 1
call    3 returned 1
        -:  140:        assert(true);
        1:  141:    }
call    0 returned 1
call    1 returned 1
        -:  142:
        -:  143:    // testez cu get_reference_from_vector_srv
        1:  144:    vector<carte> books_vec { srv.get_reference_from_vector_srv() };
call    0 returned 1
call    1 returned 1
branch  2 taken 1 (fallthrough)
branch  3 taken 0 (throw)
        1:  145:    assert(books_vec.size() == 4);
        1:  145-block  0
call    0 returned 1
branch  1 taken 0 (fallthrough)
branch  2 taken 1
    $$$$$:  145-block  1
call    3 never executed
        1:  146:}
        1:  146-block  0
call    0 returned 1
call    1 returned 1
call    2 returned 1
    $$$$$:  146-block  1
call    3 never executed
    $$$$$:  146-block  2
call    4 never executed
        -:  147:
function _ZN12test_service11test_filterEv called 1 returned 100% blocks executed 53%
        1:  148:void test_service::test_filter() {
        1:  149:    repo books_repo;
        1:  149-block  0
call    0 returned 1
        -:  150:    validator_carte validator;
        1:  151:    service_biblioteca srv(books_repo, validator);
call    0 returned 1
        -:  152:
        1:  153:    srv.add_book_srv("Luis", "Jupanii", "Epic", 1842);
call    0 returned 1
call    1 returned 1
branch  2 taken 1 (fallthrough)
branch  3 taken 0 (throw)
        1:  153-block  0
call    4 returned 1
call    5 returned 1
branch  6 taken 1 (fallthrough)
branch  7 taken 0 (throw)
        1:  153-block  1
call    8 returned 1
call    9 returned 1
branch 10 taken 1 (fallthrough)
branch 11 taken 0 (throw)
        1:  153-block  2
call   12 returned 1
branch 13 taken 1 (fallthrough)
branch 14 taken 0 (throw)
        1:  153-block  3
call   15 returned 1
call   16 returned 1
call   17 returned 1
call   18 returned 1
call   19 returned 1
call   20 returned 1
    $$$$$:  153-block  4
call   21 never executed
    $$$$$:  153-block  5
    $$$$$:  153-block  6
call   22 never executed
    $$$$$:  153-block  7
    $$$$$:  153-block  8
call   23 never executed
    $$$$$:  153-block  9
    $$$$$:  153-block 10
call   24 never executed
    $$$$$:  153-block 11
    $$$$$:  153-block 12
call   25 never executed
    $$$$$:  153-block 13
    $$$$$:  153-block 14
call   26 never executed
    $$$$$:  153-block 15
    $$$$$:  153-block 16
        1:  154:    srv.add_book_srv("Kong", "Maria", "Liric", 1940);
call    0 returned 1
call    1 returned 1
branch  2 taken 1 (fallthrough)
branch  3 taken 0 (throw)
        1:  154-block  0
call    4 returned 1
call    5 returned 1
branch  6 taken 1 (fallthrough)
branch  7 taken 0 (throw)
        1:  154-block  1
call    8 returned 1
call    9 returned 1
branch 10 taken 1 (fallthrough)
branch 11 taken 0 (throw)
        1:  154-block  2
call   12 returned 1
branch 13 taken 1 (fallthrough)
branch 14 taken 0 (throw)
        1:  154-block  3
call   15 returned 1
call   16 returned 1
call   17 returned 1
call   18 returned 1
call   19 returned 1
call   20 returned 1
    $$$$$:  154-block  4
call   21 never executed
    $$$$$:  154-block  5
    $$$$$:  154-block  6
call   22 never executed
    $$$$$:  154-block  7
    $$$$$:  154-block  8
call   23 never executed
    $$$$$:  154-block  9
    $$$$$:  154-block 10
call   24 never executed
    $$$$$:  154-block 11
    $$$$$:  154-block 12
call   25 never executed
    $$$$$:  154-block 13
    $$$$$:  154-block 14
call   26 never executed
    $$$$$:  154-block 15
    $$$$$:  154-block 16
        1:  155:    srv.add_book_srv("I.L.C", "O scrisoare pierduta", "Dramatic", 2000);
call    0 returned 1
call    1 returned 1
branch  2 taken 1 (fallthrough)
branch  3 taken 0 (throw)
        1:  155-block  0
call    4 returned 1
call    5 returned 1
branch  6 taken 1 (fallthrough)
branch  7 taken 0 (throw)
        1:  155-block  1
call    8 returned 1
call    9 returned 1
branch 10 taken 1 (fallthrough)
branch 11 taken 0 (throw)
        1:  155-block  2
call   12 returned 1
branch 13 taken 1 (fallthrough)
branch 14 taken 0 (throw)
        1:  155-block  3
call   15 returned 1
call   16 returned 1
call   17 returned 1
call   18 returned 1
call   19 returned 1
call   20 returned 1
    $$$$$:  155-block  4
call   21 never executed
    $$$$$:  155-block  5
    $$$$$:  155-block  6
call   22 never executed
    $$$$$:  155-block  7
    $$$$$:  155-block  8
call   23 never executed
    $$$$$:  155-block  9
    $$$$$:  155-block 10
call   24 never executed
    $$$$$:  155-block 11
    $$$$$:  155-block 12
call   25 never executed
    $$$$$:  155-block 13
    $$$$$:  155-block 14
call   26 never executed
    $$$$$:  155-block 15
    $$$$$:  155-block 16
        1:  156:    srv.add_book_srv("Mihai Eminescu", "Luceafar", "Liric", 1883);
call    0 returned 1
call    1 returned 1
branch  2 taken 1 (fallthrough)
branch  3 taken 0 (throw)
        1:  156-block  0
call    4 returned 1
call    5 returned 1
branch  6 taken 1 (fallthrough)
branch  7 taken 0 (throw)
        1:  156-block  1
call    8 returned 1
call    9 returned 1
branch 10 taken 1 (fallthrough)
branch 11 taken 0 (throw)
        1:  156-block  2
call   12 returned 1
branch 13 taken 1 (fallthrough)
branch 14 taken 0 (throw)
        1:  156-block  3
call   15 returned 1
call   16 returned 1
call   17 returned 1
call   18 returned 1
call   19 returned 1
call   20 returned 1
    $$$$$:  156-block  4
call   21 never executed
    $$$$$:  156-block  5
    $$$$$:  156-block  6
call   22 never executed
    $$$$$:  156-block  7
    $$$$$:  156-block  8
call   23 never executed
    $$$$$:  156-block  9
    $$$$$:  156-block 10
call   24 never executed
    $$$$$:  156-block 11
    $$$$$:  156-block 12
call   25 never executed
    $$$$$:  156-block 13
    $$$$$:  156-block 14
call   26 never executed
    $$$$$:  156-block 15
    $$$$$:  156-block 16
        -:  157:
        2:  158:    vector<carte> vec_carti = srv.filter_srv(2000, "Maria") ;
call    0 returned 1
call    1 returned 1
branch  2 taken 1 (fallthrough)
branch  3 taken 0 (throw)
        1:  158-block  0
call    4 returned 1
branch  5 taken 1 (fallthrough)
branch  6 taken 0 (throw)
call    7 returned 1
    $$$$$:  158-block  1
    $$$$$:  158-block  2
       1*:  159:    assert(vec_carti.size() == 2);
call    0 returned 1
branch  1 taken 0 (fallthrough)
branch  2 taken 1
    %%%%%:  159-block  0
call    3 never executed
        -:  160:
       1*:  161:    assert(vec_carti[0].get_book_id() == 1);
        1:  161-block  0
call    0 returned 1
call    1 returned 1
branch  2 taken 1 (fallthrough)
branch  3 taken 0 (throw)
        1:  161-block  1
branch  4 taken 0 (fallthrough)
branch  5 taken 1
    %%%%%:  161-block  2
call    6 never executed
       1*:  162:    assert(vec_carti[0].get_genre() == "Liric");
        1:  162-block  0
call    0 returned 1
call    1 returned 1
branch  2 taken 1 (fallthrough)
branch  3 taken 0 (throw)
        1:  162-block  1
call    4 returned 1
branch  5 taken 0 (fallthrough)
branch  6 taken 1
    %%%%%:  162-block  2
call    7 never executed
        1:  162-block  3
call    8 returned 1
       1*:  163:    assert(vec_carti[0].get_publication_year() == 1940);
call    0 returned 1
call    1 returned 1
branch  2 taken 1 (fallthrough)
branch  3 taken 0 (throw)
        1:  163-block  0
branch  4 taken 0 (fallthrough)
branch  5 taken 1
    %%%%%:  163-block  1
call    6 never executed
       1*:  164:    assert(vec_carti[0].get_author() == "Kong");
        1:  164-block  0
call    0 returned 1
call    1 returned 1
branch  2 taken 1 (fallthrough)
branch  3 taken 0 (throw)
        1:  164-block  1
call    4 returned 1
branch  5 taken 0 (fallthrough)
branch  6 taken 1
    %%%%%:  164-block  2
call    7 never executed
        1:  164-block  3
call    8 returned 1
       1*:  165:    assert(vec_carti[0].get_title() == "Maria");
call    0 returned 1
call    1 returned 1
branch  2 taken 1 (fallthrough)
branch  3 taken 0 (throw)
        1:  165-block  0
call    4 returned 1
branch  5 taken 0 (fallthrough)
branch  6 taken 1
    %%%%%:  165-block  1
call    7 never executed
        1:  165-block  2
call    8 returned 1
        -:  166:
       1*:  167:    assert(vec_carti[1].get_book_id() == 2);
call    0 returned 1
call    1 returned 1
branch  2 taken 1 (fallthrough)
branch  3 taken 0 (throw)
        1:  167-block  0
branch  4 taken 0 (fallthrough)
branch  5 taken 1
    %%%%%:  167-block  1
call    6 never executed
       1*:  168:    assert(vec_carti[1].get_genre() == "Dramatic");
        1:  168-block  0
call    0 returned 1
call    1 returned 1
branch  2 taken 1 (fallthrough)
branch  3 taken 0 (throw)
        1:  168-block  1
call    4 returned 1
branch  5 taken 0 (fallthrough)
branch  6 taken 1
    %%%%%:  168-block  2
call    7 never executed
        1:  168-block  3
call    8 returned 1
       1*:  169:    assert(vec_carti[1].get_publication_year() == 2000);
call    0 returned 1
call    1 returned 1
branch  2 taken 1 (fallthrough)
branch  3 taken 0 (throw)
        1:  169-block  0
branch  4 taken 0 (fallthrough)
branch  5 taken 1
    %%%%%:  169-block  1
call    6 never executed
       1*:  170:    assert(vec_carti[1].get_author() == "I.L.C");
        1:  170-block  0
call    0 returned 1
call    1 returned 1
branch  2 taken 1 (fallthrough)
branch  3 taken 0 (throw)
        1:  170-block  1
call    4 returned 1
branch  5 taken 0 (fallthrough)
branch  6 taken 1
    %%%%%:  170-block  2
call    7 never executed
        1:  170-block  3
call    8 returned 1
       1*:  171:    assert(vec_carti[1].get_title() == "O scrisoare pierduta");
call    0 returned 1
call    1 returned 1
branch  2 taken 1 (fallthrough)
branch  3 taken 0 (throw)
        1:  171-block  0
call    4 returned 1
branch  5 taken 0 (fallthrough)
branch  6 taken 1
    %%%%%:  171-block  1
call    7 never executed
        1:  171-block  2
call    8 returned 1
        -:  172:
        2:  173:    vector<carte> vec_carti_2{ srv.filter_srv(1941, "Corola de minini a lumii") };
call    0 returned 1
call    1 returned 1
branch  2 taken 1 (fallthrough)
branch  3 taken 0 (throw)
        1:  173-block  0
call    4 returned 1
branch  5 taken 1 (fallthrough)
branch  6 taken 0 (throw)
call    7 returned 1
    $$$$$:  173-block  1
    $$$$$:  173-block  2
       1*:  174:    assert(vec_carti_2.size() == 0);
call    0 returned 1
branch  1 taken 0 (fallthrough)
branch  2 taken 1
    %%%%%:  174-block  0
call    3 never executed
        1:  175:}
        1:  175-block  0
call    0 returned 1
call    1 returned 1
call    2 returned 1
    $$$$$:  175-block  1
call    3 never executed
    $$$$$:  175-block  2
call    4 never executed
        -:  176:
function _ZN12test_service9test_sortEv called 1 returned 100% blocks executed 52%
        1:  177:void test_service::test_sort() {
        1:  178:    repo books_repo;
        1:  178-block  0
call    0 returned 1
        -:  179:    validator_carte validator;
        1:  180:    service_biblioteca srv(books_repo, validator);
call    0 returned 1
        -:  181:
        1:  182:    srv.add_book_srv("Luis", "Jupanii", "Epic", 1842);
call    0 returned 1
call    1 returned 1
branch  2 taken 1 (fallthrough)
branch  3 taken 0 (throw)
        1:  182-block  0
call    4 returned 1
call    5 returned 1
branch  6 taken 1 (fallthrough)
branch  7 taken 0 (throw)
        1:  182-block  1
call    8 returned 1
call    9 returned 1
branch 10 taken 1 (fallthrough)
branch 11 taken 0 (throw)
        1:  182-block  2
call   12 returned 1
branch 13 taken 1 (fallthrough)
branch 14 taken 0 (throw)
        1:  182-block  3
call   15 returned 1
call   16 returned 1
call   17 returned 1
call   18 returned 1
call   19 returned 1
call   20 returned 1
    $$$$$:  182-block  4
call   21 never executed
    $$$$$:  182-block  5
    $$$$$:  182-block  6
call   22 never executed
    $$$$$:  182-block  7
    $$$$$:  182-block  8
call   23 never executed
    $$$$$:  182-block  9
    $$$$$:  182-block 10
call   24 never executed
    $$$$$:  182-block 11
    $$$$$:  182-block 12
call   25 never executed
    $$$$$:  182-block 13
    $$$$$:  182-block 14
call   26 never executed
    $$$$$:  182-block 15
    $$$$$:  182-block 16
        1:  183:    srv.add_book_srv("Kong", "Maria", "Liric", 2000);
call    0 returned 1
call    1 returned 1
branch  2 taken 1 (fallthrough)
branch  3 taken 0 (throw)
        1:  183-block  0
call    4 returned 1
call    5 returned 1
branch  6 taken 1 (fallthrough)
branch  7 taken 0 (throw)
        1:  183-block  1
call    8 returned 1
call    9 returned 1
branch 10 taken 1 (fallthrough)
branch 11 taken 0 (throw)
        1:  183-block  2
call   12 returned 1
branch 13 taken 1 (fallthrough)
branch 14 taken 0 (throw)
        1:  183-block  3
call   15 returned 1
call   16 returned 1
call   17 returned 1
call   18 returned 1
call   19 returned 1
call   20 returned 1
    $$$$$:  183-block  4
call   21 never executed
    $$$$$:  183-block  5
    $$$$$:  183-block  6
call   22 never executed
    $$$$$:  183-block  7
    $$$$$:  183-block  8
call   23 never executed
    $$$$$:  183-block  9
    $$$$$:  183-block 10
call   24 never executed
    $$$$$:  183-block 11
    $$$$$:  183-block 12
call   25 never executed
    $$$$$:  183-block 13
    $$$$$:  183-block 14
call   26 never executed
    $$$$$:  183-block 15
    $$$$$:  183-block 16
        1:  184:    srv.add_book_srv("I.L.C", "O scrisoare pierduta", "Dramatic", 2000);
call    0 returned 1
call    1 returned 1
branch  2 taken 1 (fallthrough)
branch  3 taken 0 (throw)
        1:  184-block  0
call    4 returned 1
call    5 returned 1
branch  6 taken 1 (fallthrough)
branch  7 taken 0 (throw)
        1:  184-block  1
call    8 returned 1
call    9 returned 1
branch 10 taken 1 (fallthrough)
branch 11 taken 0 (throw)
        1:  184-block  2
call   12 returned 1
branch 13 taken 1 (fallthrough)
branch 14 taken 0 (throw)
        1:  184-block  3
call   15 returned 1
call   16 returned 1
call   17 returned 1
call   18 returned 1
call   19 returned 1
call   20 returned 1
    $$$$$:  184-block  4
call   21 never executed
    $$$$$:  184-block  5
    $$$$$:  184-block  6
call   22 never executed
    $$$$$:  184-block  7
    $$$$$:  184-block  8
call   23 never executed
    $$$$$:  184-block  9
    $$$$$:  184-block 10
call   24 never executed
    $$$$$:  184-block 11
    $$$$$:  184-block 12
call   25 never executed
    $$$$$:  184-block 13
    $$$$$:  184-block 14
call   26 never executed
    $$$$$:  184-block 15
    $$$$$:  184-block 16
        1:  185:    srv.add_book_srv("Mihai Eminescu", "Luceafar", "Liric", 1883);
call    0 returned 1
call    1 returned 1
branch  2 taken 1 (fallthrough)
branch  3 taken 0 (throw)
        1:  185-block  0
call    4 returned 1
call    5 returned 1
branch  6 taken 1 (fallthrough)
branch  7 taken 0 (throw)
        1:  185-block  1
call    8 returned 1
call    9 returned 1
branch 10 taken 1 (fallthrough)
branch 11 taken 0 (throw)
        1:  185-block  2
call   12 returned 1
branch 13 taken 1 (fallthrough)
branch 14 taken 0 (throw)
        1:  185-block  3
call   15 returned 1
call   16 returned 1
call   17 returned 1
call   18 returned 1
call   19 returned 1
call   20 returned 1
    $$$$$:  185-block  4
call   21 never executed
    $$$$$:  185-block  5
    $$$$$:  185-block  6
call   22 never executed
    $$$$$:  185-block  7
    $$$$$:  185-block  8
call   23 never executed
    $$$$$:  185-block  9
    $$$$$:  185-block 10
call   24 never executed
    $$$$$:  185-block 11
    $$$$$:  185-block 12
call   25 never executed
    $$$$$:  185-block 13
    $$$$$:  185-block 14
call   26 never executed
    $$$$$:  185-block 15
    $$$$$:  185-block 16
        -:  186:
        1:  187:    vector<carte> books_vec{ srv.sorter_based_on_option(1) };
call    0 returned 1
branch  1 taken 1 (fallthrough)
branch  2 taken 0 (throw)
        -:  188:
       1*:  189:    assert(books_vec.size() == 4);
        1:  189-block  0
call    0 returned 1
branch  1 taken 0 (fallthrough)
branch  2 taken 1
    %%%%%:  189-block  1
call    3 never executed
       1*:  190:    assert(books_vec[0].get_book_id() == 0);
        1:  190-block  0
call    0 returned 1
call    1 returned 1
branch  2 taken 1 (fallthrough)
branch  3 taken 0 (throw)
        1:  190-block  1
branch  4 taken 0 (fallthrough)
branch  5 taken 1
    %%%%%:  190-block  2
call    6 never executed
       1*:  191:    assert(books_vec[1].get_book_id() == 3);
        1:  191-block  0
call    0 returned 1
call    1 returned 1
branch  2 taken 1 (fallthrough)
branch  3 taken 0 (throw)
        1:  191-block  1
branch  4 taken 0 (fallthrough)
branch  5 taken 1
    %%%%%:  191-block  2
call    6 never executed
       1*:  192:    assert(books_vec[2].get_book_id() == 1);
        1:  192-block  0
call    0 returned 1
call    1 returned 1
branch  2 taken 1 (fallthrough)
branch  3 taken 0 (throw)
        1:  192-block  1
branch  4 taken 0 (fallthrough)
branch  5 taken 1
    %%%%%:  192-block  2
call    6 never executed
       1*:  193:    assert(books_vec[3].get_book_id() == 2);
        1:  193-block  0
call    0 returned 1
call    1 returned 1
branch  2 taken 1 (fallthrough)
branch  3 taken 0 (throw)
        1:  193-block  1
branch  4 taken 0 (fallthrough)
branch  5 taken 1
    %%%%%:  193-block  2
call    6 never executed
        -:  194:
        1:  195:    vector<carte> books_vec_2{ srv.sorter_based_on_option(2) };
        1:  195-block  0
call    0 returned 1
branch  1 taken 1 (fallthrough)
branch  2 taken 0 (throw)
        -:  196:
       1*:  197:    assert(books_vec_2.size() == 4);
        1:  197-block  0
call    0 returned 1
branch  1 taken 0 (fallthrough)
branch  2 taken 1
    %%%%%:  197-block  1
call    3 never executed
       1*:  198:    assert(books_vec_2[0].get_book_id() == 2);
        1:  198-block  0
call    0 returned 1
call    1 returned 1
branch  2 taken 1 (fallthrough)
branch  3 taken 0 (throw)
        1:  198-block  1
branch  4 taken 0 (fallthrough)
branch  5 taken 1
    %%%%%:  198-block  2
call    6 never executed
       1*:  199:    assert(books_vec_2[1].get_book_id() == 1);
        1:  199-block  0
call    0 returned 1
call    1 returned 1
branch  2 taken 1 (fallthrough)
branch  3 taken 0 (throw)
        1:  199-block  1
branch  4 taken 0 (fallthrough)
branch  5 taken 1
    %%%%%:  199-block  2
call    6 never executed
       1*:  200:    assert(books_vec_2[2].get_book_id() == 0);
        1:  200-block  0
call    0 returned 1
call    1 returned 1
branch  2 taken 1 (fallthrough)
branch  3 taken 0 (throw)
        1:  200-block  1
branch  4 taken 0 (fallthrough)
branch  5 taken 1
    %%%%%:  200-block  2
call    6 never executed
       1*:  201:    assert(books_vec_2[3].get_book_id() == 3);
        1:  201-block  0
call    0 returned 1
call    1 returned 1
branch  2 taken 1 (fallthrough)
branch  3 taken 0 (throw)
        1:  201-block  1
branch  4 taken 0 (fallthrough)
branch  5 taken 1
    %%%%%:  201-block  2
call    6 never executed
        -:  202:
        1:  203:    vector<carte> books_vec_3{ srv.sorter_based_on_option(3) };
        1:  203-block  0
call    0 returned 1
branch  1 taken 1 (fallthrough)
branch  2 taken 0 (throw)
        -:  204:
       1*:  205:    assert(books_vec_3.size() == 4);
        1:  205-block  0
call    0 returned 1
branch  1 taken 0 (fallthrough)
branch  2 taken 1
    %%%%%:  205-block  1
call    3 never executed
       1*:  206:    assert(books_vec_3[0].get_book_id() == 0);
        1:  206-block  0
call    0 returned 1
call    1 returned 1
branch  2 taken 1 (fallthrough)
branch  3 taken 0 (throw)
        1:  206-block  1
branch  4 taken 0 (fallthrough)
branch  5 taken 1
    %%%%%:  206-block  2
call    6 never executed
       1*:  207:    assert(books_vec_3[1].get_book_id() == 3);
        1:  207-block  0
call    0 returned 1
call    1 returned 1
branch  2 taken 1 (fallthrough)
branch  3 taken 0 (throw)
        1:  207-block  1
branch  4 taken 0 (fallthrough)
branch  5 taken 1
    %%%%%:  207-block  2
call    6 never executed
       1*:  208:    assert(books_vec_3[2].get_book_id() == 2);
        1:  208-block  0
call    0 returned 1
call    1 returned 1
branch  2 taken 1 (fallthrough)
branch  3 taken 0 (throw)
        1:  208-block  1
branch  4 taken 0 (fallthrough)
branch  5 taken 1
    %%%%%:  208-block  2
call    6 never executed
       1*:  209:    assert(books_vec_3[3].get_book_id() == 1);
        1:  209-block  0
call    0 returned 1
call    1 returned 1
branch  2 taken 1 (fallthrough)
branch  3 taken 0 (throw)
        1:  209-block  1
branch  4 taken 0 (fallthrough)
branch  5 taken 1
    %%%%%:  209-block  2
call    6 never executed
        -:  210:
        1:  211:    srv.delete_book_srv(1);
        1:  211-block  0
call    0 returned 1
branch  1 taken 1 (fallthrough)
branch  2 taken 0 (throw)
    $$$$$:  211-block  1
        1:  212:    srv.delete_book_srv(2);
        1:  212-block  0
call    0 returned 1
branch  1 taken 1 (fallthrough)
branch  2 taken 0 (throw)
    $$$$$:  212-block  1
        1:  213:    srv.delete_book_srv(0);
        1:  213-block  0
call    0 returned 1
branch  1 taken 1 (fallthrough)
branch  2 taken 0 (throw)
    $$$$$:  213-block  1
        1:  214:    srv.delete_book_srv(3);
        1:  214-block  0
call    0 returned 1
branch  1 taken 1 (fallthrough)
branch  2 taken 0 (throw)
    $$$$$:  214-block  1
        -:  215:
        1:  216:    vector<carte> books_vec_4{ srv.sorter_based_on_option(3) };
        1:  216-block  0
call    0 returned 1
branch  1 taken 1 (fallthrough)
branch  2 taken 0 (throw)
        -:  217:
       1*:  218:    assert(books_vec_4.size() == 0);
        1:  218-block  0
call    0 returned 1
branch  1 taken 0 (fallthrough)
branch  2 taken 1
    %%%%%:  218-block  1
call    3 never executed
        1:  219:}
        1:  219-block  0
call    0 returned 1
call    1 returned 1
call    2 returned 1
call    3 returned 1
call    4 returned 1
    $$$$$:  219-block  1
call    5 never executed
    $$$$$:  219-block  2
call    6 never executed
    $$$$$:  219-block  3
call    7 never executed
    $$$$$:  219-block  4
call    8 never executed
