        -:    0:Source:/mnt/d/INFO 2/SEM 2/OOP/lab6-7---oop/teste/test_repo.cpp
        -:    0:Graph:/mnt/d/INFO 2/SEM 2/OOP/lab6-7---oop/cmake-build-debug-coverage/CMakeFiles/lab6_7_clion.dir/teste/test_repo.cpp.gcno
        -:    0:Data:/mnt/d/INFO 2/SEM 2/OOP/lab6-7---oop/cmake-build-debug-coverage/CMakeFiles/lab6_7_clion.dir/teste/test_repo.cpp.gcda
        -:    0:Runs:1
        -:    1://
        -:    2:// Created by obrej on 4/10/2024.
        -:    3://
        -:    4:#include <cassert>
        -:    5:#include <sstream>
        -:    6:#include "../Headers/teste.h"
        -:    7:#include "../Headers/repo.h"
        -:    8:
        -:    9:using std::stringstream;
function _ZN9test_repo14run_repo_testsEv called 1 returned 100% blocks executed 100%
        1:   10:void test_repo::run_repo_tests() {
        1:   11:    test_repo_add();
        1:   11-block  0
call    0 returned 1
        1:   12:    test_repo_delete();
call    0 returned 1
        1:   13:    test_repo_modify();
call    0 returned 1
        1:   14:    test_repo_get_all();
call    0 returned 1
        1:   15:    test_repo_find_book_by_id();
call    0 returned 1
        1:   16:    test_increment_id();
call    0 returned 1
        1:   17:    test_get_id_for_next_book_to_be_added();
call    0 returned 1
        -:   18:
        1:   19:}
        -:   20:
function _ZN9test_repo13test_repo_addEv called 1 returned 100% blocks executed 44%
        1:   21:void test_repo::test_repo_add() {
        1:   22:    repo book_repo;
        1:   22-block  0
call    0 returned 1
        2:   23:    carte book0 = carte("Luis", "Jupanii", "Epic", 1842, 0);
call    0 returned 1
call    1 returned 1
branch  2 taken 1 (fallthrough)
branch  3 taken 0 (throw)
        1:   23-block  0
call    4 returned 1
call    5 returned 1
branch  6 taken 1 (fallthrough)
branch  7 taken 0 (throw)
        1:   23-block  1
call    8 returned 1
call    9 returned 1
branch 10 taken 1 (fallthrough)
branch 11 taken 0 (throw)
        1:   23-block  2
call   12 returned 1
branch 13 taken 1 (fallthrough)
branch 14 taken 0 (throw)
call   15 returned 1
call   16 returned 1
call   17 returned 1
call   18 returned 1
call   19 returned 1
    $$$$$:   23-block  3
    $$$$$:   23-block  4
    $$$$$:   23-block  5
    $$$$$:   23-block  6
    $$$$$:   23-block  7
    $$$$$:   23-block  8
        2:   24:    carte book1 = carte("Kong", "Maria", "Liric", 1940, 1);
call    0 returned 1
call    1 returned 1
branch  2 taken 1 (fallthrough)
branch  3 taken 0 (throw)
        1:   24-block  0
call    4 returned 1
call    5 returned 1
branch  6 taken 1 (fallthrough)
branch  7 taken 0 (throw)
        1:   24-block  1
call    8 returned 1
call    9 returned 1
branch 10 taken 1 (fallthrough)
branch 11 taken 0 (throw)
        1:   24-block  2
call   12 returned 1
branch 13 taken 1 (fallthrough)
branch 14 taken 0 (throw)
call   15 returned 1
call   16 returned 1
call   17 returned 1
call   18 returned 1
call   19 returned 1
    $$$$$:   24-block  3
    $$$$$:   24-block  4
    $$$$$:   24-block  5
    $$$$$:   24-block  6
    $$$$$:   24-block  7
    $$$$$:   24-block  8
        2:   25:    carte book2 = carte("Kong", "Maria", "Liric", 1940, 2);
call    0 returned 1
call    1 returned 1
branch  2 taken 1 (fallthrough)
branch  3 taken 0 (throw)
        1:   25-block  0
call    4 returned 1
call    5 returned 1
branch  6 taken 1 (fallthrough)
branch  7 taken 0 (throw)
        1:   25-block  1
call    8 returned 1
call    9 returned 1
branch 10 taken 1 (fallthrough)
branch 11 taken 0 (throw)
        1:   25-block  2
call   12 returned 1
branch 13 taken 1 (fallthrough)
branch 14 taken 0 (throw)
call   15 returned 1
call   16 returned 1
call   17 returned 1
call   18 returned 1
call   19 returned 1
    $$$$$:   25-block  3
    $$$$$:   25-block  4
    $$$$$:   25-block  5
    $$$$$:   25-block  6
    $$$$$:   25-block  7
    $$$$$:   25-block  8
        2:   26:    carte book3 = carte("Kong", "Maria", "Liric", 1940, 3);
call    0 returned 1
call    1 returned 1
branch  2 taken 1 (fallthrough)
branch  3 taken 0 (throw)
        1:   26-block  0
call    4 returned 1
call    5 returned 1
branch  6 taken 1 (fallthrough)
branch  7 taken 0 (throw)
        1:   26-block  1
call    8 returned 1
call    9 returned 1
branch 10 taken 1 (fallthrough)
branch 11 taken 0 (throw)
        1:   26-block  2
call   12 returned 1
branch 13 taken 1 (fallthrough)
branch 14 taken 0 (throw)
call   15 returned 1
call   16 returned 1
call   17 returned 1
call   18 returned 1
call   19 returned 1
    $$$$$:   26-block  3
    $$$$$:   26-block  4
    $$$$$:   26-block  5
    $$$$$:   26-block  6
    $$$$$:   26-block  7
    $$$$$:   26-block  8
        2:   27:    carte book4 = carte("Kong", "Maria", "Liric", 1940, 4);
call    0 returned 1
call    1 returned 1
branch  2 taken 1 (fallthrough)
branch  3 taken 0 (throw)
        1:   27-block  0
call    4 returned 1
call    5 returned 1
branch  6 taken 1 (fallthrough)
branch  7 taken 0 (throw)
        1:   27-block  1
call    8 returned 1
call    9 returned 1
branch 10 taken 1 (fallthrough)
branch 11 taken 0 (throw)
        1:   27-block  2
call   12 returned 1
branch 13 taken 1 (fallthrough)
branch 14 taken 0 (throw)
call   15 returned 1
call   16 returned 1
call   17 returned 1
call   18 returned 1
call   19 returned 1
    $$$$$:   27-block  3
    $$$$$:   27-block  4
    $$$$$:   27-block  5
    $$$$$:   27-block  6
    $$$$$:   27-block  7
    $$$$$:   27-block  8
        2:   28:    carte book5 = carte("Kong", "Maria", "Liric", 1940, 5);
call    0 returned 1
call    1 returned 1
branch  2 taken 1 (fallthrough)
branch  3 taken 0 (throw)
        1:   28-block  0
call    4 returned 1
call    5 returned 1
branch  6 taken 1 (fallthrough)
branch  7 taken 0 (throw)
        1:   28-block  1
call    8 returned 1
call    9 returned 1
branch 10 taken 1 (fallthrough)
branch 11 taken 0 (throw)
        1:   28-block  2
call   12 returned 1
branch 13 taken 1 (fallthrough)
branch 14 taken 0 (throw)
call   15 returned 1
call   16 returned 1
call   17 returned 1
call   18 returned 1
call   19 returned 1
    $$$$$:   28-block  3
    $$$$$:   28-block  4
    $$$$$:   28-block  5
    $$$$$:   28-block  6
    $$$$$:   28-block  7
    $$$$$:   28-block  8
        2:   29:    carte book6 = carte("Kong", "Maria", "Liric", 1940, 6);
call    0 returned 1
call    1 returned 1
branch  2 taken 1 (fallthrough)
branch  3 taken 0 (throw)
        1:   29-block  0
call    4 returned 1
call    5 returned 1
branch  6 taken 1 (fallthrough)
branch  7 taken 0 (throw)
        1:   29-block  1
call    8 returned 1
call    9 returned 1
branch 10 taken 1 (fallthrough)
branch 11 taken 0 (throw)
        1:   29-block  2
call   12 returned 1
branch 13 taken 1 (fallthrough)
branch 14 taken 0 (throw)
call   15 returned 1
call   16 returned 1
call   17 returned 1
call   18 returned 1
call   19 returned 1
    $$$$$:   29-block  3
    $$$$$:   29-block  4
    $$$$$:   29-block  5
    $$$$$:   29-block  6
    $$$$$:   29-block  7
    $$$$$:   29-block  8
        2:   30:    carte book7 = carte("Kong", "Maria", "Liric", 1940, 7);
call    0 returned 1
call    1 returned 1
branch  2 taken 1 (fallthrough)
branch  3 taken 0 (throw)
        1:   30-block  0
call    4 returned 1
call    5 returned 1
branch  6 taken 1 (fallthrough)
branch  7 taken 0 (throw)
        1:   30-block  1
call    8 returned 1
call    9 returned 1
branch 10 taken 1 (fallthrough)
branch 11 taken 0 (throw)
        1:   30-block  2
call   12 returned 1
branch 13 taken 1 (fallthrough)
branch 14 taken 0 (throw)
call   15 returned 1
call   16 returned 1
call   17 returned 1
call   18 returned 1
call   19 returned 1
    $$$$$:   30-block  3
    $$$$$:   30-block  4
    $$$$$:   30-block  5
    $$$$$:   30-block  6
    $$$$$:   30-block  7
    $$$$$:   30-block  8
        2:   31:    carte book8 = carte("Kong", "Maria", "Liric", 1940, 8);
call    0 returned 1
call    1 returned 1
branch  2 taken 1 (fallthrough)
branch  3 taken 0 (throw)
        1:   31-block  0
call    4 returned 1
call    5 returned 1
branch  6 taken 1 (fallthrough)
branch  7 taken 0 (throw)
        1:   31-block  1
call    8 returned 1
call    9 returned 1
branch 10 taken 1 (fallthrough)
branch 11 taken 0 (throw)
        1:   31-block  2
call   12 returned 1
branch 13 taken 1 (fallthrough)
branch 14 taken 0 (throw)
call   15 returned 1
call   16 returned 1
call   17 returned 1
call   18 returned 1
call   19 returned 1
    $$$$$:   31-block  3
    $$$$$:   31-block  4
    $$$$$:   31-block  5
    $$$$$:   31-block  6
    $$$$$:   31-block  7
    $$$$$:   31-block  8
        2:   32:    carte book9 = carte("Kong", "Maria", "Liric", 1940, 9);
call    0 returned 1
call    1 returned 1
branch  2 taken 1 (fallthrough)
branch  3 taken 0 (throw)
        1:   32-block  0
call    4 returned 1
call    5 returned 1
branch  6 taken 1 (fallthrough)
branch  7 taken 0 (throw)
        1:   32-block  1
call    8 returned 1
call    9 returned 1
branch 10 taken 1 (fallthrough)
branch 11 taken 0 (throw)
        1:   32-block  2
call   12 returned 1
branch 13 taken 1 (fallthrough)
branch 14 taken 0 (throw)
call   15 returned 1
call   16 returned 1
call   17 returned 1
call   18 returned 1
call   19 returned 1
    $$$$$:   32-block  3
    $$$$$:   32-block  4
    $$$$$:   32-block  5
    $$$$$:   32-block  6
    $$$$$:   32-block  7
    $$$$$:   32-block  8
        2:   33:    carte book10 = carte("Kong", "Maria", "Liric", 1940, 10);
call    0 returned 1
call    1 returned 1
branch  2 taken 1 (fallthrough)
branch  3 taken 0 (throw)
        1:   33-block  0
call    4 returned 1
call    5 returned 1
branch  6 taken 1 (fallthrough)
branch  7 taken 0 (throw)
        1:   33-block  1
call    8 returned 1
call    9 returned 1
branch 10 taken 1 (fallthrough)
branch 11 taken 0 (throw)
        1:   33-block  2
call   12 returned 1
branch 13 taken 1 (fallthrough)
branch 14 taken 0 (throw)
call   15 returned 1
call   16 returned 1
call   17 returned 1
call   18 returned 1
call   19 returned 1
    $$$$$:   33-block  3
    $$$$$:   33-block  4
    $$$$$:   33-block  5
    $$$$$:   33-block  6
    $$$$$:   33-block  7
    $$$$$:   33-block  8
        2:   34:    carte book11 = carte("Kong", "Maria", "Liric", 1940, 11);
call    0 returned 1
call    1 returned 1
branch  2 taken 1 (fallthrough)
branch  3 taken 0 (throw)
        1:   34-block  0
call    4 returned 1
call    5 returned 1
branch  6 taken 1 (fallthrough)
branch  7 taken 0 (throw)
        1:   34-block  1
call    8 returned 1
call    9 returned 1
branch 10 taken 1 (fallthrough)
branch 11 taken 0 (throw)
        1:   34-block  2
call   12 returned 1
branch 13 taken 1 (fallthrough)
branch 14 taken 0 (throw)
call   15 returned 1
call   16 returned 1
call   17 returned 1
call   18 returned 1
call   19 returned 1
    $$$$$:   34-block  3
    $$$$$:   34-block  4
    $$$$$:   34-block  5
    $$$$$:   34-block  6
    $$$$$:   34-block  7
    $$$$$:   34-block  8
        2:   35:    carte book12 = carte("Kong", "Maria", "Liric", 1940, 12);
call    0 returned 1
call    1 returned 1
branch  2 taken 1 (fallthrough)
branch  3 taken 0 (throw)
        1:   35-block  0
call    4 returned 1
call    5 returned 1
branch  6 taken 1 (fallthrough)
branch  7 taken 0 (throw)
        1:   35-block  1
call    8 returned 1
call    9 returned 1
branch 10 taken 1 (fallthrough)
branch 11 taken 0 (throw)
        1:   35-block  2
call   12 returned 1
branch 13 taken 1 (fallthrough)
branch 14 taken 0 (throw)
call   15 returned 1
call   16 returned 1
call   17 returned 1
call   18 returned 1
call   19 returned 1
    $$$$$:   35-block  3
    $$$$$:   35-block  4
    $$$$$:   35-block  5
    $$$$$:   35-block  6
    $$$$$:   35-block  7
    $$$$$:   35-block  8
        2:   36:    carte book13 = carte("Kong", "Maria", "Liric", 1940, 13);
call    0 returned 1
call    1 returned 1
branch  2 taken 1 (fallthrough)
branch  3 taken 0 (throw)
        1:   36-block  0
call    4 returned 1
call    5 returned 1
branch  6 taken 1 (fallthrough)
branch  7 taken 0 (throw)
        1:   36-block  1
call    8 returned 1
call    9 returned 1
branch 10 taken 1 (fallthrough)
branch 11 taken 0 (throw)
        1:   36-block  2
call   12 returned 1
branch 13 taken 1 (fallthrough)
branch 14 taken 0 (throw)
call   15 returned 1
call   16 returned 1
call   17 returned 1
call   18 returned 1
call   19 returned 1
    $$$$$:   36-block  3
    $$$$$:   36-block  4
    $$$$$:   36-block  5
    $$$$$:   36-block  6
    $$$$$:   36-block  7
    $$$$$:   36-block  8
        2:   37:    carte book14 = carte("Kong", "Maria", "Liric", 1940, 14);
call    0 returned 1
call    1 returned 1
branch  2 taken 1 (fallthrough)
branch  3 taken 0 (throw)
        1:   37-block  0
call    4 returned 1
call    5 returned 1
branch  6 taken 1 (fallthrough)
branch  7 taken 0 (throw)
        1:   37-block  1
call    8 returned 1
call    9 returned 1
branch 10 taken 1 (fallthrough)
branch 11 taken 0 (throw)
        1:   37-block  2
call   12 returned 1
branch 13 taken 1 (fallthrough)
branch 14 taken 0 (throw)
call   15 returned 1
call   16 returned 1
call   17 returned 1
call   18 returned 1
call   19 returned 1
    $$$$$:   37-block  3
    $$$$$:   37-block  4
    $$$$$:   37-block  5
    $$$$$:   37-block  6
    $$$$$:   37-block  7
    $$$$$:   37-block  8
        2:   38:    carte book15 = carte("Kong", "Maria", "Liric", 1940, 15);
call    0 returned 1
call    1 returned 1
branch  2 taken 1 (fallthrough)
branch  3 taken 0 (throw)
        1:   38-block  0
call    4 returned 1
call    5 returned 1
branch  6 taken 1 (fallthrough)
branch  7 taken 0 (throw)
        1:   38-block  1
call    8 returned 1
call    9 returned 1
branch 10 taken 1 (fallthrough)
branch 11 taken 0 (throw)
        1:   38-block  2
call   12 returned 1
branch 13 taken 1 (fallthrough)
branch 14 taken 0 (throw)
call   15 returned 1
call   16 returned 1
call   17 returned 1
call   18 returned 1
call   19 returned 1
    $$$$$:   38-block  3
    $$$$$:   38-block  4
    $$$$$:   38-block  5
    $$$$$:   38-block  6
    $$$$$:   38-block  7
    $$$$$:   38-block  8
        2:   39:    carte book16 = carte("Kong", "Maria", "Liric", 1940, 16);
call    0 returned 1
call    1 returned 1
branch  2 taken 1 (fallthrough)
branch  3 taken 0 (throw)
        1:   39-block  0
call    4 returned 1
call    5 returned 1
branch  6 taken 1 (fallthrough)
branch  7 taken 0 (throw)
        1:   39-block  1
call    8 returned 1
call    9 returned 1
branch 10 taken 1 (fallthrough)
branch 11 taken 0 (throw)
        1:   39-block  2
call   12 returned 1
branch 13 taken 1 (fallthrough)
branch 14 taken 0 (throw)
call   15 returned 1
call   16 returned 1
call   17 returned 1
call   18 returned 1
call   19 returned 1
    $$$$$:   39-block  3
    $$$$$:   39-block  4
    $$$$$:   39-block  5
    $$$$$:   39-block  6
    $$$$$:   39-block  7
    $$$$$:   39-block  8
        2:   40:    carte book17 = carte("Kong", "Maria", "Liric", 1940, 17);
call    0 returned 1
call    1 returned 1
branch  2 taken 1 (fallthrough)
branch  3 taken 0 (throw)
        1:   40-block  0
call    4 returned 1
call    5 returned 1
branch  6 taken 1 (fallthrough)
branch  7 taken 0 (throw)
        1:   40-block  1
call    8 returned 1
call    9 returned 1
branch 10 taken 1 (fallthrough)
branch 11 taken 0 (throw)
        1:   40-block  2
call   12 returned 1
branch 13 taken 1 (fallthrough)
branch 14 taken 0 (throw)
call   15 returned 1
call   16 returned 1
call   17 returned 1
call   18 returned 1
call   19 returned 1
    $$$$$:   40-block  3
    $$$$$:   40-block  4
    $$$$$:   40-block  5
    $$$$$:   40-block  6
    $$$$$:   40-block  7
    $$$$$:   40-block  8
        2:   41:    carte book18 = carte("Kong", "Maria", "Liric", 1940, 18);
call    0 returned 1
call    1 returned 1
branch  2 taken 1 (fallthrough)
branch  3 taken 0 (throw)
        1:   41-block  0
call    4 returned 1
call    5 returned 1
branch  6 taken 1 (fallthrough)
branch  7 taken 0 (throw)
        1:   41-block  1
call    8 returned 1
call    9 returned 1
branch 10 taken 1 (fallthrough)
branch 11 taken 0 (throw)
        1:   41-block  2
call   12 returned 1
branch 13 taken 1 (fallthrough)
branch 14 taken 0 (throw)
call   15 returned 1
call   16 returned 1
call   17 returned 1
call   18 returned 1
call   19 returned 1
    $$$$$:   41-block  3
    $$$$$:   41-block  4
    $$$$$:   41-block  5
    $$$$$:   41-block  6
    $$$$$:   41-block  7
    $$$$$:   41-block  8
        2:   42:    carte book19 = carte("Kong", "Maria", "Liric", 1940, 19);
call    0 returned 1
call    1 returned 1
branch  2 taken 1 (fallthrough)
branch  3 taken 0 (throw)
        1:   42-block  0
call    4 returned 1
call    5 returned 1
branch  6 taken 1 (fallthrough)
branch  7 taken 0 (throw)
        1:   42-block  1
call    8 returned 1
call    9 returned 1
branch 10 taken 1 (fallthrough)
branch 11 taken 0 (throw)
        1:   42-block  2
call   12 returned 1
branch 13 taken 1 (fallthrough)
branch 14 taken 0 (throw)
call   15 returned 1
call   16 returned 1
call   17 returned 1
call   18 returned 1
call   19 returned 1
    $$$$$:   42-block  3
    $$$$$:   42-block  4
    $$$$$:   42-block  5
    $$$$$:   42-block  6
    $$$$$:   42-block  7
    $$$$$:   42-block  8
        2:   43:    carte book20 = carte("Kong", "Maria", "Liric", 1940, 20);
call    0 returned 1
call    1 returned 1
branch  2 taken 1 (fallthrough)
branch  3 taken 0 (throw)
        1:   43-block  0
call    4 returned 1
call    5 returned 1
branch  6 taken 1 (fallthrough)
branch  7 taken 0 (throw)
        1:   43-block  1
call    8 returned 1
call    9 returned 1
branch 10 taken 1 (fallthrough)
branch 11 taken 0 (throw)
        1:   43-block  2
call   12 returned 1
branch 13 taken 1 (fallthrough)
branch 14 taken 0 (throw)
call   15 returned 1
call   16 returned 1
call   17 returned 1
call   18 returned 1
call   19 returned 1
    $$$$$:   43-block  3
    $$$$$:   43-block  4
    $$$$$:   43-block  5
    $$$$$:   43-block  6
    $$$$$:   43-block  7
    $$$$$:   43-block  8
        2:   44:    carte book21 = carte("Kong", "Maria", "Liric", 1940, 21);
call    0 returned 1
call    1 returned 1
branch  2 taken 1 (fallthrough)
branch  3 taken 0 (throw)
        1:   44-block  0
call    4 returned 1
call    5 returned 1
branch  6 taken 1 (fallthrough)
branch  7 taken 0 (throw)
        1:   44-block  1
call    8 returned 1
call    9 returned 1
branch 10 taken 1 (fallthrough)
branch 11 taken 0 (throw)
        1:   44-block  2
call   12 returned 1
branch 13 taken 1 (fallthrough)
branch 14 taken 0 (throw)
call   15 returned 1
call   16 returned 1
call   17 returned 1
call   18 returned 1
call   19 returned 1
    $$$$$:   44-block  3
    $$$$$:   44-block  4
    $$$$$:   44-block  5
    $$$$$:   44-block  6
    $$$$$:   44-block  7
    $$$$$:   44-block  8
        -:   45:
        -:   46:
        1:   47:    book_repo.add(book0);
call    0 returned 1
branch  1 taken 1 (fallthrough)
branch  2 taken 0 (throw)
        1:   48:    book_repo.add(book1);book_repo.add(book2);book_repo.add(book3);
        1:   48-block  0
call    0 returned 1
branch  1 taken 1 (fallthrough)
branch  2 taken 0 (throw)
        1:   48-block  1
call    3 returned 1
branch  4 taken 1 (fallthrough)
branch  5 taken 0 (throw)
        1:   48-block  2
call    6 returned 1
branch  7 taken 1 (fallthrough)
branch  8 taken 0 (throw)
        1:   49:    book_repo.add(book4);book_repo.add(book5);book_repo.add(book6);
        1:   49-block  0
call    0 returned 1
branch  1 taken 1 (fallthrough)
branch  2 taken 0 (throw)
        1:   49-block  1
call    3 returned 1
branch  4 taken 1 (fallthrough)
branch  5 taken 0 (throw)
        1:   49-block  2
call    6 returned 1
branch  7 taken 1 (fallthrough)
branch  8 taken 0 (throw)
        1:   50:    book_repo.add(book7);book_repo.add(book8);book_repo.add(book9);
        1:   50-block  0
call    0 returned 1
branch  1 taken 1 (fallthrough)
branch  2 taken 0 (throw)
        1:   50-block  1
call    3 returned 1
branch  4 taken 1 (fallthrough)
branch  5 taken 0 (throw)
        1:   50-block  2
call    6 returned 1
branch  7 taken 1 (fallthrough)
branch  8 taken 0 (throw)
        1:   51:    book_repo.add(book10);book_repo.add(book11);book_repo.add(book12);
        1:   51-block  0
call    0 returned 1
branch  1 taken 1 (fallthrough)
branch  2 taken 0 (throw)
        1:   51-block  1
call    3 returned 1
branch  4 taken 1 (fallthrough)
branch  5 taken 0 (throw)
        1:   51-block  2
call    6 returned 1
branch  7 taken 1 (fallthrough)
branch  8 taken 0 (throw)
        1:   52:    book_repo.add(book13);book_repo.add(book14);book_repo.add(book15);
        1:   52-block  0
call    0 returned 1
branch  1 taken 1 (fallthrough)
branch  2 taken 0 (throw)
        1:   52-block  1
call    3 returned 1
branch  4 taken 1 (fallthrough)
branch  5 taken 0 (throw)
        1:   52-block  2
call    6 returned 1
branch  7 taken 1 (fallthrough)
branch  8 taken 0 (throw)
        1:   53:    book_repo.add(book16);book_repo.add(book17);book_repo.add(book18);
        1:   53-block  0
call    0 returned 1
branch  1 taken 1 (fallthrough)
branch  2 taken 0 (throw)
        1:   53-block  1
call    3 returned 1
branch  4 taken 1 (fallthrough)
branch  5 taken 0 (throw)
        1:   53-block  2
call    6 returned 1
branch  7 taken 1 (fallthrough)
branch  8 taken 0 (throw)
        1:   54:    book_repo.add(book19);book_repo.add(book20);book_repo.add(book21);
        1:   54-block  0
call    0 returned 1
branch  1 taken 1 (fallthrough)
branch  2 taken 0 (throw)
        1:   54-block  1
call    3 returned 1
branch  4 taken 1 (fallthrough)
branch  5 taken 0 (throw)
        1:   54-block  2
call    6 returned 1
branch  7 taken 1 (fallthrough)
branch  8 taken 0 (throw)
        -:   55:
       1*:   56:    assert(book_repo.get_reference_from_vector().size() == 22); // echivalent cu get_all()
        1:   56-block  0
call    0 returned 1
branch  1 taken 1 (fallthrough)
branch  2 taken 0 (throw)
        1:   56-block  1
call    3 returned 1
branch  4 taken 0 (fallthrough)
branch  5 taken 1
    %%%%%:   56-block  2
call    6 never executed
       1*:   57:    assert(book_repo.find_book_by_id(0).get_title() == "Jupanii");
        1:   57-block  0
call    0 returned 1
branch  1 taken 1 (fallthrough)
branch  2 taken 0 (throw)
        1:   57-block  1
call    3 returned 1
branch  4 taken 1 (fallthrough)
branch  5 taken 0 (throw)
        1:   57-block  2
call    6 returned 1
branch  7 taken 0 (fallthrough)
branch  8 taken 1
    %%%%%:   57-block  3
call    9 never executed
        1:   57-block  4
call   10 returned 1
    $$$$$:   57-block  5
        -:   58:
       1*:   59:    assert(book_repo.find_book_by_id(20) == book20);
call    0 returned 1
branch  1 taken 1 (fallthrough)
branch  2 taken 0 (throw)
        1:   59-block  0
call    3 returned 1
branch  4 taken 1 (fallthrough)
branch  5 taken 0 (throw)
        1:   59-block  1
branch  6 taken 0 (fallthrough)
branch  7 taken 1
    %%%%%:   59-block  2
call    8 never executed
    $$$$$:   59-block  3
        -:   60:
        -:   61:    try{
        1:   62:        book_repo.add(book2);
        1:   62-block  0
call    0 returned 1
branch  1 taken 0 (fallthrough)
branch  2 taken 1 (throw)
    #####:   63:        assert(false);
    %%%%%:   63-block  0
call    0 never executed
        -:   64:    }
        1:   65:    catch(const book_repo_exception&){
        1:   65-block  0
branch  0 taken 0 (fallthrough)
branch  1 taken 1
        1:   65-block  1
call    2 returned 1
        -:   66:        assert(true);
        1:   67:    }
call    0 returned 1
branch  1 taken 1 (fallthrough)
branch  2 taken 0 (throw)
        -:   68:
        -:   69:    try{
        1:   70:        book_repo.find_book_by_id(23);
        1:   70-block  0
call    0 returned 1
branch  1 taken 0 (fallthrough)
branch  2 taken 1 (throw)
        1:   70-block  1
    =====:   71:        assert(false);
    $$$$$:   71-block  0
call    0 never executed
        -:   72:    }
        1:   73:    catch(const book_repo_exception& ex){
        1:   73-block  0
branch  0 taken 0 (fallthrough)
branch  1 taken 1
        1:   73-block  1
call    2 returned 1
        1:   74:        stringstream ss;
call    0 returned 1
branch  1 taken 1 (fallthrough)
branch  2 taken 0 (throw)
        1:   75:        ss << ex;
        1:   75-block  0
call    0 returned 1
branch  1 taken 1 (fallthrough)
branch  2 taken 0 (throw)
        1:   76:        assert(ss.str().find("Doesn't exist book with id:") > 0);
        1:   76-block  0
call    0 returned 1
branch  1 taken 1 (fallthrough)
branch  2 taken 0 (throw)
        1:   76-block  1
call    3 returned 1
branch  4 taken 0 (fallthrough)
branch  5 taken 1
    $$$$$:   76-block  2
call    6 never executed
        1:   76-block  3
call    7 returned 1
        1:   77:    }
call    0 returned 1
call    1 returned 1
branch  2 taken 1 (fallthrough)
branch  3 taken 0 (throw)
    $$$$$:   77-block  0
call    4 never executed
    $$$$$:   77-block  1
call    5 never executed
        -:   78:
        1:   79:}
        1:   79-block  0
call    0 returned 1
call    1 returned 1
call    2 returned 1
call    3 returned 1
call    4 returned 1
call    5 returned 1
call    6 returned 1
call    7 returned 1
call    8 returned 1
call    9 returned 1
call   10 returned 1
call   11 returned 1
call   12 returned 1
call   13 returned 1
call   14 returned 1
call   15 returned 1
call   16 returned 1
call   17 returned 1
call   18 returned 1
call   19 returned 1
call   20 returned 1
call   21 returned 1
call   22 returned 1
    $$$$$:   79-block  1
call   23 never executed
    $$$$$:   79-block  2
call   24 never executed
    $$$$$:   79-block  3
call   25 never executed
    $$$$$:   79-block  4
call   26 never executed
    $$$$$:   79-block  5
call   27 never executed
    $$$$$:   79-block  6
call   28 never executed
    $$$$$:   79-block  7
call   29 never executed
    $$$$$:   79-block  8
call   30 never executed
    $$$$$:   79-block  9
call   31 never executed
    $$$$$:   79-block 10
call   32 never executed
    $$$$$:   79-block 11
call   33 never executed
    $$$$$:   79-block 12
call   34 never executed
    $$$$$:   79-block 13
call   35 never executed
    $$$$$:   79-block 14
call   36 never executed
    $$$$$:   79-block 15
call   37 never executed
    $$$$$:   79-block 16
call   38 never executed
    $$$$$:   79-block 17
call   39 never executed
    $$$$$:   79-block 18
call   40 never executed
    $$$$$:   79-block 19
call   41 never executed
    $$$$$:   79-block 20
call   42 never executed
    $$$$$:   79-block 21
call   43 never executed
    $$$$$:   79-block 22
call   44 never executed
    $$$$$:   79-block 23
call   45 never executed
        -:   80:
function _ZN9test_repo16test_repo_deleteEv called 1 returned 100% blocks executed 50%
        1:   81:void test_repo::test_repo_delete() {
        1:   82:    repo book_repo;
        1:   82-block  0
call    0 returned 1
        2:   83:    carte book1 = carte("Luis", "Jupanii", "Epic", 1842, 0);
call    0 returned 1
call    1 returned 1
branch  2 taken 1 (fallthrough)
branch  3 taken 0 (throw)
        1:   83-block  0
call    4 returned 1
call    5 returned 1
branch  6 taken 1 (fallthrough)
branch  7 taken 0 (throw)
        1:   83-block  1
call    8 returned 1
call    9 returned 1
branch 10 taken 1 (fallthrough)
branch 11 taken 0 (throw)
        1:   83-block  2
call   12 returned 1
branch 13 taken 1 (fallthrough)
branch 14 taken 0 (throw)
call   15 returned 1
call   16 returned 1
call   17 returned 1
call   18 returned 1
call   19 returned 1
    $$$$$:   83-block  3
    $$$$$:   83-block  4
    $$$$$:   83-block  5
    $$$$$:   83-block  6
    $$$$$:   83-block  7
    $$$$$:   83-block  8
        2:   84:    carte book2 = carte("Kong", "Maria", "Liric", 1940, 1);
call    0 returned 1
call    1 returned 1
branch  2 taken 1 (fallthrough)
branch  3 taken 0 (throw)
        1:   84-block  0
call    4 returned 1
call    5 returned 1
branch  6 taken 1 (fallthrough)
branch  7 taken 0 (throw)
        1:   84-block  1
call    8 returned 1
call    9 returned 1
branch 10 taken 1 (fallthrough)
branch 11 taken 0 (throw)
        1:   84-block  2
call   12 returned 1
branch 13 taken 1 (fallthrough)
branch 14 taken 0 (throw)
call   15 returned 1
call   16 returned 1
call   17 returned 1
call   18 returned 1
call   19 returned 1
    $$$$$:   84-block  3
    $$$$$:   84-block  4
    $$$$$:   84-block  5
    $$$$$:   84-block  6
    $$$$$:   84-block  7
    $$$$$:   84-block  8
        -:   85:
        1:   86:    book_repo.add(book1);
call    0 returned 1
branch  1 taken 1 (fallthrough)
branch  2 taken 0 (throw)
        1:   87:    book_repo.add(book2);
        1:   87-block  0
call    0 returned 1
branch  1 taken 1 (fallthrough)
branch  2 taken 0 (throw)
        -:   88:
        1:   89:    book_repo.delete_book(1);
        1:   89-block  0
call    0 returned 1
branch  1 taken 1 (fallthrough)
branch  2 taken 0 (throw)
    $$$$$:   89-block  1
        -:   90:
       1*:   91:    assert(book_repo.get_all().size() == 1);
        1:   91-block  0
call    0 returned 1
call    1 returned 1
branch  2 taken 0 (fallthrough)
branch  3 taken 1
    %%%%%:   91-block  1
call    4 never executed
        -:   92:
        -:   93:    try{
       1*:   94:        book_repo.delete_book(1);
        1:   94-block  0
call    0 returned 1
branch  1 taken 0 (fallthrough)
branch  2 taken 1 (throw)
        1:   94-block  1
    #####:   95:        assert(false);
    %%%%%:   95-block  0
call    0 never executed
        -:   96:    }
        1:   97:    catch(const book_repo_exception& ex){
        1:   97-block  0
branch  0 taken 0 (fallthrough)
branch  1 taken 1
        1:   97-block  1
call    2 returned 1
        1:   98:        stringstream ss;
call    0 returned 1
branch  1 taken 1 (fallthrough)
branch  2 taken 0 (throw)
        1:   99:        ss << ex;
        1:   99-block  0
call    0 returned 1
branch  1 taken 1 (fallthrough)
branch  2 taken 0 (throw)
        1:  100:        assert(ss.str().find("nu exista!") > 0);
        1:  100-block  0
call    0 returned 1
branch  1 taken 1 (fallthrough)
branch  2 taken 0 (throw)
        1:  100-block  1
call    3 returned 1
branch  4 taken 0 (fallthrough)
branch  5 taken 1
    $$$$$:  100-block  2
call    6 never executed
        1:  100-block  3
call    7 returned 1
        1:  101:    }
call    0 returned 1
call    1 returned 1
branch  2 taken 1 (fallthrough)
branch  3 taken 0 (throw)
    $$$$$:  101-block  0
call    4 never executed
    $$$$$:  101-block  1
call    5 never executed
        -:  102:
        1:  103:    book_repo.goleste_repo();
        1:  103-block  0
call    0 returned 1
branch  1 taken 1 (fallthrough)
branch  2 taken 0 (throw)
        1:  104:    assert(book_repo.get_all().size() == 0);
        1:  104-block  0
call    0 returned 1
call    1 returned 1
branch  2 taken 0 (fallthrough)
branch  3 taken 1
    $$$$$:  104-block  1
call    4 never executed
        -:  105:
        1:  106:}
        1:  106-block  0
call    0 returned 1
call    1 returned 1
call    2 returned 1
    $$$$$:  106-block  1
call    3 never executed
    $$$$$:  106-block  2
call    4 never executed
    $$$$$:  106-block  3
call    5 never executed
        -:  107:
function _ZN9test_repo16test_repo_modifyEv called 1 returned 100% blocks executed 48%
        1:  108:void test_repo::test_repo_modify() {
        1:  109:    repo book_repo;
        1:  109-block  0
call    0 returned 1
        2:  110:    carte book1 = carte("Luis", "Jupanii", "Epic", 1842, 0);
call    0 returned 1
call    1 returned 1
branch  2 taken 1 (fallthrough)
branch  3 taken 0 (throw)
        1:  110-block  0
call    4 returned 1
call    5 returned 1
branch  6 taken 1 (fallthrough)
branch  7 taken 0 (throw)
        1:  110-block  1
call    8 returned 1
call    9 returned 1
branch 10 taken 1 (fallthrough)
branch 11 taken 0 (throw)
        1:  110-block  2
call   12 returned 1
branch 13 taken 1 (fallthrough)
branch 14 taken 0 (throw)
call   15 returned 1
call   16 returned 1
call   17 returned 1
call   18 returned 1
call   19 returned 1
    $$$$$:  110-block  3
    $$$$$:  110-block  4
    $$$$$:  110-block  5
    $$$$$:  110-block  6
    $$$$$:  110-block  7
    $$$$$:  110-block  8
        2:  111:    carte book2 = carte("Kong", "Maria", "Liric", 1940, 1);
call    0 returned 1
call    1 returned 1
branch  2 taken 1 (fallthrough)
branch  3 taken 0 (throw)
        1:  111-block  0
call    4 returned 1
call    5 returned 1
branch  6 taken 1 (fallthrough)
branch  7 taken 0 (throw)
        1:  111-block  1
call    8 returned 1
call    9 returned 1
branch 10 taken 1 (fallthrough)
branch 11 taken 0 (throw)
        1:  111-block  2
call   12 returned 1
branch 13 taken 1 (fallthrough)
branch 14 taken 0 (throw)
call   15 returned 1
call   16 returned 1
call   17 returned 1
call   18 returned 1
call   19 returned 1
    $$$$$:  111-block  3
    $$$$$:  111-block  4
    $$$$$:  111-block  5
    $$$$$:  111-block  6
    $$$$$:  111-block  7
    $$$$$:  111-block  8
        2:  112:    carte new_book = carte("Ottmar", "Comandant la auschwitz", "Epic", 1960, 1);
call    0 returned 1
call    1 returned 1
branch  2 taken 1 (fallthrough)
branch  3 taken 0 (throw)
        1:  112-block  0
call    4 returned 1
call    5 returned 1
branch  6 taken 1 (fallthrough)
branch  7 taken 0 (throw)
        1:  112-block  1
call    8 returned 1
call    9 returned 1
branch 10 taken 1 (fallthrough)
branch 11 taken 0 (throw)
        1:  112-block  2
call   12 returned 1
branch 13 taken 1 (fallthrough)
branch 14 taken 0 (throw)
call   15 returned 1
call   16 returned 1
call   17 returned 1
call   18 returned 1
call   19 returned 1
    $$$$$:  112-block  3
    $$$$$:  112-block  4
    $$$$$:  112-block  5
    $$$$$:  112-block  6
    $$$$$:  112-block  7
    $$$$$:  112-block  8
        2:  113:    carte bad_new_book = carte("Julia", "Luiza", "Dramatic", 1940, 2);
call    0 returned 1
call    1 returned 1
branch  2 taken 1 (fallthrough)
branch  3 taken 0 (throw)
        1:  113-block  0
call    4 returned 1
call    5 returned 1
branch  6 taken 1 (fallthrough)
branch  7 taken 0 (throw)
        1:  113-block  1
call    8 returned 1
call    9 returned 1
branch 10 taken 1 (fallthrough)
branch 11 taken 0 (throw)
        1:  113-block  2
call   12 returned 1
branch 13 taken 1 (fallthrough)
branch 14 taken 0 (throw)
call   15 returned 1
call   16 returned 1
call   17 returned 1
call   18 returned 1
call   19 returned 1
    $$$$$:  113-block  3
    $$$$$:  113-block  4
    $$$$$:  113-block  5
    $$$$$:  113-block  6
    $$$$$:  113-block  7
    $$$$$:  113-block  8
        1:  114:    book_repo.add(book1);
call    0 returned 1
branch  1 taken 1 (fallthrough)
branch  2 taken 0 (throw)
        1:  115:    book_repo.add(book2);
        1:  115-block  0
call    0 returned 1
branch  1 taken 1 (fallthrough)
branch  2 taken 0 (throw)
        -:  116:
        1:  117:    book_repo.modify_book(new_book);
        1:  117-block  0
call    0 returned 1
branch  1 taken 1 (fallthrough)
branch  2 taken 0 (throw)
        -:  118:
       1*:  119:    assert(book_repo.find_book_by_id(1).get_author() == "Ottmar");
        1:  119-block  0
call    0 returned 1
branch  1 taken 1 (fallthrough)
branch  2 taken 0 (throw)
        1:  119-block  1
call    3 returned 1
branch  4 taken 1 (fallthrough)
branch  5 taken 0 (throw)
        1:  119-block  2
call    6 returned 1
branch  7 taken 0 (fallthrough)
branch  8 taken 1
    %%%%%:  119-block  3
call    9 never executed
        1:  119-block  4
call   10 returned 1
    $$$$$:  119-block  5
       1*:  120:    assert(book_repo.find_book_by_id(1).get_title() == "Comandant la auschwitz");
call    0 returned 1
branch  1 taken 1 (fallthrough)
branch  2 taken 0 (throw)
        1:  120-block  0
call    3 returned 1
branch  4 taken 1 (fallthrough)
branch  5 taken 0 (throw)
        1:  120-block  1
call    6 returned 1
branch  7 taken 0 (fallthrough)
branch  8 taken 1
    %%%%%:  120-block  2
call    9 never executed
        1:  120-block  3
call   10 returned 1
    $$$$$:  120-block  4
       1*:  121:    assert(book_repo.find_book_by_id(1).get_genre() == "Epic");
call    0 returned 1
branch  1 taken 1 (fallthrough)
branch  2 taken 0 (throw)
        1:  121-block  0
call    3 returned 1
branch  4 taken 1 (fallthrough)
branch  5 taken 0 (throw)
        1:  121-block  1
call    6 returned 1
branch  7 taken 0 (fallthrough)
branch  8 taken 1
    %%%%%:  121-block  2
call    9 never executed
        1:  121-block  3
call   10 returned 1
    $$$$$:  121-block  4
       1*:  122:    assert(book_repo.find_book_by_id(1).get_publication_year() == 1960);
call    0 returned 1
branch  1 taken 1 (fallthrough)
branch  2 taken 0 (throw)
        1:  122-block  0
call    3 returned 1
branch  4 taken 1 (fallthrough)
branch  5 taken 0 (throw)
        1:  122-block  1
branch  6 taken 0 (fallthrough)
branch  7 taken 1
    %%%%%:  122-block  2
call    8 never executed
    $$$$$:  122-block  3
        -:  123:
        -:  124:    try{
        1:  125:        book_repo.modify_book(bad_new_book);
        1:  125-block  0
call    0 returned 1
branch  1 taken 0 (fallthrough)
branch  2 taken 1 (throw)
    #####:  126:        assert(false);
    %%%%%:  126-block  0
call    0 never executed
        -:  127:    }
        1:  128:    catch(const book_repo_exception& ex){
        1:  128-block  0
branch  0 taken 0 (fallthrough)
branch  1 taken 1
        1:  128-block  1
call    2 returned 1
        1:  129:        stringstream ss;
call    0 returned 1
branch  1 taken 1 (fallthrough)
branch  2 taken 0 (throw)
        1:  130:        ss << ex;
        1:  130-block  0
call    0 returned 1
branch  1 taken 1 (fallthrough)
branch  2 taken 0 (throw)
        1:  131:        assert(ss.str().find("Doesn't exist book with id:") == 0);
        1:  131-block  0
call    0 returned 1
branch  1 taken 1 (fallthrough)
branch  2 taken 0 (throw)
        1:  131-block  1
call    3 returned 1
branch  4 taken 0 (fallthrough)
branch  5 taken 1
    $$$$$:  131-block  2
call    6 never executed
        1:  131-block  3
call    7 returned 1
        1:  132:    }
call    0 returned 1
call    1 returned 1
branch  2 taken 1 (fallthrough)
branch  3 taken 0 (throw)
    $$$$$:  132-block  0
call    4 never executed
    $$$$$:  132-block  1
call    5 never executed
        1:  133:}
        1:  133-block  0
call    0 returned 1
call    1 returned 1
call    2 returned 1
call    3 returned 1
call    4 returned 1
    $$$$$:  133-block  1
call    5 never executed
    $$$$$:  133-block  2
call    6 never executed
    $$$$$:  133-block  3
call    7 never executed
    $$$$$:  133-block  4
call    8 never executed
    $$$$$:  133-block  5
call    9 never executed
        -:  134:
function _ZN9test_repo17test_repo_get_allEv called 1 returned 100% blocks executed 55%
        1:  135:void test_repo::test_repo_get_all() {
        1:  136:    repo book_repo;
        1:  136-block  0
call    0 returned 1
        2:  137:    carte book1 = carte("Luis", "Jupanii", "Epic", 1842, 0);
call    0 returned 1
call    1 returned 1
branch  2 taken 1 (fallthrough)
branch  3 taken 0 (throw)
        1:  137-block  0
call    4 returned 1
call    5 returned 1
branch  6 taken 1 (fallthrough)
branch  7 taken 0 (throw)
        1:  137-block  1
call    8 returned 1
call    9 returned 1
branch 10 taken 1 (fallthrough)
branch 11 taken 0 (throw)
        1:  137-block  2
call   12 returned 1
branch 13 taken 1 (fallthrough)
branch 14 taken 0 (throw)
call   15 returned 1
call   16 returned 1
call   17 returned 1
call   18 returned 1
call   19 returned 1
    $$$$$:  137-block  3
    $$$$$:  137-block  4
    $$$$$:  137-block  5
    $$$$$:  137-block  6
    $$$$$:  137-block  7
    $$$$$:  137-block  8
        2:  138:    carte book2 = carte("Kong", "Maria", "Liric", 1940, 1);
call    0 returned 1
call    1 returned 1
branch  2 taken 1 (fallthrough)
branch  3 taken 0 (throw)
        1:  138-block  0
call    4 returned 1
call    5 returned 1
branch  6 taken 1 (fallthrough)
branch  7 taken 0 (throw)
        1:  138-block  1
call    8 returned 1
call    9 returned 1
branch 10 taken 1 (fallthrough)
branch 11 taken 0 (throw)
        1:  138-block  2
call   12 returned 1
branch 13 taken 1 (fallthrough)
branch 14 taken 0 (throw)
call   15 returned 1
call   16 returned 1
call   17 returned 1
call   18 returned 1
call   19 returned 1
    $$$$$:  138-block  3
    $$$$$:  138-block  4
    $$$$$:  138-block  5
    $$$$$:  138-block  6
    $$$$$:  138-block  7
    $$$$$:  138-block  8
        1:  139:    book_repo.add(book1);
call    0 returned 1
branch  1 taken 1 (fallthrough)
branch  2 taken 0 (throw)
        1:  140:    book_repo.add(book2);
        1:  140-block  0
call    0 returned 1
branch  1 taken 1 (fallthrough)
branch  2 taken 0 (throw)
        -:  141:
        1:  142:    vector<carte> vec_carti = book_repo.get_all();
        1:  142-block  0
call    0 returned 1
call    1 returned 1
branch  2 taken 1 (fallthrough)
branch  3 taken 0 (throw)
        -:  143:
       1*:  144:    assert(vec_carti.size() == 2);
        1:  144-block  0
call    0 returned 1
branch  1 taken 0 (fallthrough)
branch  2 taken 1
    %%%%%:  144-block  1
call    3 never executed
        -:  145:
       1*:  146:    assert(vec_carti[0].get_author() == "Luis");
        1:  146-block  0
call    0 returned 1
call    1 returned 1
branch  2 taken 1 (fallthrough)
branch  3 taken 0 (throw)
        1:  146-block  1
call    4 returned 1
branch  5 taken 0 (fallthrough)
branch  6 taken 1
    %%%%%:  146-block  2
call    7 never executed
        1:  146-block  3
call    8 returned 1
       1*:  147:    assert(vec_carti[0].get_title() == "Jupanii");
call    0 returned 1
call    1 returned 1
branch  2 taken 1 (fallthrough)
branch  3 taken 0 (throw)
        1:  147-block  0
call    4 returned 1
branch  5 taken 0 (fallthrough)
branch  6 taken 1
    %%%%%:  147-block  1
call    7 never executed
        1:  147-block  2
call    8 returned 1
       1*:  148:    assert(vec_carti[0].get_genre() == "Epic");
call    0 returned 1
call    1 returned 1
branch  2 taken 1 (fallthrough)
branch  3 taken 0 (throw)
        1:  148-block  0
call    4 returned 1
branch  5 taken 0 (fallthrough)
branch  6 taken 1
    %%%%%:  148-block  1
call    7 never executed
        1:  148-block  2
call    8 returned 1
       1*:  149:    assert(vec_carti[0].get_publication_year() == 1842);
call    0 returned 1
call    1 returned 1
branch  2 taken 1 (fallthrough)
branch  3 taken 0 (throw)
        1:  149-block  0
branch  4 taken 0 (fallthrough)
branch  5 taken 1
    %%%%%:  149-block  1
call    6 never executed
       1*:  150:    assert(vec_carti[0].get_book_id() == 0);
        1:  150-block  0
call    0 returned 1
call    1 returned 1
branch  2 taken 1 (fallthrough)
branch  3 taken 0 (throw)
        1:  150-block  1
branch  4 taken 0 (fallthrough)
branch  5 taken 1
    %%%%%:  150-block  2
call    6 never executed
        -:  151:
        1:  152:}
        1:  152-block  0
call    0 returned 1
call    1 returned 1
call    2 returned 1
call    3 returned 1
    $$$$$:  152-block  1
call    4 never executed
    $$$$$:  152-block  2
call    5 never executed
    $$$$$:  152-block  3
call    6 never executed
    $$$$$:  152-block  4
call    7 never executed
        -:  153:
function _ZN9test_repo25test_repo_find_book_by_idEv called 1 returned 100% blocks executed 51%
        1:  154:void test_repo::test_repo_find_book_by_id() {
        1:  155:    repo book_repo;
        1:  155-block  0
call    0 returned 1
        2:  156:    carte book1 = carte("Luis", "Jupanii", "Epic", 1842, 0);
call    0 returned 1
call    1 returned 1
branch  2 taken 1 (fallthrough)
branch  3 taken 0 (throw)
        1:  156-block  0
call    4 returned 1
call    5 returned 1
branch  6 taken 1 (fallthrough)
branch  7 taken 0 (throw)
        1:  156-block  1
call    8 returned 1
call    9 returned 1
branch 10 taken 1 (fallthrough)
branch 11 taken 0 (throw)
        1:  156-block  2
call   12 returned 1
branch 13 taken 1 (fallthrough)
branch 14 taken 0 (throw)
call   15 returned 1
call   16 returned 1
call   17 returned 1
call   18 returned 1
call   19 returned 1
    $$$$$:  156-block  3
    $$$$$:  156-block  4
    $$$$$:  156-block  5
    $$$$$:  156-block  6
    $$$$$:  156-block  7
    $$$$$:  156-block  8
        2:  157:    carte book2 = carte("Kong", "Maria", "Liric", 1940, 1);
call    0 returned 1
call    1 returned 1
branch  2 taken 1 (fallthrough)
branch  3 taken 0 (throw)
        1:  157-block  0
call    4 returned 1
call    5 returned 1
branch  6 taken 1 (fallthrough)
branch  7 taken 0 (throw)
        1:  157-block  1
call    8 returned 1
call    9 returned 1
branch 10 taken 1 (fallthrough)
branch 11 taken 0 (throw)
        1:  157-block  2
call   12 returned 1
branch 13 taken 1 (fallthrough)
branch 14 taken 0 (throw)
call   15 returned 1
call   16 returned 1
call   17 returned 1
call   18 returned 1
call   19 returned 1
    $$$$$:  157-block  3
    $$$$$:  157-block  4
    $$$$$:  157-block  5
    $$$$$:  157-block  6
    $$$$$:  157-block  7
    $$$$$:  157-block  8
        1:  158:    book_repo.add(book1);
call    0 returned 1
branch  1 taken 1 (fallthrough)
branch  2 taken 0 (throw)
        1:  159:    book_repo.add(book2);
        1:  159-block  0
call    0 returned 1
branch  1 taken 1 (fallthrough)
branch  2 taken 0 (throw)
        -:  160:
        1:  161:    carte book_found = book_repo.find_book_by_id(1);
        1:  161-block  0
call    0 returned 1
branch  1 taken 1 (fallthrough)
branch  2 taken 0 (throw)
        1:  161-block  1
call    3 returned 1
branch  4 taken 1 (fallthrough)
branch  5 taken 0 (throw)
    $$$$$:  161-block  2
        -:  162:
       1*:  163:    assert(book_found.get_author() == "Kong");
        1:  163-block  0
call    0 returned 1
branch  1 taken 1 (fallthrough)
branch  2 taken 0 (throw)
        1:  163-block  1
call    3 returned 1
branch  4 taken 0 (fallthrough)
branch  5 taken 1
    %%%%%:  163-block  2
call    6 never executed
        1:  163-block  3
call    7 returned 1
       1*:  164:    assert(book_found.get_title() == "Maria");
call    0 returned 1
branch  1 taken 1 (fallthrough)
branch  2 taken 0 (throw)
        1:  164-block  0
call    3 returned 1
branch  4 taken 0 (fallthrough)
branch  5 taken 1
    %%%%%:  164-block  1
call    6 never executed
        1:  164-block  2
call    7 returned 1
       1*:  165:    assert(book_found.get_genre() == "Liric");
call    0 returned 1
branch  1 taken 1 (fallthrough)
branch  2 taken 0 (throw)
        1:  165-block  0
call    3 returned 1
branch  4 taken 0 (fallthrough)
branch  5 taken 1
    %%%%%:  165-block  1
call    6 never executed
        1:  165-block  2
call    7 returned 1
       1*:  166:    assert(book_found.get_publication_year() == 1940);
call    0 returned 1
branch  1 taken 1 (fallthrough)
branch  2 taken 0 (throw)
        1:  166-block  0
branch  3 taken 0 (fallthrough)
branch  4 taken 1
    %%%%%:  166-block  1
call    5 never executed
       1*:  167:    assert(book_found.get_book_id() == 1);
        1:  167-block  0
call    0 returned 1
branch  1 taken 1 (fallthrough)
branch  2 taken 0 (throw)
        1:  167-block  1
branch  3 taken 0 (fallthrough)
branch  4 taken 1
    %%%%%:  167-block  2
call    5 never executed
        1:  168:}
        1:  168-block  0
call    0 returned 1
call    1 returned 1
call    2 returned 1
call    3 returned 1
    $$$$$:  168-block  1
call    4 never executed
    $$$$$:  168-block  2
call    5 never executed
    $$$$$:  168-block  3
call    6 never executed
    $$$$$:  168-block  4
call    7 never executed
        -:  169:
function _ZN9test_repo17test_increment_idEv called 2 returned 100% blocks executed 46%
        2:  170:void test_repo::test_increment_id() {
        2:  171:    repo book_repo;
        2:  171-block  0
call    0 returned 2
        4:  172:    carte book1 = carte("Luis", "Jupanii", "Epic", 1842, 0);
call    0 returned 2
call    1 returned 2
branch  2 taken 2 (fallthrough)
branch  3 taken 0 (throw)
        2:  172-block  0
call    4 returned 2
call    5 returned 2
branch  6 taken 2 (fallthrough)
branch  7 taken 0 (throw)
        2:  172-block  1
call    8 returned 2
call    9 returned 2
branch 10 taken 2 (fallthrough)
branch 11 taken 0 (throw)
        2:  172-block  2
call   12 returned 2
branch 13 taken 2 (fallthrough)
branch 14 taken 0 (throw)
call   15 returned 2
call   16 returned 2
call   17 returned 2
call   18 returned 2
call   19 returned 2
    $$$$$:  172-block  3
    $$$$$:  172-block  4
    $$$$$:  172-block  5
    $$$$$:  172-block  6
    $$$$$:  172-block  7
    $$$$$:  172-block  8
        4:  173:    carte book2 = carte("Kong", "Maria", "Liric", 1940, 1);
call    0 returned 2
call    1 returned 2
branch  2 taken 2 (fallthrough)
branch  3 taken 0 (throw)
        2:  173-block  0
call    4 returned 2
call    5 returned 2
branch  6 taken 2 (fallthrough)
branch  7 taken 0 (throw)
        2:  173-block  1
call    8 returned 2
call    9 returned 2
branch 10 taken 2 (fallthrough)
branch 11 taken 0 (throw)
        2:  173-block  2
call   12 returned 2
branch 13 taken 2 (fallthrough)
branch 14 taken 0 (throw)
call   15 returned 2
call   16 returned 2
call   17 returned 2
call   18 returned 2
call   19 returned 2
    $$$$$:  173-block  3
    $$$$$:  173-block  4
    $$$$$:  173-block  5
    $$$$$:  173-block  6
    $$$$$:  173-block  7
    $$$$$:  173-block  8
        2:  174:    book_repo.add(book1);
call    0 returned 2
branch  1 taken 2 (fallthrough)
branch  2 taken 0 (throw)
        -:  175:
       2*:  176:    assert(book_repo.get_id_for_next_book_to_be_added() == 1);
        2:  176-block  0
call    0 returned 2
branch  1 taken 2 (fallthrough)
branch  2 taken 0 (throw)
        2:  176-block  1
branch  3 taken 0 (fallthrough)
branch  4 taken 2
    %%%%%:  176-block  2
call    5 never executed
        -:  177:
        2:  178:    book_repo.add(book2);
        2:  178-block  0
call    0 returned 2
branch  1 taken 2 (fallthrough)
branch  2 taken 0 (throw)
        -:  179:
       2*:  180:    assert(book_repo.get_id_for_next_book_to_be_added() == 2);
        2:  180-block  0
call    0 returned 2
branch  1 taken 2 (fallthrough)
branch  2 taken 0 (throw)
        2:  180-block  1
branch  3 taken 0 (fallthrough)
branch  4 taken 2
    %%%%%:  180-block  2
call    5 never executed
        -:  181:
        2:  182:}
        2:  182-block  0
call    0 returned 2
call    1 returned 2
call    2 returned 2
    $$$$$:  182-block  1
call    3 never executed
    $$$$$:  182-block  2
call    4 never executed
    $$$$$:  182-block  3
call    5 never executed
        -:  183:
function _ZN9test_repo37test_get_id_for_next_book_to_be_addedEv called 1 returned 100% blocks executed 100%
        1:  184:void test_repo::test_get_id_for_next_book_to_be_added(){
        1:  185:    test_increment_id();
        1:  185-block  0
call    0 returned 1
        1:  186:}
