        -:    0:Source:D:/INFO 2/SEM 2/oop_lab_6_9/Headers/cos_carti.h
        -:    0:Graph:D:\INFO 2\SEM 2\oop_lab_6_9\cmake-build-debug-coverage\CMakeFiles\lab6_7_clion.dir\teste\test_cos_srv.cpp.gcno
        -:    0:Data:D:\INFO 2\SEM 2\oop_lab_6_9\cmake-build-debug-coverage\CMakeFiles\lab6_7_clion.dir\teste\test_cos_srv.cpp.gcda
        -:    0:Runs:1
        -:    1://
        -:    2:// Created by obrej on 4/23/2024.
        -:    3://
        -:    4:
        -:    5:#ifndef LAB6_7_CLION_COS_CARTI_H
        -:    6:#define LAB6_7_CLION_COS_CARTI_H
        -:    7:
        -:    8:#include "../Headers/repo.h"
        -:    9:
        -:   10:class cos_carti {
        -:   11:private:
        -:   12:    repo &repo_carti;
        -:   13:    repo &cos;
        -:   14:public:
function _ZN9cos_cartiC1ER4repoS1_ called 4 returned 100% blocks executed 100%
        4:   15:    cos_carti(repo& all, repo& cos): repo_carti{all}, cos{cos}{}
        -:   16:
        -:   17:    int get_nr_carti_din_cos();
        -:   18:    void add_carte_in_cos(string titlu);
        -:   19:    void goleste_cos();
        -:   20:    void genereaza_cos(int nr_carti);
        -:   21:    void export_cos(const string& nume_fisier, int nr_cos);
        -:   22:};
        -:   23:
        -:   24:
        -:   25:#endif //LAB6_7_CLION_COS_CARTI_H
