        -:    0:Source:D:/INFO 2/SEM 2/OOP/lab6-7---oop/ui/ui_biblioteca.cpp
        -:    0:Graph:D:\INFO 2\SEM 2\OOP\lab6-7---oop\cmake-build-debug-coverage\CMakeFiles\lab6_7_clion.dir\ui\ui_biblioteca.cpp.gcno
        -:    0:Data:D:\INFO 2\SEM 2\OOP\lab6-7---oop\cmake-build-debug-coverage\CMakeFiles\lab6_7_clion.dir\ui\ui_biblioteca.cpp.gcda
        -:    0:Runs:1
        -:    1://
        -:    2:// Created by obrej on 4/10/2024.
        -:    3://
        -:    4:
        -:    5:#include "../Headers/ui_biblioteca.h"
        -:    6:#include "../Headers/carte.h"
        -:    7:#include "../Headers/my_vector.h"
        -:    8:#include "../Headers/vector_iterator.h"
        -:    9:#include <iostream>
        -:   10:#include <string>
        -:   11:
        -:   12:using std::string;
        -:   13:using std::cin;
        -:   14:using std::cout;
        -:   15:
function _ZN13ui_biblioteca8afiseazaERK9my_vectorI5carteE called 0 returned 0% blocks executed 0%
    #####:   16:void ui_biblioteca::afiseaza(const my_vector<carte>& books) {
    #####:   17:    if(books.size() == 0){
    %%%%%:   17-block  0
call    0 never executed
branch  1 never executed (fallthrough)
branch  2 never executed
    #####:   18:        cout << "Nu sunt carti de afisat\n";
    %%%%%:   18-block  0
call    0 never executed
branch  1 never executed (fallthrough)
branch  2 never executed (throw)
    #####:   19:        return;
    %%%%%:   19-block  0
        -:   20:    }
    #####:   21:    cout << "\nCartile sunt:\n";
    %%%%%:   21-block  0
call    0 never executed
branch  1 never executed (fallthrough)
branch  2 never executed (throw)
    #####:   22:    iterator_vector<carte> iter{books};
    %%%%%:   22-block  0
call    0 never executed
    #####:   23:    iter.prim();
call    0 never executed
    #####:   24:    while(iter.valid()) {
    %%%%%:   24-block  0
call    0 never executed
branch  1 never executed
branch  2 never executed (fallthrough)
    #####:   25:        const carte &book = iter.element();
    %%%%%:   25-block  0
call    0 never executed
        -:   26:
    #####:   27:        cout << "Author: " << book.get_author() << '\n';
call    0 never executed
branch  1 never executed (fallthrough)
branch  2 never executed (throw)
    %%%%%:   27-block  0
call    3 never executed
branch  4 never executed (fallthrough)
branch  5 never executed (throw)
    %%%%%:   27-block  1
call    6 never executed
branch  7 never executed (fallthrough)
branch  8 never executed (throw)
    %%%%%:   27-block  2
call    9 never executed
branch 10 never executed (fallthrough)
branch 11 never executed (throw)
    %%%%%:   27-block  3
call   12 never executed
    $$$$$:   27-block  4
call   13 never executed
    $$$$$:   27-block  5
    #####:   28:        cout << "Title: " << book.get_title() << '\n';
call    0 never executed
branch  1 never executed (fallthrough)
branch  2 never executed (throw)
    %%%%%:   28-block  0
call    3 never executed
branch  4 never executed (fallthrough)
branch  5 never executed (throw)
    %%%%%:   28-block  1
call    6 never executed
branch  7 never executed (fallthrough)
branch  8 never executed (throw)
    %%%%%:   28-block  2
call    9 never executed
branch 10 never executed (fallthrough)
branch 11 never executed (throw)
    %%%%%:   28-block  3
call   12 never executed
    $$$$$:   28-block  4
call   13 never executed
    $$$$$:   28-block  5
    #####:   29:        cout << "Genre: " << book.get_genre() << '\n';
call    0 never executed
branch  1 never executed (fallthrough)
branch  2 never executed (throw)
    %%%%%:   29-block  0
call    3 never executed
branch  4 never executed (fallthrough)
branch  5 never executed (throw)
    %%%%%:   29-block  1
call    6 never executed
branch  7 never executed (fallthrough)
branch  8 never executed (throw)
    %%%%%:   29-block  2
call    9 never executed
branch 10 never executed (fallthrough)
branch 11 never executed (throw)
    %%%%%:   29-block  3
call   12 never executed
    $$$$$:   29-block  4
call   13 never executed
    $$$$$:   29-block  5
    #####:   30:        cout << "Publication Year: " << book.get_publication_year() << '\n';
call    0 never executed
branch  1 never executed (fallthrough)
branch  2 never executed (throw)
    %%%%%:   30-block  0
call    3 never executed
branch  4 never executed (fallthrough)
branch  5 never executed (throw)
    %%%%%:   30-block  1
call    6 never executed
branch  7 never executed (fallthrough)
branch  8 never executed (throw)
    %%%%%:   30-block  2
call    9 never executed
branch 10 never executed (fallthrough)
branch 11 never executed (throw)
    #####:   31:        cout << "Book ID: " << book.get_book_id() << '\n';
    %%%%%:   31-block  0
call    0 never executed
branch  1 never executed (fallthrough)
branch  2 never executed (throw)
    %%%%%:   31-block  1
call    3 never executed
branch  4 never executed (fallthrough)
branch  5 never executed (throw)
    %%%%%:   31-block  2
call    6 never executed
branch  7 never executed (fallthrough)
branch  8 never executed (throw)
    %%%%%:   31-block  3
call    9 never executed
branch 10 never executed (fallthrough)
branch 11 never executed (throw)
        -:   32:
    #####:   33:        iter.next();
    %%%%%:   33-block  0
call    0 never executed
    #####:   34:        cout << '\n';
call    0 never executed
branch  1 never executed (fallthrough)
branch  2 never executed (throw)
        -:   35:    }
        -:   36:}
        -:   37:
function _ZN13ui_biblioteca5meniuEv called 0 returned 0% blocks executed 0%
    #####:   38:void ui_biblioteca::meniu(){
    #####:   39:    cout<< "< 1 > Adaugare carte\n< 2 > Sterge carte\n< 3 > Modifica carte\n< 4 > Afiseaza cartile\n< 5 > Cautare\n< 6 > Filtrare: \n< 7 > Sortare\n< 8 > EXIT\nOption: ";
    %%%%%:   39-block  0
call    0 never executed
    #####:   40:}
function _ZN13ui_biblioteca8add_bookEv called 0 returned 0% blocks executed 0%
    #####:   41:void ui_biblioteca::add_book() {
    #####:   42:    string autor, titlu, gen;
    %%%%%:   42-block  0
call    0 never executed
call    1 never executed
call    2 never executed
        -:   43:    int an_pub;
    #####:   44:    cout<<"autor: "; cin>>autor;
call    0 never executed
branch  1 never executed (fallthrough)
branch  2 never executed (throw)
    %%%%%:   44-block  0
call    3 never executed
branch  4 never executed (fallthrough)
branch  5 never executed (throw)
        -:   45:
    #####:   46:    cout<<"titlu: "; cin>>titlu;
    %%%%%:   46-block  0
call    0 never executed
branch  1 never executed (fallthrough)
branch  2 never executed (throw)
    %%%%%:   46-block  1
call    3 never executed
branch  4 never executed (fallthrough)
branch  5 never executed (throw)
        -:   47:
    #####:   48:    cout<<"gen: "; cin>>gen;
    %%%%%:   48-block  0
call    0 never executed
branch  1 never executed (fallthrough)
branch  2 never executed (throw)
    %%%%%:   48-block  1
call    3 never executed
branch  4 never executed (fallthrough)
branch  5 never executed (throw)
        -:   49:
    #####:   50:    cout<<"an: "; cin >> an_pub;
    %%%%%:   50-block  0
call    0 never executed
branch  1 never executed (fallthrough)
branch  2 never executed (throw)
    %%%%%:   50-block  1
call    3 never executed
branch  4 never executed (fallthrough)
branch  5 never executed (throw)
        -:   51:
    #####:   52:    srv.add_book_srv(autor, titlu, gen, an_pub);
    %%%%%:   52-block  0
call    0 never executed
branch  1 never executed (fallthrough)
branch  2 never executed (throw)
    #####:   53:}
    %%%%%:   53-block  0
call    0 never executed
call    1 never executed
call    2 never executed
    $$$$$:   53-block  1
call    3 never executed
    $$$$$:   53-block  2
call    4 never executed
    $$$$$:   53-block  3
call    5 never executed
        -:   54:
function _ZN13ui_biblioteca11delete_bookEv called 0 returned 0% blocks executed 0%
    #####:   55:void ui_biblioteca::delete_book() {
        -:   56:    int id_carte_to_be_deleted;
    #####:   57:    afiseaza(srv.get_all_srv());
    %%%%%:   57-block  0
call    0 never executed
call    1 never executed
branch  2 never executed (fallthrough)
branch  3 never executed (throw)
    #####:   58:    cout<<"\nId carte pentru a fi stearsa: "; cin>> id_carte_to_be_deleted;
    %%%%%:   58-block  0
call    0 never executed
branch  1 never executed (fallthrough)
branch  2 never executed (throw)
    %%%%%:   58-block  1
call    3 never executed
branch  4 never executed (fallthrough)
branch  5 never executed (throw)
        -:   59:
    #####:   60:    srv.delete_book_srv(id_carte_to_be_deleted);
    %%%%%:   60-block  0
call    0 never executed
branch  1 never executed (fallthrough)
branch  2 never executed (throw)
    #####:   61:}
    %%%%%:   61-block  0
        -:   62:
function _ZN13ui_biblioteca11modify_bookEv called 0 returned 0% blocks executed 0%
    #####:   63:void ui_biblioteca::modify_book() {
        -:   64:    int id_carte_to_be_modified;
    #####:   65:    afiseaza(srv.get_all_srv());
    %%%%%:   65-block  0
call    0 never executed
call    1 never executed
branch  2 never executed (fallthrough)
branch  3 never executed (throw)
    #####:   66:    cout<<"Id carte pentru a fi modificata: "; cin>> id_carte_to_be_modified;
    %%%%%:   66-block  0
call    0 never executed
branch  1 never executed (fallthrough)
branch  2 never executed (throw)
    %%%%%:   66-block  1
call    3 never executed
branch  4 never executed (fallthrough)
branch  5 never executed (throw)
    #####:   67:    string autor, titlu, gen;
    %%%%%:   67-block  0
call    0 never executed
call    1 never executed
call    2 never executed
        -:   68:    int an_pub;
    #####:   69:    cout<<"autor: "; cin>>autor;
call    0 never executed
branch  1 never executed (fallthrough)
branch  2 never executed (throw)
    %%%%%:   69-block  0
call    3 never executed
branch  4 never executed (fallthrough)
branch  5 never executed (throw)
        -:   70:
    #####:   71:    cout<<"titlu: "; cin>>titlu;
    %%%%%:   71-block  0
call    0 never executed
branch  1 never executed (fallthrough)
branch  2 never executed (throw)
    %%%%%:   71-block  1
call    3 never executed
branch  4 never executed (fallthrough)
branch  5 never executed (throw)
        -:   72:
    #####:   73:    cout<<"gen: "; cin>>gen;
    %%%%%:   73-block  0
call    0 never executed
branch  1 never executed (fallthrough)
branch  2 never executed (throw)
    %%%%%:   73-block  1
call    3 never executed
branch  4 never executed (fallthrough)
branch  5 never executed (throw)
        -:   74:
    #####:   75:    cout<<"an: "; cin >> an_pub;
    %%%%%:   75-block  0
call    0 never executed
branch  1 never executed (fallthrough)
branch  2 never executed (throw)
    %%%%%:   75-block  1
call    3 never executed
branch  4 never executed (fallthrough)
branch  5 never executed (throw)
        -:   76:
    #####:   77:    srv.modify_book_srv(autor, titlu, gen, an_pub, id_carte_to_be_modified);
    %%%%%:   77-block  0
call    0 never executed
branch  1 never executed (fallthrough)
branch  2 never executed (throw)
    #####:   78:}
    %%%%%:   78-block  0
call    0 never executed
call    1 never executed
call    2 never executed
    $$$$$:   78-block  1
call    3 never executed
    $$$$$:   78-block  2
call    4 never executed
    $$$$$:   78-block  3
call    5 never executed
function _ZN13ui_biblioteca7cautareEv called 0 returned 0% blocks executed 0%
    #####:   79:void ui_biblioteca::cautare(){
    #####:   80:    cout << "Pentru autor / titlu / gen : string pt cautarea campului altfel <ENTER>\n Pentru an_pub : c > 0 pt pass";
    %%%%%:   80-block  0
call    0 never executed
branch  1 never executed (fallthrough)
branch  2 never executed (throw)
    #####:   81:    string autor, titlu, gen;
    %%%%%:   81-block  0
call    0 never executed
call    1 never executed
call    2 never executed
        -:   82:    int an_pub;
    #####:   83:    cout<<"\nautor: "; cin>>autor;
call    0 never executed
branch  1 never executed (fallthrough)
branch  2 never executed (throw)
    %%%%%:   83-block  0
call    3 never executed
branch  4 never executed (fallthrough)
branch  5 never executed (throw)
        -:   84:
    #####:   85:    cout<<"titlu: "; cin>>titlu;
    %%%%%:   85-block  0
call    0 never executed
branch  1 never executed (fallthrough)
branch  2 never executed (throw)
    %%%%%:   85-block  1
call    3 never executed
branch  4 never executed (fallthrough)
branch  5 never executed (throw)
        -:   86:
    #####:   87:    cout<<"gen: "; cin>>gen;
    %%%%%:   87-block  0
call    0 never executed
branch  1 never executed (fallthrough)
branch  2 never executed (throw)
    %%%%%:   87-block  1
call    3 never executed
branch  4 never executed (fallthrough)
branch  5 never executed (throw)
        -:   88:
    #####:   89:    cout<<"an: "; cin >> an_pub;
    %%%%%:   89-block  0
call    0 never executed
branch  1 never executed (fallthrough)
branch  2 never executed (throw)
    %%%%%:   89-block  1
call    3 never executed
branch  4 never executed (fallthrough)
branch  5 never executed (throw)
        -:   90:
    #####:   91:    carte carte{ srv.search_for_book(autor, titlu, gen, an_pub) };
    %%%%%:   91-block  0
call    0 never executed
branch  1 never executed (fallthrough)
branch  2 never executed (throw)
    %%%%%:   91-block  1
call    3 never executed
branch  4 never executed (fallthrough)
branch  5 never executed (throw)
        -:   92:
    #####:   93:    cout << "Author: " << carte.get_author() << '\n';
    %%%%%:   93-block  0
call    0 never executed
branch  1 never executed (fallthrough)
branch  2 never executed (throw)
    %%%%%:   93-block  1
call    3 never executed
branch  4 never executed (fallthrough)
branch  5 never executed (throw)
    %%%%%:   93-block  2
call    6 never executed
branch  7 never executed (fallthrough)
branch  8 never executed (throw)
    %%%%%:   93-block  3
call    9 never executed
branch 10 never executed (fallthrough)
branch 11 never executed (throw)
    %%%%%:   93-block  4
call   12 never executed
    $$$$$:   93-block  5
call   13 never executed
    $$$$$:   93-block  6
    #####:   94:    cout << "Title: " << carte.get_title() << '\n';
call    0 never executed
branch  1 never executed (fallthrough)
branch  2 never executed (throw)
    %%%%%:   94-block  0
call    3 never executed
branch  4 never executed (fallthrough)
branch  5 never executed (throw)
    %%%%%:   94-block  1
call    6 never executed
branch  7 never executed (fallthrough)
branch  8 never executed (throw)
    %%%%%:   94-block  2
call    9 never executed
branch 10 never executed (fallthrough)
branch 11 never executed (throw)
    %%%%%:   94-block  3
call   12 never executed
    $$$$$:   94-block  4
call   13 never executed
    $$$$$:   94-block  5
    #####:   95:    cout << "Genre: " << carte.get_genre() << '\n';
call    0 never executed
branch  1 never executed (fallthrough)
branch  2 never executed (throw)
    %%%%%:   95-block  0
call    3 never executed
branch  4 never executed (fallthrough)
branch  5 never executed (throw)
    %%%%%:   95-block  1
call    6 never executed
branch  7 never executed (fallthrough)
branch  8 never executed (throw)
    %%%%%:   95-block  2
call    9 never executed
branch 10 never executed (fallthrough)
branch 11 never executed (throw)
    %%%%%:   95-block  3
call   12 never executed
    $$$$$:   95-block  4
call   13 never executed
    $$$$$:   95-block  5
    #####:   96:    cout << "Publication Year: " << carte.get_publication_year() << '\n';
call    0 never executed
branch  1 never executed (fallthrough)
branch  2 never executed (throw)
    %%%%%:   96-block  0
call    3 never executed
branch  4 never executed (fallthrough)
branch  5 never executed (throw)
    %%%%%:   96-block  1
call    6 never executed
branch  7 never executed (fallthrough)
branch  8 never executed (throw)
    %%%%%:   96-block  2
call    9 never executed
branch 10 never executed (fallthrough)
branch 11 never executed (throw)
    #####:   97:    cout << "Book ID: " << carte.get_book_id() << '\n';
    %%%%%:   97-block  0
call    0 never executed
branch  1 never executed (fallthrough)
branch  2 never executed (throw)
    %%%%%:   97-block  1
call    3 never executed
branch  4 never executed (fallthrough)
branch  5 never executed (throw)
    %%%%%:   97-block  2
call    6 never executed
branch  7 never executed (fallthrough)
branch  8 never executed (throw)
    %%%%%:   97-block  3
call    9 never executed
branch 10 never executed (fallthrough)
branch 11 never executed (throw)
    #####:   98:}
    %%%%%:   98-block  0
call    0 never executed
call    1 never executed
call    2 never executed
call    3 never executed
    $$$$$:   98-block  1
call    4 never executed
    $$$$$:   98-block  2
call    5 never executed
    $$$$$:   98-block  3
call    6 never executed
    $$$$$:   98-block  4
call    7 never executed
function _ZN13ui_biblioteca7filtareEv called 0 returned 0% blocks executed 0%
    #####:   99:void ui_biblioteca::filtare() {
    #####:  100:    cout<<"\nFiltrare dupa an si titlu:\n";
    %%%%%:  100-block  0
call    0 never executed
branch  1 never executed (fallthrough)
branch  2 never executed (throw)
        -:  101:    int an;
    #####:  102:    string titlu;
    %%%%%:  102-block  0
call    0 never executed
    #####:  103:    cout << "an: "; cin >> an;
call    0 never executed
branch  1 never executed (fallthrough)
branch  2 never executed (throw)
    %%%%%:  103-block  0
call    3 never executed
branch  4 never executed (fallthrough)
branch  5 never executed (throw)
    #####:  104:    cout << "titlu: "; cin >> titlu;
    %%%%%:  104-block  0
call    0 never executed
branch  1 never executed (fallthrough)
branch  2 never executed (throw)
    %%%%%:  104-block  1
call    3 never executed
branch  4 never executed (fallthrough)
branch  5 never executed (throw)
        -:  105:
    #####:  106:    const my_vector<carte>& filtered_books{ srv.filter_srv(an,titlu) };
    %%%%%:  106-block  0
call    0 never executed
branch  1 never executed (fallthrough)
branch  2 never executed (throw)
    %%%%%:  106-block  1
call    3 never executed
branch  4 never executed (fallthrough)
branch  5 never executed (throw)
    %%%%%:  106-block  2
call    6 never executed
    $$$$$:  106-block  3
call    7 never executed
    $$$$$:  106-block  4
        -:  107:
    #####:  108:    afiseaza(filtered_books);
call    0 never executed
branch  1 never executed (fallthrough)
branch  2 never executed (throw)
    #####:  109:}
    %%%%%:  109-block  0
call    0 never executed
call    1 never executed
    $$$$$:  109-block  1
call    2 never executed
    $$$$$:  109-block  2
call    3 never executed
function _ZN13ui_biblioteca7sortareEv called 0 returned 0% blocks executed 0%
    #####:  110:void ui_biblioteca::sortare() {
    #####:  111:    cout << "\nSortare dupa titlu / autor / anul aparitiei + gen\n";
    %%%%%:  111-block  0
call    0 never executed
branch  1 never executed (fallthrough)
branch  2 never executed (throw)
    #####:  112:    int optiune = 0;
    #####:  113:    cout<<"Alege:\n";
    %%%%%:  113-block  0
call    0 never executed
branch  1 never executed (fallthrough)
branch  2 never executed (throw)
    #####:  114:    cout<<"< 1 > Dupa titlu:\n";
    %%%%%:  114-block  0
call    0 never executed
branch  1 never executed (fallthrough)
branch  2 never executed (throw)
    #####:  115:    cout<<"< 2 > Dupa autor:\n";
    %%%%%:  115-block  0
call    0 never executed
branch  1 never executed (fallthrough)
branch  2 never executed (throw)
    #####:  116:    cout<<"< 3 > Dupa anul aparitiei + gen:\n";
    %%%%%:  116-block  0
call    0 never executed
branch  1 never executed (fallthrough)
branch  2 never executed (throw)
    #####:  117:    while(!(optiune == 1 || optiune == 2 || optiune == 3)){
    %%%%%:  117-block  0
    %%%%%:  117-block  1
branch  0 never executed (fallthrough)
branch  1 never executed
    %%%%%:  117-block  2
branch  2 never executed (fallthrough)
branch  3 never executed
    %%%%%:  117-block  3
branch  4 never executed
branch  5 never executed (fallthrough)
    #####:  118:        std::cout<<"Optiune: "; cin >> optiune;
    %%%%%:  118-block  0
call    0 never executed
branch  1 never executed (fallthrough)
branch  2 never executed (throw)
    %%%%%:  118-block  1
call    3 never executed
branch  4 never executed (fallthrough)
branch  5 never executed (throw)
        -:  119:    }
    #####:  120:    const my_vector<carte>& sorted_books = srv.sorter_based_on_option(optiune);
    %%%%%:  120-block  0
call    0 never executed
branch  1 never executed (fallthrough)
branch  2 never executed (throw)
    #####:  121:    afiseaza(sorted_books);
    %%%%%:  121-block  0
call    0 never executed
branch  1 never executed (fallthrough)
branch  2 never executed (throw)
    #####:  122:}
    %%%%%:  122-block  0
call    0 never executed
    $$$$$:  122-block  1
call    1 never executed
function _ZN13ui_biblioteca3runEv called 0 returned 0% blocks executed 0%
    #####:  123:void ui_biblioteca::run(){
    #####:  124:    srv.add_book_srv("Luis", "Jupanii", "Epic", 1842);
    %%%%%:  124-block  0
    %%%%%:  124-block  1
call    0 never executed
branch  1 never executed (fallthrough)
branch  2 never executed (throw)
    %%%%%:  124-block  2
call    3 never executed
branch  4 never executed (fallthrough)
branch  5 never executed (throw)
    %%%%%:  124-block  3
call    6 never executed
branch  7 never executed (fallthrough)
branch  8 never executed (throw)
    %%%%%:  124-block  4
call    9 never executed
branch 10 never executed (fallthrough)
branch 11 never executed (throw)
    %%%%%:  124-block  5
call   12 never executed
    %%%%%:  124-block  6
call   13 never executed
    %%%%%:  124-block  7
call   14 never executed
    $$$$$:  124-block  8
call   15 never executed
    $$$$$:  124-block  9
    $$$$$:  124-block 10
    $$$$$:  124-block 11
call   16 never executed
    $$$$$:  124-block 12
    $$$$$:  124-block 13
    $$$$$:  124-block 14
call   17 never executed
    $$$$$:  124-block 15
    $$$$$:  124-block 16
    $$$$$:  124-block 17
call   18 never executed
    #####:  125:    srv.add_book_srv("Kong", "Maria", "Liric", 1940);
    %%%%%:  125-block  0
    %%%%%:  125-block  1
call    0 never executed
branch  1 never executed (fallthrough)
branch  2 never executed (throw)
    %%%%%:  125-block  2
call    3 never executed
branch  4 never executed (fallthrough)
branch  5 never executed (throw)
    %%%%%:  125-block  3
call    6 never executed
branch  7 never executed (fallthrough)
branch  8 never executed (throw)
    %%%%%:  125-block  4
call    9 never executed
branch 10 never executed (fallthrough)
branch 11 never executed (throw)
    %%%%%:  125-block  5
call   12 never executed
    %%%%%:  125-block  6
call   13 never executed
    %%%%%:  125-block  7
call   14 never executed
    $$$$$:  125-block  8
call   15 never executed
    $$$$$:  125-block  9
    $$$$$:  125-block 10
    $$$$$:  125-block 11
call   16 never executed
    $$$$$:  125-block 12
    $$$$$:  125-block 13
    $$$$$:  125-block 14
call   17 never executed
    $$$$$:  125-block 15
    $$$$$:  125-block 16
    $$$$$:  125-block 17
call   18 never executed
    #####:  126:    srv.add_book_srv("I.L.C", "O scrisoare pierduta", "Dramatic", 2000);
    %%%%%:  126-block  0
    %%%%%:  126-block  1
call    0 never executed
branch  1 never executed (fallthrough)
branch  2 never executed (throw)
    %%%%%:  126-block  2
call    3 never executed
branch  4 never executed (fallthrough)
branch  5 never executed (throw)
    %%%%%:  126-block  3
call    6 never executed
branch  7 never executed (fallthrough)
branch  8 never executed (throw)
    %%%%%:  126-block  4
call    9 never executed
branch 10 never executed (fallthrough)
branch 11 never executed (throw)
    %%%%%:  126-block  5
call   12 never executed
    %%%%%:  126-block  6
call   13 never executed
    %%%%%:  126-block  7
call   14 never executed
    %%%%%:  126-block  8
    $$$$$:  126-block  9
call   15 never executed
    $$$$$:  126-block 10
    $$$$$:  126-block 11
    $$$$$:  126-block 12
call   16 never executed
    $$$$$:  126-block 13
    $$$$$:  126-block 14
    $$$$$:  126-block 15
call   17 never executed
    $$$$$:  126-block 16
    $$$$$:  126-block 17
    $$$$$:  126-block 18
call   18 never executed
        -:  127:    while(true){
    #####:  128:        meniu();
    %%%%%:  128-block  0
call    0 never executed
branch  1 never executed (fallthrough)
branch  2 never executed (throw)
        -:  129:        int option;
    #####:  130:        cin>>option;
    %%%%%:  130-block  0
call    0 never executed
branch  1 never executed (fallthrough)
branch  2 never executed (throw)
        -:  131:        try{
    #####:  132:            switch(option) {
    %%%%%:  132-block  0
branch  0 never executed
branch  1 never executed
branch  2 never executed
branch  3 never executed
branch  4 never executed
branch  5 never executed
branch  6 never executed
branch  7 never executed
branch  8 never executed
    #####:  133:                case 1:
    #####:  134:                    add_book();
    %%%%%:  134-block  0
call    0 never executed
branch  1 never executed (fallthrough)
branch  2 never executed (throw)
    #####:  135:                    break;
    %%%%%:  135-block  0
    #####:  136:                case 2:
    #####:  137:                    delete_book();
    %%%%%:  137-block  0
call    0 never executed
branch  1 never executed (fallthrough)
branch  2 never executed (throw)
    #####:  138:                    break;
    %%%%%:  138-block  0
    #####:  139:                case 3:
    #####:  140:                    modify_book();
    %%%%%:  140-block  0
call    0 never executed
branch  1 never executed (fallthrough)
branch  2 never executed (throw)
    #####:  141:                    break;
    %%%%%:  141-block  0
    #####:  142:                case 4:
    #####:  143:                    afiseaza(srv.get_all_srv());
    %%%%%:  143-block  0
call    0 never executed
call    1 never executed
branch  2 never executed (fallthrough)
branch  3 never executed (throw)
    #####:  144:                    break;
    %%%%%:  144-block  0
    #####:  145:                case 5:
    #####:  146:                    cautare();
    %%%%%:  146-block  0
call    0 never executed
branch  1 never executed (fallthrough)
branch  2 never executed (throw)
    #####:  147:                    break;
    %%%%%:  147-block  0
    #####:  148:                case 6:
    #####:  149:                    filtare();
    %%%%%:  149-block  0
call    0 never executed
branch  1 never executed (fallthrough)
branch  2 never executed (throw)
    #####:  150:                    break;
    %%%%%:  150-block  0
    #####:  151:                case 7:
    #####:  152:                    sortare();
    %%%%%:  152-block  0
call    0 never executed
branch  1 never executed (fallthrough)
branch  2 never executed (throw)
    #####:  153:                    break;
    %%%%%:  153-block  0
    #####:  154:                case 8:
    #####:  155:                    return;
    %%%%%:  155-block  0
    %%%%%:  155-block  1
    #####:  156:                default:
    #####:  157:                    cout << "Optiunea nu exista!\n";
    %%%%%:  157-block  0
call    0 never executed
branch  1 never executed (fallthrough)
branch  2 never executed (throw)
        -:  158:            }
        -:  159:        }
    =====:  160:        catch (const book_validation_exception& ex){
    $$$$$:  160-block  0
branch  0 never executed (fallthrough)
branch  1 never executed
branch  2 never executed
branch  3 never executed
    $$$$$:  160-block  1
call    4 never executed
    =====:  161:            cout << ex << '\n';
call    0 never executed
branch  1 never executed (fallthrough)
branch  2 never executed (throw)
    $$$$$:  161-block  0
call    3 never executed
branch  4 never executed (fallthrough)
branch  5 never executed (throw)
    =====:  162:        }
    $$$$$:  162-block  0
call    0 never executed
branch  1 never executed (fallthrough)
branch  2 never executed (throw)
    $$$$$:  162-block  1
call    3 never executed
    =====:  163:        catch (const book_repo_exception& ex){
    $$$$$:  163-block  0
call    0 never executed
    =====:  164:            cout << ex << '\n';
call    0 never executed
branch  1 never executed (fallthrough)
branch  2 never executed (throw)
    $$$$$:  164-block  0
call    3 never executed
branch  4 never executed (fallthrough)
branch  5 never executed (throw)
    =====:  165:        }
    $$$$$:  165-block  0
call    0 never executed
branch  1 never executed (fallthrough)
branch  2 never executed (throw)
    $$$$$:  165-block  1
call    3 never executed
    =====:  166:        catch (const std::exception){
    $$$$$:  166-block  0
call    0 never executed
call    1 never executed
    =====:  167:            cout<< "Alta eroare!!\n";
call    0 never executed
branch  1 never executed (fallthrough)
branch  2 never executed (throw)
    =====:  168:        }
    $$$$$:  168-block  0
call    0 never executed
call    1 never executed
    $$$$$:  168-block  1
call    2 never executed
    $$$$$:  168-block  2
call    3 never executed
    #####:  169:    }
    %%%%%:  169-block  0
        -:  170:}
        -:  171:
