        -:    0:Source:D:/INFO 2/SEM 2/OOP/lab6-7---oop/ui/ui_biblioteca.cpp
        -:    0:Graph:D:\INFO 2\SEM 2\OOP\lab6-7---oop\cmake-build-debug-coverage\CMakeFiles\lab6_7_clion.dir\ui\ui_biblioteca.cpp.gcno
        -:    0:Data:D:\INFO 2\SEM 2\OOP\lab6-7---oop\cmake-build-debug-coverage\CMakeFiles\lab6_7_clion.dir\ui\ui_biblioteca.cpp.gcda
        -:    0:Runs:1
        -:    1://
        -:    2:// Created by obrej on 4/10/2024.
        -:    3://
        -:    4:
        -:    5:#include "../Headers/ui_biblioteca.h"
        -:    6:#include "../Headers/carte.h"
        -:    7:#include <iostream>
        -:    8:#include <string>
        -:    9:#include <vector>
        -:   10:
        -:   11:using std::string;
        -:   12:using std::cin;
        -:   13:using std::cout;
        -:   14:using std::vector;
        -:   15:
        -:   16:int nr_cos;
        -:   17:
function _ZN13ui_biblioteca8afiseazaERKSt6vectorI5carteSaIS1_EE called 0 returned 0% blocks executed 0%
    #####:   18:void ui_biblioteca::afiseaza(const vector<carte>& books) {
    #####:   19:    if(books.size() == 0){
    %%%%%:   19-block  0
call    0 never executed
branch  1 never executed (fallthrough)
branch  2 never executed
    #####:   20:        cout << "Nu sunt carti de afisat\n";
    %%%%%:   20-block  0
call    0 never executed
    #####:   21:        return;
        -:   22:    }
    #####:   23:    cout << "\nCartile sunt:\n";
    %%%%%:   23-block  0
call    0 never executed
    #####:   24:    for(const carte& book: books){
call    0 never executed
call    1 never executed
    %%%%%:   24-block  0
call    2 never executed
    %%%%%:   24-block  1
call    3 never executed
    %%%%%:   24-block  2
call    4 never executed
branch  5 never executed
branch  6 never executed (fallthrough)
    #####:   25:        cout << "Author: " << book.get_author() << '\n';
call    0 never executed
branch  1 never executed (fallthrough)
branch  2 never executed (throw)
    %%%%%:   25-block  0
call    3 never executed
branch  4 never executed (fallthrough)
branch  5 never executed (throw)
    %%%%%:   25-block  1
call    6 never executed
branch  7 never executed (fallthrough)
branch  8 never executed (throw)
    %%%%%:   25-block  2
call    9 never executed
branch 10 never executed (fallthrough)
branch 11 never executed (throw)
    %%%%%:   25-block  3
call   12 never executed
    $$$$$:   25-block  4
call   13 never executed
    $$$$$:   25-block  5
    #####:   26:        cout << "Title: " << book.get_title() << '\n';
call    0 never executed
branch  1 never executed (fallthrough)
branch  2 never executed (throw)
    %%%%%:   26-block  0
call    3 never executed
branch  4 never executed (fallthrough)
branch  5 never executed (throw)
    %%%%%:   26-block  1
call    6 never executed
branch  7 never executed (fallthrough)
branch  8 never executed (throw)
    %%%%%:   26-block  2
call    9 never executed
branch 10 never executed (fallthrough)
branch 11 never executed (throw)
    %%%%%:   26-block  3
call   12 never executed
    $$$$$:   26-block  4
call   13 never executed
    $$$$$:   26-block  5
    #####:   27:        cout << "Genre: " << book.get_genre() << '\n';
call    0 never executed
branch  1 never executed (fallthrough)
branch  2 never executed (throw)
    %%%%%:   27-block  0
call    3 never executed
branch  4 never executed (fallthrough)
branch  5 never executed (throw)
    %%%%%:   27-block  1
call    6 never executed
branch  7 never executed (fallthrough)
branch  8 never executed (throw)
    %%%%%:   27-block  2
call    9 never executed
branch 10 never executed (fallthrough)
branch 11 never executed (throw)
    %%%%%:   27-block  3
call   12 never executed
    $$$$$:   27-block  4
call   13 never executed
    $$$$$:   27-block  5
    #####:   28:        cout << "Publication Year: " << book.get_publication_year() << '\n';
call    0 never executed
branch  1 never executed (fallthrough)
branch  2 never executed (throw)
    %%%%%:   28-block  0
call    3 never executed
branch  4 never executed (fallthrough)
branch  5 never executed (throw)
    %%%%%:   28-block  1
call    6 never executed
branch  7 never executed (fallthrough)
branch  8 never executed (throw)
    %%%%%:   28-block  2
call    9 never executed
branch 10 never executed (fallthrough)
branch 11 never executed (throw)
    #####:   29:        cout << "Book ID: " << book.get_book_id() << '\n';
    %%%%%:   29-block  0
call    0 never executed
branch  1 never executed (fallthrough)
branch  2 never executed (throw)
    %%%%%:   29-block  1
call    3 never executed
branch  4 never executed (fallthrough)
branch  5 never executed (throw)
    %%%%%:   29-block  2
call    6 never executed
branch  7 never executed (fallthrough)
branch  8 never executed (throw)
    %%%%%:   29-block  3
call    9 never executed
branch 10 never executed (fallthrough)
branch 11 never executed (throw)
        -:   30:
    #####:   31:        cout << '\n';
    %%%%%:   31-block  0
call    0 never executed
branch  1 never executed (fallthrough)
branch  2 never executed (throw)
        -:   32:    }
        -:   33:}
        -:   34:
function _ZN13ui_biblioteca5meniuEv called 0 returned 0% blocks executed 0%
    #####:   35:void ui_biblioteca::meniu(){
    #####:   36:    cout<< "\n< 1 > Adaugare carte\n< 2 > Sterge carte\n< 3 > Modifica carte\n< 4 > Afiseaza cartile\n< 5 > Cautare\n< 6 > Filtrare: \n< 7 > Sortare\n< 8 > Adauga carte in cos\n< 9 > Goleste cos\n< 10 > Genereaza cos\n< 11 > Export\n< 12 > Raport\n< 13 > Undo\n< 14 >EXIT\nOption: ";
    %%%%%:   36-block  0
call    0 never executed
    #####:   37:}
function _ZN13ui_biblioteca8add_bookEv called 0 returned 0% blocks executed 0%
    #####:   38:void ui_biblioteca::add_book() {
    #####:   39:    string autor, titlu, gen;
    %%%%%:   39-block  0
call    0 never executed
call    1 never executed
call    2 never executed
        -:   40:    int an_pub;
    #####:   41:    cout<<"autor: "; getline(cin, autor);
call    0 never executed
branch  1 never executed (fallthrough)
branch  2 never executed (throw)
    %%%%%:   41-block  0
call    3 never executed
branch  4 never executed (fallthrough)
branch  5 never executed (throw)
        -:   42:
    #####:   43:    cout<<"titlu: "; getline(cin, titlu);
    %%%%%:   43-block  0
call    0 never executed
branch  1 never executed (fallthrough)
branch  2 never executed (throw)
    %%%%%:   43-block  1
call    3 never executed
branch  4 never executed (fallthrough)
branch  5 never executed (throw)
        -:   44:
    #####:   45:    cout<<"gen: "; getline(cin, gen);
    %%%%%:   45-block  0
call    0 never executed
branch  1 never executed (fallthrough)
branch  2 never executed (throw)
    %%%%%:   45-block  1
call    3 never executed
branch  4 never executed (fallthrough)
branch  5 never executed (throw)
        -:   46:
    #####:   47:    cout<<"an: "; cin >> an_pub;
    %%%%%:   47-block  0
call    0 never executed
branch  1 never executed (fallthrough)
branch  2 never executed (throw)
    %%%%%:   47-block  1
call    3 never executed
branch  4 never executed (fallthrough)
branch  5 never executed (throw)
        -:   48:
    #####:   49:    srv.add_book_srv(autor, titlu, gen, an_pub);
    %%%%%:   49-block  0
call    0 never executed
branch  1 never executed (fallthrough)
branch  2 never executed (throw)
    #####:   50:}
    %%%%%:   50-block  0
call    0 never executed
call    1 never executed
call    2 never executed
    $$$$$:   50-block  1
call    3 never executed
    $$$$$:   50-block  2
call    4 never executed
    $$$$$:   50-block  3
call    5 never executed
        -:   51:
function _ZN13ui_biblioteca11delete_bookEv called 0 returned 0% blocks executed 0%
    #####:   52:void ui_biblioteca::delete_book() {
        -:   53:    int id_carte_to_be_deleted;
    #####:   54:    afiseaza(srv.get_all_srv());
    %%%%%:   54-block  0
call    0 never executed
call    1 never executed
branch  2 never executed (fallthrough)
branch  3 never executed (throw)
    #####:   55:    cout<<"\nId carte pentru a fi stearsa: "; cin>> id_carte_to_be_deleted;
    %%%%%:   55-block  0
call    0 never executed
branch  1 never executed (fallthrough)
branch  2 never executed (throw)
    %%%%%:   55-block  1
call    3 never executed
branch  4 never executed (fallthrough)
branch  5 never executed (throw)
        -:   56:
    #####:   57:    srv.delete_book_srv(id_carte_to_be_deleted);
    %%%%%:   57-block  0
call    0 never executed
branch  1 never executed (fallthrough)
branch  2 never executed (throw)
    #####:   58:}
    %%%%%:   58-block  0
        -:   59:
function _ZN13ui_biblioteca11modify_bookEv called 0 returned 0% blocks executed 0%
    #####:   60:void ui_biblioteca::modify_book() {
        -:   61:    int id_carte_to_be_modified;
    #####:   62:    afiseaza(srv.get_all_srv());
    %%%%%:   62-block  0
call    0 never executed
call    1 never executed
branch  2 never executed (fallthrough)
branch  3 never executed (throw)
    #####:   63:    cout<<"Id carte pentru a fi modificata: "; cin>> id_carte_to_be_modified;
    %%%%%:   63-block  0
call    0 never executed
branch  1 never executed (fallthrough)
branch  2 never executed (throw)
    %%%%%:   63-block  1
call    3 never executed
branch  4 never executed (fallthrough)
branch  5 never executed (throw)
    #####:   64:    std::cin.ignore(1, '\n');
    %%%%%:   64-block  0
call    0 never executed
branch  1 never executed (fallthrough)
branch  2 never executed (throw)
    #####:   65:    string autor, titlu, gen;
    %%%%%:   65-block  0
call    0 never executed
call    1 never executed
call    2 never executed
        -:   66:    int an_pub;
    #####:   67:    cout<<"autor: "; getline(cin, autor);
call    0 never executed
branch  1 never executed (fallthrough)
branch  2 never executed (throw)
    %%%%%:   67-block  0
call    3 never executed
branch  4 never executed (fallthrough)
branch  5 never executed (throw)
        -:   68:
    #####:   69:    cout<<"titlu: "; getline(cin, titlu);
    %%%%%:   69-block  0
call    0 never executed
branch  1 never executed (fallthrough)
branch  2 never executed (throw)
    %%%%%:   69-block  1
call    3 never executed
branch  4 never executed (fallthrough)
branch  5 never executed (throw)
        -:   70:
    #####:   71:    cout<<"gen: "; getline(cin, gen);
    %%%%%:   71-block  0
call    0 never executed
branch  1 never executed (fallthrough)
branch  2 never executed (throw)
    %%%%%:   71-block  1
call    3 never executed
branch  4 never executed (fallthrough)
branch  5 never executed (throw)
        -:   72:
    #####:   73:    cout<<"an: "; cin >> an_pub;
    %%%%%:   73-block  0
call    0 never executed
branch  1 never executed (fallthrough)
branch  2 never executed (throw)
    %%%%%:   73-block  1
call    3 never executed
branch  4 never executed (fallthrough)
branch  5 never executed (throw)
        -:   74:
    #####:   75:    srv.modify_book_srv(autor, titlu, gen, an_pub, id_carte_to_be_modified);
    %%%%%:   75-block  0
call    0 never executed
branch  1 never executed (fallthrough)
branch  2 never executed (throw)
    #####:   76:}
    %%%%%:   76-block  0
call    0 never executed
call    1 never executed
call    2 never executed
    $$$$$:   76-block  1
call    3 never executed
    $$$$$:   76-block  2
call    4 never executed
    $$$$$:   76-block  3
call    5 never executed
function _ZN13ui_biblioteca7cautareEv called 0 returned 0% blocks executed 0%
    #####:   77:void ui_biblioteca::cautare(){
    #####:   78:    cout << "Pentru autor / titlu / gen : string pt cautarea campului altfel <ENTER>\n Pentru an_pub : c > 0 pt pass\n";
    %%%%%:   78-block  0
call    0 never executed
branch  1 never executed (fallthrough)
branch  2 never executed (throw)
    #####:   79:    string autor, titlu, gen;
    %%%%%:   79-block  0
call    0 never executed
call    1 never executed
call    2 never executed
        -:   80:    int an_pub;
    #####:   81:    cout<<"autor: "; getline(cin, autor);
call    0 never executed
branch  1 never executed (fallthrough)
branch  2 never executed (throw)
    %%%%%:   81-block  0
call    3 never executed
branch  4 never executed (fallthrough)
branch  5 never executed (throw)
        -:   82:
    #####:   83:    cout<<"titlu: "; getline(cin, titlu);
    %%%%%:   83-block  0
call    0 never executed
branch  1 never executed (fallthrough)
branch  2 never executed (throw)
    %%%%%:   83-block  1
call    3 never executed
branch  4 never executed (fallthrough)
branch  5 never executed (throw)
        -:   84:
    #####:   85:    cout<<"gen: "; getline(cin, gen);
    %%%%%:   85-block  0
call    0 never executed
branch  1 never executed (fallthrough)
branch  2 never executed (throw)
    %%%%%:   85-block  1
call    3 never executed
branch  4 never executed (fallthrough)
branch  5 never executed (throw)
        -:   86:
    #####:   87:    cout<<"an: "; cin >> an_pub;
    %%%%%:   87-block  0
call    0 never executed
branch  1 never executed (fallthrough)
branch  2 never executed (throw)
    %%%%%:   87-block  1
call    3 never executed
branch  4 never executed (fallthrough)
branch  5 never executed (throw)
        -:   88:
    #####:   89:    carte carte{ srv.search_for_book(autor, titlu, gen, an_pub) };
    %%%%%:   89-block  0
call    0 never executed
branch  1 never executed (fallthrough)
branch  2 never executed (throw)
    %%%%%:   89-block  1
call    3 never executed
branch  4 never executed (fallthrough)
branch  5 never executed (throw)
        -:   90:
    #####:   91:    cout << "Author: " << carte.get_author() << '\n';
    %%%%%:   91-block  0
call    0 never executed
branch  1 never executed (fallthrough)
branch  2 never executed (throw)
    %%%%%:   91-block  1
call    3 never executed
branch  4 never executed (fallthrough)
branch  5 never executed (throw)
    %%%%%:   91-block  2
call    6 never executed
branch  7 never executed (fallthrough)
branch  8 never executed (throw)
    %%%%%:   91-block  3
call    9 never executed
branch 10 never executed (fallthrough)
branch 11 never executed (throw)
    %%%%%:   91-block  4
call   12 never executed
    $$$$$:   91-block  5
call   13 never executed
    $$$$$:   91-block  6
    #####:   92:    cout << "Title: " << carte.get_title() << '\n';
call    0 never executed
branch  1 never executed (fallthrough)
branch  2 never executed (throw)
    %%%%%:   92-block  0
call    3 never executed
branch  4 never executed (fallthrough)
branch  5 never executed (throw)
    %%%%%:   92-block  1
call    6 never executed
branch  7 never executed (fallthrough)
branch  8 never executed (throw)
    %%%%%:   92-block  2
call    9 never executed
branch 10 never executed (fallthrough)
branch 11 never executed (throw)
    %%%%%:   92-block  3
call   12 never executed
    $$$$$:   92-block  4
call   13 never executed
    $$$$$:   92-block  5
    #####:   93:    cout << "Genre: " << carte.get_genre() << '\n';
call    0 never executed
branch  1 never executed (fallthrough)
branch  2 never executed (throw)
    %%%%%:   93-block  0
call    3 never executed
branch  4 never executed (fallthrough)
branch  5 never executed (throw)
    %%%%%:   93-block  1
call    6 never executed
branch  7 never executed (fallthrough)
branch  8 never executed (throw)
    %%%%%:   93-block  2
call    9 never executed
branch 10 never executed (fallthrough)
branch 11 never executed (throw)
    %%%%%:   93-block  3
call   12 never executed
    $$$$$:   93-block  4
call   13 never executed
    $$$$$:   93-block  5
    #####:   94:    cout << "Publication Year: " << carte.get_publication_year() << '\n';
call    0 never executed
branch  1 never executed (fallthrough)
branch  2 never executed (throw)
    %%%%%:   94-block  0
call    3 never executed
branch  4 never executed (fallthrough)
branch  5 never executed (throw)
    %%%%%:   94-block  1
call    6 never executed
branch  7 never executed (fallthrough)
branch  8 never executed (throw)
    %%%%%:   94-block  2
call    9 never executed
branch 10 never executed (fallthrough)
branch 11 never executed (throw)
    #####:   95:    cout << "Book ID: " << carte.get_book_id() << '\n';
    %%%%%:   95-block  0
call    0 never executed
branch  1 never executed (fallthrough)
branch  2 never executed (throw)
    %%%%%:   95-block  1
call    3 never executed
branch  4 never executed (fallthrough)
branch  5 never executed (throw)
    %%%%%:   95-block  2
call    6 never executed
branch  7 never executed (fallthrough)
branch  8 never executed (throw)
    %%%%%:   95-block  3
call    9 never executed
branch 10 never executed (fallthrough)
branch 11 never executed (throw)
    #####:   96:}
    %%%%%:   96-block  0
call    0 never executed
call    1 never executed
call    2 never executed
call    3 never executed
    $$$$$:   96-block  1
call    4 never executed
    $$$$$:   96-block  2
call    5 never executed
    $$$$$:   96-block  3
call    6 never executed
    $$$$$:   96-block  4
call    7 never executed
function _ZN13ui_biblioteca7filtareEv called 0 returned 0% blocks executed 0%
    #####:   97:void ui_biblioteca::filtare() {
    #####:   98:    cout<<"\nFiltrare dupa an si titlu:\n";
    %%%%%:   98-block  0
call    0 never executed
branch  1 never executed (fallthrough)
branch  2 never executed (throw)
        -:   99:    int an;
    #####:  100:    string titlu;
    %%%%%:  100-block  0
call    0 never executed
    #####:  101:    cout << "an: "; cin >> an;
call    0 never executed
branch  1 never executed (fallthrough)
branch  2 never executed (throw)
    %%%%%:  101-block  0
call    3 never executed
branch  4 never executed (fallthrough)
branch  5 never executed (throw)
    #####:  102:    std::cin.ignore(1, '\n');
    %%%%%:  102-block  0
call    0 never executed
branch  1 never executed (fallthrough)
branch  2 never executed (throw)
    #####:  103:    cout << "titlu: "; getline(cin, titlu);
    %%%%%:  103-block  0
call    0 never executed
branch  1 never executed (fallthrough)
branch  2 never executed (throw)
    %%%%%:  103-block  1
call    3 never executed
branch  4 never executed (fallthrough)
branch  5 never executed (throw)
        -:  104:
    #####:  105:    const vector<carte>& filtered_books{ srv.filter_srv(an,titlu) };
    %%%%%:  105-block  0
call    0 never executed
branch  1 never executed (fallthrough)
branch  2 never executed (throw)
    %%%%%:  105-block  1
call    3 never executed
branch  4 never executed (fallthrough)
branch  5 never executed (throw)
    %%%%%:  105-block  2
call    6 never executed
    $$$$$:  105-block  3
call    7 never executed
    $$$$$:  105-block  4
        -:  106:
    #####:  107:    afiseaza(filtered_books);
call    0 never executed
branch  1 never executed (fallthrough)
branch  2 never executed (throw)
    #####:  108:}
    %%%%%:  108-block  0
call    0 never executed
call    1 never executed
    $$$$$:  108-block  1
call    2 never executed
    $$$$$:  108-block  2
call    3 never executed
function _ZN13ui_biblioteca7sortareEv called 0 returned 0% blocks executed 0%
    #####:  109:void ui_biblioteca::sortare() {
    #####:  110:    cout << "\nSortare dupa titlu / autor / anul aparitiei + gen\n";
    %%%%%:  110-block  0
call    0 never executed
branch  1 never executed (fallthrough)
branch  2 never executed (throw)
    #####:  111:    int optiune = 0;
    #####:  112:    cout<<"Alege:\n";
    %%%%%:  112-block  0
call    0 never executed
branch  1 never executed (fallthrough)
branch  2 never executed (throw)
    #####:  113:    cout<<"< 1 > Dupa titlu:\n";
    %%%%%:  113-block  0
call    0 never executed
branch  1 never executed (fallthrough)
branch  2 never executed (throw)
    #####:  114:    cout<<"< 2 > Dupa autor:\n";
    %%%%%:  114-block  0
call    0 never executed
branch  1 never executed (fallthrough)
branch  2 never executed (throw)
    #####:  115:    cout<<"< 3 > Dupa anul aparitiei + gen:\n";
    %%%%%:  115-block  0
call    0 never executed
branch  1 never executed (fallthrough)
branch  2 never executed (throw)
    #####:  116:    while(!(optiune == 1 || optiune == 2 || optiune == 3)){
    %%%%%:  116-block  0
    %%%%%:  116-block  1
branch  0 never executed (fallthrough)
branch  1 never executed
    %%%%%:  116-block  2
branch  2 never executed (fallthrough)
branch  3 never executed
    %%%%%:  116-block  3
branch  4 never executed
branch  5 never executed (fallthrough)
    #####:  117:        std::cout<<"Optiune: "; cin >> optiune;
    %%%%%:  117-block  0
call    0 never executed
branch  1 never executed (fallthrough)
branch  2 never executed (throw)
    %%%%%:  117-block  1
call    3 never executed
branch  4 never executed (fallthrough)
branch  5 never executed (throw)
        -:  118:    }
    #####:  119:    const vector<carte>& sorted_books = srv.sorter_based_on_option(optiune);
    %%%%%:  119-block  0
call    0 never executed
branch  1 never executed (fallthrough)
branch  2 never executed (throw)
    #####:  120:    afiseaza(sorted_books);
    %%%%%:  120-block  0
call    0 never executed
branch  1 never executed (fallthrough)
branch  2 never executed (throw)
    #####:  121:}
    %%%%%:  121-block  0
call    0 never executed
    $$$$$:  121-block  1
call    1 never executed
        -:  122:
function _ZN13ui_biblioteca7add_cosEv called 0 returned 0% blocks executed 0%
    #####:  123:void ui_biblioteca::add_cos(){
    #####:  124:    afiseaza(srv.get_all_srv());
    %%%%%:  124-block  0
call    0 never executed
call    1 never executed
branch  2 never executed (fallthrough)
branch  3 never executed (throw)
    #####:  125:    string titlu;
    %%%%%:  125-block  0
call    0 never executed
    #####:  126:    cout << "Introdu titlul cartii pe care doresti sa o adaugi in cos: ";
call    0 never executed
branch  1 never executed (fallthrough)
branch  2 never executed (throw)
    #####:  127:    getline(cin, titlu);
    %%%%%:  127-block  0
call    0 never executed
branch  1 never executed (fallthrough)
branch  2 never executed (throw)
        -:  128:
    #####:  129:    service_cos.add_carte_in_cos(titlu);
    %%%%%:  129-block  0
call    0 never executed
branch  1 never executed (fallthrough)
branch  2 never executed (throw)
    %%%%%:  129-block  1
call    3 never executed
branch  4 never executed (fallthrough)
branch  5 never executed (throw)
    %%%%%:  129-block  2
call    6 never executed
    $$$$$:  129-block  3
call    7 never executed
    $$$$$:  129-block  4
        -:  130:
    #####:  131:    cout<< "NR carti din cos: " << service_cos.get_nr_carti_din_cos() << "\n\n";
call    0 never executed
branch  1 never executed (fallthrough)
branch  2 never executed (throw)
    %%%%%:  131-block  0
call    3 never executed
branch  4 never executed (fallthrough)
branch  5 never executed (throw)
    %%%%%:  131-block  1
call    6 never executed
branch  7 never executed (fallthrough)
branch  8 never executed (throw)
    %%%%%:  131-block  2
call    9 never executed
branch 10 never executed (fallthrough)
branch 11 never executed (throw)
    #####:  132:}
    %%%%%:  132-block  0
call    0 never executed
    $$$$$:  132-block  1
call    1 never executed
        -:  133:
function _ZN13ui_biblioteca11goleste_cosEv called 0 returned 0% blocks executed 0%
    #####:  134:void ui_biblioteca::goleste_cos() {
    #####:  135:    service_cos.goleste_cos();
    %%%%%:  135-block  0
call    0 never executed
        -:  136:
    #####:  137:    cout<< "NR carti din cos: " << service_cos.get_nr_carti_din_cos() << "\n\n";
call    0 never executed
call    1 never executed
call    2 never executed
call    3 never executed
    #####:  138:}
        -:  139:
function _ZN13ui_biblioteca13genereaza_cosEv called 0 returned 0% blocks executed 0%
    #####:  140:void ui_biblioteca::genereaza_cos() {
        -:  141:    int nr_carti_de_adaugat;
    #####:  142:    cout << "Introdu cate carti doresti sa fie in cos: ";
    %%%%%:  142-block  0
call    0 never executed
branch  1 never executed (fallthrough)
branch  2 never executed (throw)
    #####:  143:    cin >> nr_carti_de_adaugat;
    %%%%%:  143-block  0
call    0 never executed
branch  1 never executed (fallthrough)
branch  2 never executed (throw)
    #####:  144:    std::cin.ignore(1, '\n');
    %%%%%:  144-block  0
call    0 never executed
branch  1 never executed (fallthrough)
branch  2 never executed (throw)
    #####:  145:    service_cos.genereaza_cos(nr_carti_de_adaugat);
    %%%%%:  145-block  0
call    0 never executed
branch  1 never executed (fallthrough)
branch  2 never executed (throw)
        -:  146:
    #####:  147:    cout<< "NR carti din cos: " << service_cos.get_nr_carti_din_cos() << "\n\n";
    %%%%%:  147-block  0
call    0 never executed
branch  1 never executed (fallthrough)
branch  2 never executed (throw)
    %%%%%:  147-block  1
call    3 never executed
branch  4 never executed (fallthrough)
branch  5 never executed (throw)
    %%%%%:  147-block  2
call    6 never executed
branch  7 never executed (fallthrough)
branch  8 never executed (throw)
    %%%%%:  147-block  3
call    9 never executed
branch 10 never executed (fallthrough)
branch 11 never executed (throw)
    #####:  148:}
    %%%%%:  148-block  0
        -:  149:
function _ZN13ui_biblioteca10export_cosEv called 0 returned 0% blocks executed 0%
    #####:  150:void ui_biblioteca::export_cos() {
    #####:  151:    string nume_fisier;
    %%%%%:  151-block  0
call    0 never executed
    #####:  152:    cout << "Nume fisier pentru export cos: ";
call    0 never executed
branch  1 never executed (fallthrough)
branch  2 never executed (throw)
    #####:  153:    cin >> nume_fisier;
    %%%%%:  153-block  0
call    0 never executed
branch  1 never executed (fallthrough)
branch  2 never executed (throw)
        -:  154:
    #####:  155:    service_cos.export_cos(nume_fisier, nr_cos);
    %%%%%:  155-block  0
call    0 never executed
branch  1 never executed (fallthrough)
branch  2 never executed (throw)
    #####:  156:    nr_cos += 1;
    #####:  157:    cout << "NR carti din cos: " << service_cos.get_nr_carti_din_cos() << "\n\n";
    %%%%%:  157-block  0
call    0 never executed
branch  1 never executed (fallthrough)
branch  2 never executed (throw)
    %%%%%:  157-block  1
call    3 never executed
branch  4 never executed (fallthrough)
branch  5 never executed (throw)
    %%%%%:  157-block  2
call    6 never executed
branch  7 never executed (fallthrough)
branch  8 never executed (throw)
    %%%%%:  157-block  3
call    9 never executed
branch 10 never executed (fallthrough)
branch 11 never executed (throw)
    #####:  158:}
    %%%%%:  158-block  0
call    0 never executed
    $$$$$:  158-block  1
call    1 never executed
        -:  159:
function _ZN13ui_biblioteca6raportEv called 0 returned 0% blocks executed 0%
    #####:  160:void ui_biblioteca::raport() {
    #####:  161:    map<string, DTO_carte> raport = srv.raport();
    %%%%%:  161-block  0
call    0 never executed
branch  1 never executed (fallthrough)
branch  2 never executed (throw)
    #####:  162:    for(auto it = raport.begin(); it != raport.end(); ++it){
    %%%%%:  162-block  0
call    0 never executed
    %%%%%:  162-block  1
call    1 never executed
    %%%%%:  162-block  2
call    2 never executed
call    3 never executed
branch  4 never executed
branch  5 never executed (fallthrough)
    #####:  163:        std::cout << "Gen: " << it -> second.genre << " nr_entitati: " << it->second.numar_entitati << "\n";
    %%%%%:  163-block  0
call    0 never executed
branch  1 never executed (fallthrough)
branch  2 never executed (throw)
    %%%%%:  163-block  1
call    3 never executed
call    4 never executed
branch  5 never executed (fallthrough)
branch  6 never executed (throw)
    %%%%%:  163-block  2
call    7 never executed
branch  8 never executed (fallthrough)
branch  9 never executed (throw)
    %%%%%:  163-block  3
call   10 never executed
call   11 never executed
branch 12 never executed (fallthrough)
branch 13 never executed (throw)
    %%%%%:  163-block  4
call   14 never executed
branch 15 never executed (fallthrough)
branch 16 never executed (throw)
        -:  164:    }
    #####:  165:}
    %%%%%:  165-block  0
call    0 never executed
    $$$$$:  165-block  1
call    1 never executed
        -:  166:
function _ZN13ui_biblioteca4undoEv called 0 returned 0% blocks executed 0%
    #####:  167:void ui_biblioteca::undo() {
    #####:  168:    srv.do_undo();
    %%%%%:  168-block  0
call    0 never executed
    #####:  169:    cout << "Undo succesful\n";
call    0 never executed
    #####:  170:}
function _ZN13ui_biblioteca3runEv called 0 returned 0% blocks executed 0%
    #####:  171:void ui_biblioteca::run(){
    #####:  172:    srv.add_book_srv("I.L.C", "O scrisoare pierduta", "dramatic", 1884);
    %%%%%:  172-block  0
    %%%%%:  172-block  1
call    0 never executed
branch  1 never executed (fallthrough)
branch  2 never executed (throw)
    %%%%%:  172-block  2
call    3 never executed
branch  4 never executed (fallthrough)
branch  5 never executed (throw)
    %%%%%:  172-block  3
call    6 never executed
branch  7 never executed (fallthrough)
branch  8 never executed (throw)
    %%%%%:  172-block  4
call    9 never executed
branch 10 never executed (fallthrough)
branch 11 never executed (throw)
    %%%%%:  172-block  5
call   12 never executed
    %%%%%:  172-block  6
call   13 never executed
    %%%%%:  172-block  7
call   14 never executed
    $$$$$:  172-block  8
call   15 never executed
    $$$$$:  172-block  9
    $$$$$:  172-block 10
    $$$$$:  172-block 11
call   16 never executed
    $$$$$:  172-block 12
    $$$$$:  172-block 13
    $$$$$:  172-block 14
call   17 never executed
    $$$$$:  172-block 15
    $$$$$:  172-block 16
    $$$$$:  172-block 17
call   18 never executed
    #####:  173:    srv.add_book_srv("Albert Camus", "Strainul", "dramatic", 1942);
    %%%%%:  173-block  0
    %%%%%:  173-block  1
call    0 never executed
branch  1 never executed (fallthrough)
branch  2 never executed (throw)
    %%%%%:  173-block  2
call    3 never executed
branch  4 never executed (fallthrough)
branch  5 never executed (throw)
    %%%%%:  173-block  3
call    6 never executed
branch  7 never executed (fallthrough)
branch  8 never executed (throw)
    %%%%%:  173-block  4
call    9 never executed
branch 10 never executed (fallthrough)
branch 11 never executed (throw)
    %%%%%:  173-block  5
call   12 never executed
    %%%%%:  173-block  6
call   13 never executed
    %%%%%:  173-block  7
call   14 never executed
    $$$$$:  173-block  8
call   15 never executed
    $$$$$:  173-block  9
    $$$$$:  173-block 10
    $$$$$:  173-block 11
call   16 never executed
    $$$$$:  173-block 12
    $$$$$:  173-block 13
    $$$$$:  173-block 14
call   17 never executed
    $$$$$:  173-block 15
    $$$$$:  173-block 16
    $$$$$:  173-block 17
call   18 never executed
    #####:  174:    srv.add_book_srv("Frank Kafka", "Procesul", "dramatic", 1925);
    %%%%%:  174-block  0
    %%%%%:  174-block  1
call    0 never executed
branch  1 never executed (fallthrough)
branch  2 never executed (throw)
    %%%%%:  174-block  2
call    3 never executed
branch  4 never executed (fallthrough)
branch  5 never executed (throw)
    %%%%%:  174-block  3
call    6 never executed
branch  7 never executed (fallthrough)
branch  8 never executed (throw)
    %%%%%:  174-block  4
call    9 never executed
branch 10 never executed (fallthrough)
branch 11 never executed (throw)
    %%%%%:  174-block  5
call   12 never executed
    %%%%%:  174-block  6
call   13 never executed
    %%%%%:  174-block  7
call   14 never executed
    $$$$$:  174-block  8
call   15 never executed
    $$$$$:  174-block  9
    $$$$$:  174-block 10
    $$$$$:  174-block 11
call   16 never executed
    $$$$$:  174-block 12
    $$$$$:  174-block 13
    $$$$$:  174-block 14
call   17 never executed
    $$$$$:  174-block 15
    $$$$$:  174-block 16
    $$$$$:  174-block 17
call   18 never executed
    #####:  175:    srv.add_book_srv("Jane Austen", "Mandrie si prejudecata", "dramatic", 1813);
    %%%%%:  175-block  0
    %%%%%:  175-block  1
call    0 never executed
branch  1 never executed (fallthrough)
branch  2 never executed (throw)
    %%%%%:  175-block  2
call    3 never executed
branch  4 never executed (fallthrough)
branch  5 never executed (throw)
    %%%%%:  175-block  3
call    6 never executed
branch  7 never executed (fallthrough)
branch  8 never executed (throw)
    %%%%%:  175-block  4
call    9 never executed
branch 10 never executed (fallthrough)
branch 11 never executed (throw)
    %%%%%:  175-block  5
call   12 never executed
    %%%%%:  175-block  6
call   13 never executed
    %%%%%:  175-block  7
call   14 never executed
    $$$$$:  175-block  8
call   15 never executed
    $$$$$:  175-block  9
    $$$$$:  175-block 10
    $$$$$:  175-block 11
call   16 never executed
    $$$$$:  175-block 12
    $$$$$:  175-block 13
    $$$$$:  175-block 14
call   17 never executed
    $$$$$:  175-block 15
    $$$$$:  175-block 16
    $$$$$:  175-block 17
call   18 never executed
    #####:  176:    srv.add_book_srv("Dante Alighieri", "Divina Comedie", "epic", 1320);
    %%%%%:  176-block  0
    %%%%%:  176-block  1
call    0 never executed
branch  1 never executed (fallthrough)
branch  2 never executed (throw)
    %%%%%:  176-block  2
call    3 never executed
branch  4 never executed (fallthrough)
branch  5 never executed (throw)
    %%%%%:  176-block  3
call    6 never executed
branch  7 never executed (fallthrough)
branch  8 never executed (throw)
    %%%%%:  176-block  4
call    9 never executed
branch 10 never executed (fallthrough)
branch 11 never executed (throw)
    %%%%%:  176-block  5
call   12 never executed
    %%%%%:  176-block  6
call   13 never executed
    %%%%%:  176-block  7
call   14 never executed
    $$$$$:  176-block  8
call   15 never executed
    $$$$$:  176-block  9
    $$$$$:  176-block 10
    $$$$$:  176-block 11
call   16 never executed
    $$$$$:  176-block 12
    $$$$$:  176-block 13
    $$$$$:  176-block 14
call   17 never executed
    $$$$$:  176-block 15
    $$$$$:  176-block 16
    $$$$$:  176-block 17
call   18 never executed
    #####:  177:    srv.add_book_srv("John Milton", "Paradisul pierdut", "epic", 1667);
    %%%%%:  177-block  0
    %%%%%:  177-block  1
call    0 never executed
branch  1 never executed (fallthrough)
branch  2 never executed (throw)
    %%%%%:  177-block  2
call    3 never executed
branch  4 never executed (fallthrough)
branch  5 never executed (throw)
    %%%%%:  177-block  3
call    6 never executed
branch  7 never executed (fallthrough)
branch  8 never executed (throw)
    %%%%%:  177-block  4
call    9 never executed
branch 10 never executed (fallthrough)
branch 11 never executed (throw)
    %%%%%:  177-block  5
call   12 never executed
    %%%%%:  177-block  6
call   13 never executed
    %%%%%:  177-block  7
call   14 never executed
    $$$$$:  177-block  8
call   15 never executed
    $$$$$:  177-block  9
    $$$$$:  177-block 10
    $$$$$:  177-block 11
call   16 never executed
    $$$$$:  177-block 12
    $$$$$:  177-block 13
    $$$$$:  177-block 14
call   17 never executed
    $$$$$:  177-block 15
    $$$$$:  177-block 16
    $$$$$:  177-block 17
call   18 never executed
    #####:  178:    srv.add_book_srv("Torquato Tasso", "Ierusalimul eliberat", "epic", 1581);
    %%%%%:  178-block  0
    %%%%%:  178-block  1
call    0 never executed
branch  1 never executed (fallthrough)
branch  2 never executed (throw)
    %%%%%:  178-block  2
call    3 never executed
branch  4 never executed (fallthrough)
branch  5 never executed (throw)
    %%%%%:  178-block  3
call    6 never executed
branch  7 never executed (fallthrough)
branch  8 never executed (throw)
    %%%%%:  178-block  4
call    9 never executed
branch 10 never executed (fallthrough)
branch 11 never executed (throw)
    %%%%%:  178-block  5
call   12 never executed
    %%%%%:  178-block  6
call   13 never executed
    %%%%%:  178-block  7
call   14 never executed
    $$$$$:  178-block  8
call   15 never executed
    $$$$$:  178-block  9
    $$$$$:  178-block 10
    $$$$$:  178-block 11
call   16 never executed
    $$$$$:  178-block 12
    $$$$$:  178-block 13
    $$$$$:  178-block 14
call   17 never executed
    $$$$$:  178-block 15
    $$$$$:  178-block 16
    $$$$$:  178-block 17
call   18 never executed
    #####:  179:    srv.add_book_srv("William Shakespeare", "Sonetul 18", "liric", 1609);
    %%%%%:  179-block  0
    %%%%%:  179-block  1
call    0 never executed
branch  1 never executed (fallthrough)
branch  2 never executed (throw)
    %%%%%:  179-block  2
call    3 never executed
branch  4 never executed (fallthrough)
branch  5 never executed (throw)
    %%%%%:  179-block  3
call    6 never executed
branch  7 never executed (fallthrough)
branch  8 never executed (throw)
    %%%%%:  179-block  4
call    9 never executed
branch 10 never executed (fallthrough)
branch 11 never executed (throw)
    %%%%%:  179-block  5
call   12 never executed
    %%%%%:  179-block  6
call   13 never executed
    %%%%%:  179-block  7
call   14 never executed
    $$$$$:  179-block  8
call   15 never executed
    $$$$$:  179-block  9
    $$$$$:  179-block 10
    $$$$$:  179-block 11
call   16 never executed
    $$$$$:  179-block 12
    $$$$$:  179-block 13
    $$$$$:  179-block 14
call   17 never executed
    $$$$$:  179-block 15
    $$$$$:  179-block 16
    $$$$$:  179-block 17
call   18 never executed
    #####:  180:    srv.add_book_srv("Emily Dickinson", "Hope is the Thing with Feathers", "liric", 1861);
    %%%%%:  180-block  0
    %%%%%:  180-block  1
call    0 never executed
branch  1 never executed (fallthrough)
branch  2 never executed (throw)
    %%%%%:  180-block  2
call    3 never executed
branch  4 never executed (fallthrough)
branch  5 never executed (throw)
    %%%%%:  180-block  3
call    6 never executed
branch  7 never executed (fallthrough)
branch  8 never executed (throw)
    %%%%%:  180-block  4
call    9 never executed
branch 10 never executed (fallthrough)
branch 11 never executed (throw)
    %%%%%:  180-block  5
call   12 never executed
    %%%%%:  180-block  6
call   13 never executed
    %%%%%:  180-block  7
call   14 never executed
    $$$$$:  180-block  8
call   15 never executed
    $$$$$:  180-block  9
    $$$$$:  180-block 10
    $$$$$:  180-block 11
call   16 never executed
    $$$$$:  180-block 12
    $$$$$:  180-block 13
    $$$$$:  180-block 14
call   17 never executed
    $$$$$:  180-block 15
    $$$$$:  180-block 16
    $$$$$:  180-block 17
call   18 never executed
    #####:  181:    srv.add_book_srv("Langston Hughes", "Harlem", "liric", 1951);
    %%%%%:  181-block  0
    %%%%%:  181-block  1
call    0 never executed
branch  1 never executed (fallthrough)
branch  2 never executed (throw)
    %%%%%:  181-block  2
call    3 never executed
branch  4 never executed (fallthrough)
branch  5 never executed (throw)
    %%%%%:  181-block  3
call    6 never executed
branch  7 never executed (fallthrough)
branch  8 never executed (throw)
    %%%%%:  181-block  4
call    9 never executed
branch 10 never executed (fallthrough)
branch 11 never executed (throw)
    %%%%%:  181-block  5
call   12 never executed
    %%%%%:  181-block  6
call   13 never executed
    %%%%%:  181-block  7
call   14 never executed
    %%%%%:  181-block  8
    $$$$$:  181-block  9
call   15 never executed
    $$$$$:  181-block 10
    $$$$$:  181-block 11
    $$$$$:  181-block 12
call   16 never executed
    $$$$$:  181-block 13
    $$$$$:  181-block 14
    $$$$$:  181-block 15
call   17 never executed
    $$$$$:  181-block 16
    $$$$$:  181-block 17
    $$$$$:  181-block 18
call   18 never executed
        -:  182:
        -:  183:    while(true){
    #####:  184:        meniu();
    %%%%%:  184-block  0
call    0 never executed
branch  1 never executed (fallthrough)
branch  2 never executed (throw)
        -:  185:        int option;
    #####:  186:        cin>>option;
    %%%%%:  186-block  0
call    0 never executed
branch  1 never executed (fallthrough)
branch  2 never executed (throw)
    #####:  187:        std::cin.ignore(1, '\n');
    %%%%%:  187-block  0
call    0 never executed
branch  1 never executed (fallthrough)
branch  2 never executed (throw)
        -:  188:        try{
    #####:  189:            switch(option) {
    %%%%%:  189-block  0
branch  0 never executed
branch  1 never executed
branch  2 never executed
branch  3 never executed
branch  4 never executed
branch  5 never executed
branch  6 never executed
branch  7 never executed
branch  8 never executed
branch  9 never executed
branch 10 never executed
branch 11 never executed
branch 12 never executed
branch 13 never executed
branch 14 never executed
    #####:  190:                case 1:
    #####:  191:                    add_book();
    %%%%%:  191-block  0
call    0 never executed
branch  1 never executed (fallthrough)
branch  2 never executed (throw)
    #####:  192:                    break;
    %%%%%:  192-block  0
    #####:  193:                case 2:
    #####:  194:                    delete_book();
    %%%%%:  194-block  0
call    0 never executed
branch  1 never executed (fallthrough)
branch  2 never executed (throw)
    #####:  195:                    break;
    %%%%%:  195-block  0
    #####:  196:                case 3:
    #####:  197:                    modify_book();
    %%%%%:  197-block  0
call    0 never executed
branch  1 never executed (fallthrough)
branch  2 never executed (throw)
    #####:  198:                    break;
    %%%%%:  198-block  0
    #####:  199:                case 4:
    #####:  200:                    afiseaza(srv.get_all_srv());
    %%%%%:  200-block  0
call    0 never executed
call    1 never executed
branch  2 never executed (fallthrough)
branch  3 never executed (throw)
    #####:  201:                    break;
    %%%%%:  201-block  0
    #####:  202:                case 5:
    #####:  203:                    cautare();
    %%%%%:  203-block  0
call    0 never executed
branch  1 never executed (fallthrough)
branch  2 never executed (throw)
    #####:  204:                    break;
    %%%%%:  204-block  0
    #####:  205:                case 6:
    #####:  206:                    filtare();
    %%%%%:  206-block  0
call    0 never executed
branch  1 never executed (fallthrough)
branch  2 never executed (throw)
    #####:  207:                    break;
    %%%%%:  207-block  0
    #####:  208:                case 7:
    #####:  209:                    sortare();
    %%%%%:  209-block  0
call    0 never executed
branch  1 never executed (fallthrough)
branch  2 never executed (throw)
    #####:  210:                    break;
    %%%%%:  210-block  0
    #####:  211:                case 8:
    #####:  212:                    add_cos();
    %%%%%:  212-block  0
call    0 never executed
branch  1 never executed (fallthrough)
branch  2 never executed (throw)
    #####:  213:                    break;
    %%%%%:  213-block  0
    #####:  214:                case 9:
    #####:  215:                    goleste_cos();
    %%%%%:  215-block  0
call    0 never executed
branch  1 never executed (fallthrough)
branch  2 never executed (throw)
    #####:  216:                    break;
    %%%%%:  216-block  0
    #####:  217:                case 10:
    #####:  218:                    genereaza_cos();
    %%%%%:  218-block  0
call    0 never executed
branch  1 never executed (fallthrough)
branch  2 never executed (throw)
    #####:  219:                    break;
    %%%%%:  219-block  0
    #####:  220:                case 11:
    #####:  221:                    export_cos();
    %%%%%:  221-block  0
call    0 never executed
branch  1 never executed (fallthrough)
branch  2 never executed (throw)
    #####:  222:                    break;
    %%%%%:  222-block  0
    #####:  223:                case 12:
    #####:  224:                    raport();
    %%%%%:  224-block  0
call    0 never executed
branch  1 never executed (fallthrough)
branch  2 never executed (throw)
    #####:  225:                    break;
    %%%%%:  225-block  0
    #####:  226:                case 13:
    #####:  227:                    undo();
    %%%%%:  227-block  0
call    0 never executed
branch  1 never executed (fallthrough)
branch  2 never executed (throw)
    #####:  228:                    break;
    %%%%%:  228-block  0
    #####:  229:                case 14:
    #####:  230:                    return;
    %%%%%:  230-block  0
    %%%%%:  230-block  1
    #####:  231:                default:
    #####:  232:                    cout << "Optiunea nu exista!\n";
    %%%%%:  232-block  0
call    0 never executed
branch  1 never executed (fallthrough)
branch  2 never executed (throw)
        -:  233:            }
        -:  234:        }
    =====:  235:        catch (const book_validation_exception& ex){
    $$$$$:  235-block  0
branch  0 never executed (fallthrough)
branch  1 never executed
branch  2 never executed
branch  3 never executed
branch  4 never executed
    $$$$$:  235-block  1
call    5 never executed
    =====:  236:            cout << "< A CRAPAT > " << ex << '\n';
call    0 never executed
branch  1 never executed (fallthrough)
branch  2 never executed (throw)
    $$$$$:  236-block  0
call    3 never executed
branch  4 never executed (fallthrough)
branch  5 never executed (throw)
    $$$$$:  236-block  1
call    6 never executed
branch  7 never executed (fallthrough)
branch  8 never executed (throw)
    =====:  237:        }
    $$$$$:  237-block  0
call    0 never executed
branch  1 never executed (fallthrough)
branch  2 never executed (throw)
    $$$$$:  237-block  1
call    3 never executed
    =====:  238:        catch (const book_repo_exception& ex){
    $$$$$:  238-block  0
call    0 never executed
    =====:  239:            cout << "< A CRAPAT > " << ex << '\n';
call    0 never executed
branch  1 never executed (fallthrough)
branch  2 never executed (throw)
    $$$$$:  239-block  0
call    3 never executed
branch  4 never executed (fallthrough)
branch  5 never executed (throw)
    $$$$$:  239-block  1
call    6 never executed
branch  7 never executed (fallthrough)
branch  8 never executed (throw)
    =====:  240:        }
    $$$$$:  240-block  0
call    0 never executed
branch  1 never executed (fallthrough)
branch  2 never executed (throw)
    $$$$$:  240-block  1
call    3 never executed
    =====:  241:        catch (const books_service_exception& ex){
    $$$$$:  241-block  0
call    0 never executed
    =====:  242:            cout << "< A CRAPAT > " << ex << '\n';
call    0 never executed
branch  1 never executed (fallthrough)
branch  2 never executed (throw)
    $$$$$:  242-block  0
call    3 never executed
branch  4 never executed (fallthrough)
branch  5 never executed (throw)
    $$$$$:  242-block  1
call    6 never executed
branch  7 never executed (fallthrough)
branch  8 never executed (throw)
    =====:  243:        }
    $$$$$:  243-block  0
call    0 never executed
branch  1 never executed (fallthrough)
branch  2 never executed (throw)
    $$$$$:  243-block  1
call    3 never executed
    =====:  244:        catch (const std::exception){
    $$$$$:  244-block  0
call    0 never executed
call    1 never executed
    =====:  245:            cout<< "Alta eroare!!\n";
call    0 never executed
branch  1 never executed (fallthrough)
branch  2 never executed (throw)
    =====:  246:        }
    $$$$$:  246-block  0
call    0 never executed
call    1 never executed
    $$$$$:  246-block  1
call    2 never executed
    $$$$$:  246-block  2
call    3 never executed
    #####:  247:    }
    %%%%%:  247-block  0
        -:  248:}
        -:  249:
