        -:    0:Source:/mnt/d/INFO 2/SEM 2/OOP/lab6-7---oop/domain/validator.cpp
        -:    0:Graph:/mnt/d/INFO 2/SEM 2/OOP/lab6-7---oop/cmake-build-debug-coverage/CMakeFiles/lab6_7_clion.dir/domain/validator.cpp.gcno
        -:    0:Data:/mnt/d/INFO 2/SEM 2/OOP/lab6-7---oop/cmake-build-debug-coverage/CMakeFiles/lab6_7_clion.dir/domain/validator.cpp.gcda
        -:    0:Runs:1
        -:    1://
        -:    2:// Created by obrej on 4/11/2024.
        -:    3://
        -:    4:
        -:    5:#include "../Headers/validator.h"
        -:    6:#include <vector>
        -:    7:#include <string>
        -:    8:
        -:    9:using std::string;
        -:   10:using std::vector;
        -:   11:using std::tolower;
        -:   12:
        -:   13:/* verifica ca genul sa fie "liric" / "epic" / "dramatic"
        -:   14: * return true , daca genul curespunde
        -:   15: * return false, altfel
        -:   16:*/
function _Z11is_good_genRNSt7__cxx1112basic_stringIcSt11char_traitsIcESaIcEEE called 28 returned 100% blocks executed 100%
       28:   17:bool is_good_gen(string& gen){
      158:   18:    for(auto& c: gen){
       28:   18-block  0
call    0 returned 28
call    1 returned 28
      130:   18-block  1
call    2 returned 130
      158:   18-block  2
call    3 returned 158
branch  4 taken 130
branch  5 taken 28 (fallthrough)
      130:   19:        c = tolower(c);
call    0 returned 130
        -:   20:    }
       28:   21:    if(gen == "epic" || gen == "liric" || gen == "dramatic")
       28:   21-block  0
call    0 returned 28
branch  1 taken 19 (fallthrough)
branch  2 taken 9
       19:   21-block  1
call    3 returned 19
branch  4 taken 5 (fallthrough)
branch  5 taken 14
        5:   21-block  2
call    6 returned 5
branch  7 taken 3 (fallthrough)
branch  8 taken 2
       26:   21-block  3
        2:   21-block  4
       28:   21-block  5
branch  9 taken 26 (fallthrough)
branch 10 taken 2
       26:   22:        return true;
       26:   22-block  0
        2:   23:    return false;
        2:   23-block  0
        -:   24:}
        -:   25:/*
        -:   26: * Valideaza cartea, arunca un custom_exception daca e cazul
        -:   27: * autor : string nevid
        -:   28: * titlu : string nevid
        -:   29: * gen : string egal cu "liric" / "epic" / "dramatic"
        -:   30: * anul publicatiei: Mai mic decat 2025
        -:   31: */
function _ZN15validator_carte8validateERK5carte called 28 returned 79% blocks executed 66%
       28:   32:void validator_carte::validate(const carte &book) {
       28:   33:    vector<string> errors;
       28:   33-block  0
call    0 returned 28
       28:   34:    if(book.get_author().length() == 0)
call    0 returned 28
branch  1 taken 28 (fallthrough)
branch  2 taken 0 (throw)
       28:   34-block  0
call    3 returned 28
call    4 returned 28
branch  5 taken 3 (fallthrough)
branch  6 taken 25
        3:   35:        errors.push_back("Autorul introdus este vid");
        3:   35-block  0
call    0 returned 3
call    1 returned 3
branch  2 taken 3 (fallthrough)
branch  3 taken 0 (throw)
        3:   35-block  1
call    4 returned 3
branch  5 taken 3 (fallthrough)
branch  6 taken 0 (throw)
        3:   35-block  2
call    7 returned 3
call    8 returned 3
    $$$$$:   35-block  3
call    9 never executed
    $$$$$:   35-block  4
    $$$$$:   35-block  5
call   10 never executed
    $$$$$:   35-block  6
       28:   36:    if(book.get_title().length() == 0)
       28:   36-block  0
call    0 returned 28
branch  1 taken 28 (fallthrough)
branch  2 taken 0 (throw)
       28:   36-block  1
call    3 returned 28
call    4 returned 28
branch  5 taken 2 (fallthrough)
branch  6 taken 26
        2:   37:        errors.push_back("Titlul introdus este vid");
        2:   37-block  0
call    0 returned 2
call    1 returned 2
branch  2 taken 2 (fallthrough)
branch  3 taken 0 (throw)
        2:   37-block  1
call    4 returned 2
branch  5 taken 2 (fallthrough)
branch  6 taken 0 (throw)
        2:   37-block  2
call    7 returned 2
call    8 returned 2
    $$$$$:   37-block  3
call    9 never executed
    $$$$$:   37-block  4
    $$$$$:   37-block  5
call   10 never executed
    $$$$$:   37-block  6
       28:   38:    if(book.get_publication_year() > 2025)
       28:   38-block  0
call    0 returned 28
branch  1 taken 28 (fallthrough)
branch  2 taken 0 (throw)
       28:   38-block  1
branch  3 taken 1 (fallthrough)
branch  4 taken 27
        1:   39:        errors.push_back("Anul introdus nu poate fi din viitor");
        1:   39-block  0
call    0 returned 1
call    1 returned 1
branch  2 taken 1 (fallthrough)
branch  3 taken 0 (throw)
        1:   39-block  1
call    4 returned 1
branch  5 taken 1 (fallthrough)
branch  6 taken 0 (throw)
        1:   39-block  2
call    7 returned 1
call    8 returned 1
    $$$$$:   39-block  3
call    9 never executed
    $$$$$:   39-block  4
    $$$$$:   39-block  5
call   10 never executed
    $$$$$:   39-block  6
        -:   40:
       28:   41:    string gen = book.get_genre();
       28:   41-block  0
call    0 returned 28
branch  1 taken 28 (fallthrough)
branch  2 taken 0 (throw)
       28:   42:    if(!is_good_gen(gen))
       28:   42-block  0
call    0 returned 28
branch  1 taken 28 (fallthrough)
branch  2 taken 0 (throw)
       28:   42-block  1
branch  3 taken 2 (fallthrough)
branch  4 taken 26
        2:   43:        errors.push_back("Genul introdus nu este epic / liric / dramatic");
        2:   43-block  0
call    0 returned 2
call    1 returned 2
branch  2 taken 2 (fallthrough)
branch  3 taken 0 (throw)
        2:   43-block  1
call    4 returned 2
branch  5 taken 2 (fallthrough)
branch  6 taken 0 (throw)
        2:   43-block  2
call    7 returned 2
call    8 returned 2
    $$$$$:   43-block  3
call    9 never executed
    $$$$$:   43-block  4
    $$$$$:   43-block  5
call   10 never executed
    $$$$$:   43-block  6
        -:   44:
        -:   45:
       28:   46:    if(errors.size() > 0){
       28:   46-block  0
call    0 returned 28
branch  1 taken 6 (fallthrough)
branch  2 taken 22
        6:   47:        throw book_validation_exception(errors);
        6:   47-block  0
call    0 returned 6
call    1 returned 6
branch  2 taken 6 (fallthrough)
branch  3 taken 0 (throw)
        6:   47-block  1
call    4 returned 6
    $$$$$:   47-block  2
call    5 never executed
        -:   48:    }
       34:   49:}
       22:   49-block  0
call    0 returned 22
call    1 returned 22
        6:   49-block  1
call    2 returned 6
        6:   49-block  2
call    3 returned 6
        -:   50:
function _ZlsRSoRK25book_validation_exception called 4 returned 100% blocks executed 100%
        4:   51:ostream& operator << (ostream& out, const book_validation_exception& ex){
       10:   52:    for(const auto& mesaj : ex.msgs){
        4:   52-block  0
call    0 returned 4
call    1 returned 4
        6:   52-block  1
call    2 returned 6
        6:   52-block  2
call    3 returned 6
       10:   52-block  3
call    4 returned 10
branch  5 taken 6
branch  6 taken 4 (fallthrough)
        6:   53:        out << mesaj << " ";
call    0 returned 6
branch  1 taken 6 (fallthrough)
branch  2 taken 0 (throw)
        6:   53-block  0
call    3 returned 6
branch  4 taken 6 (fallthrough)
branch  5 taken 0 (throw)
        -:   54:    }
        4:   55:    return out;
        4:   55-block  0
        4:   55-block  1
        -:   56:}
