        -:    0:Source:D:/INFO 2/SEM 2/OOP/lab6-7---oop/domain/validator.cpp
        -:    0:Graph:D:\INFO 2\SEM 2\OOP\lab6-7---oop\cmake-build-debug-coverage\CMakeFiles\lab6_7_clion.dir\domain\validator.cpp.gcno
        -:    0:Data:D:\INFO 2\SEM 2\OOP\lab6-7---oop\cmake-build-debug-coverage\CMakeFiles\lab6_7_clion.dir\domain\validator.cpp.gcda
        -:    0:Runs:1
        -:    1://
        -:    2:// Created by obrej on 4/11/2024.
        -:    3://
        -:    4:
        -:    5:#include "../Headers/validator.h"
        -:    6:#include <vector>
        -:    7:#include <string>
        -:    8:
        -:    9:using std::string;
        -:   10:using std::vector;
        -:   11:using std::tolower;
        -:   12:
        -:   13:/* verifica ca genul sa fie "liric" / "epic" / "dramatic"
        -:   14: * return true , daca genul curespunde
        -:   15: * return false, altfel
        -:   16:*/
function _Z11is_good_genRNSt7__cxx1112basic_stringIcSt11char_traitsIcESaIcEEE called 36 returned 100% blocks executed 100%
       36:   17:bool is_good_gen(string& gen){
      210:   18:    for(auto& c: gen){
       36:   18-block  0
call    0 returned 36
call    1 returned 36
      174:   18-block  1
call    2 returned 174
      210:   18-block  2
call    3 returned 210
branch  4 taken 174
branch  5 taken 36 (fallthrough)
      174:   19:        c = tolower(c);
call    0 returned 174
        -:   20:    }
       36:   21:    if(gen == "epic" || gen == "liric" || gen == "dramatic")
       36:   21-block  0
call    0 returned 36
branch  1 taken 25 (fallthrough)
branch  2 taken 11
       25:   21-block  1
call    3 returned 25
branch  4 taken 7 (fallthrough)
branch  5 taken 18
        7:   21-block  2
call    6 returned 7
branch  7 taken 5 (fallthrough)
branch  8 taken 2
       34:   21-block  3
        2:   21-block  4
       36:   21-block  5
branch  9 taken 34 (fallthrough)
branch 10 taken 2
       34:   22:        return true;
       34:   22-block  0
        2:   23:    return false;
        2:   23-block  0
        -:   24:}
        -:   25:/*
        -:   26: * Valideaza cartea, arunca un custom_exception daca e cazul
        -:   27: * autor : string nevid
        -:   28: * titlu : string nevid
        -:   29: * gen : string egal cu "liric" / "epic" / "dramatic"
        -:   30: * anul publicatiei: Mai mic decat 2025
        -:   31: */
function _ZN15validator_carte8validateERK5carte called 36 returned 83% blocks executed 66%
       36:   32:void validator_carte::validate(const carte &book) {
       36:   33:    vector<string> errors;
       36:   34:    if(book.get_author().length() == 0)
       36:   34-block  0
call    0 returned 36
branch  1 taken 36 (fallthrough)
branch  2 taken 0 (throw)
       36:   34-block  1
call    3 returned 36
call    4 returned 36
branch  5 taken 3 (fallthrough)
branch  6 taken 33
    $$$$$:   34-block  2
        6:   35:        errors.push_back("Autorul introdus este vid");
        3:   35-block  0
call    0 returned 3
branch  1 taken 3 (fallthrough)
branch  2 taken 0 (throw)
        3:   35-block  1
call    3 returned 3
branch  4 taken 3 (fallthrough)
branch  5 taken 0 (throw)
        3:   35-block  2
call    6 returned 3
        3:   35-block  3
    $$$$$:   35-block  4
call    7 never executed
    $$$$$:   35-block  5
    $$$$$:   35-block  6
       36:   36:    if(book.get_title().length() == 0)
       36:   36-block  0
call    0 returned 36
branch  1 taken 36 (fallthrough)
branch  2 taken 0 (throw)
       36:   36-block  1
call    3 returned 36
call    4 returned 36
branch  5 taken 2 (fallthrough)
branch  6 taken 34
    $$$$$:   36-block  2
        4:   37:        errors.push_back("Titlul introdus este vid");
        2:   37-block  0
call    0 returned 2
branch  1 taken 2 (fallthrough)
branch  2 taken 0 (throw)
        2:   37-block  1
call    3 returned 2
branch  4 taken 2 (fallthrough)
branch  5 taken 0 (throw)
        2:   37-block  2
call    6 returned 2
        2:   37-block  3
    $$$$$:   37-block  4
call    7 never executed
    $$$$$:   37-block  5
    $$$$$:   37-block  6
       36:   38:    if(book.get_publication_year() > 2025)
       36:   38-block  0
call    0 returned 36
branch  1 taken 36 (fallthrough)
branch  2 taken 0 (throw)
       36:   38-block  1
branch  3 taken 1 (fallthrough)
branch  4 taken 35
        2:   39:        errors.push_back("Anul introdus nu poate fi din viitor");
        1:   39-block  0
call    0 returned 1
branch  1 taken 1 (fallthrough)
branch  2 taken 0 (throw)
        1:   39-block  1
call    3 returned 1
branch  4 taken 1 (fallthrough)
branch  5 taken 0 (throw)
        1:   39-block  2
call    6 returned 1
        1:   39-block  3
    $$$$$:   39-block  4
call    7 never executed
    $$$$$:   39-block  5
    $$$$$:   39-block  6
        -:   40:
       36:   41:    string gen = book.get_genre();
       36:   41-block  0
call    0 returned 36
branch  1 taken 36 (fallthrough)
branch  2 taken 0 (throw)
       36:   42:    if(!is_good_gen(gen))
       36:   42-block  0
call    0 returned 36
branch  1 taken 36 (fallthrough)
branch  2 taken 0 (throw)
       36:   42-block  1
branch  3 taken 2 (fallthrough)
branch  4 taken 34
        4:   43:        errors.push_back("Genul introdus nu este epic / liric / dramatic");
        2:   43-block  0
call    0 returned 2
branch  1 taken 2 (fallthrough)
branch  2 taken 0 (throw)
        2:   43-block  1
call    3 returned 2
branch  4 taken 2 (fallthrough)
branch  5 taken 0 (throw)
        2:   43-block  2
call    6 returned 2
        2:   43-block  3
    $$$$$:   43-block  4
call    7 never executed
    $$$$$:   43-block  5
    $$$$$:   43-block  6
        -:   44:
        -:   45:
       36:   46:    if(errors.size() > 0){
       36:   46-block  0
call    0 returned 36
branch  1 taken 6 (fallthrough)
branch  2 taken 30
        6:   47:        throw book_validation_exception(errors);
        6:   47-block  0
call    0 returned 6
call    1 returned 6
branch  2 taken 6 (fallthrough)
branch  3 taken 0 (throw)
        6:   47-block  1
call    4 returned 6
    $$$$$:   47-block  2
call    5 never executed
        -:   48:    }
       42:   49:}
       30:   49-block  0
call    0 returned 30
call    1 returned 30
        6:   49-block  1
call    2 returned 6
        6:   49-block  2
call    3 returned 6
        -:   50:
function _ZlsRSoRK25book_validation_exception called 4 returned 100% blocks executed 100%
        4:   51:ostream& operator << (ostream& out, const book_validation_exception& ex){
       10:   52:    for(const auto& mesaj : ex.msgs){
        4:   52-block  0
call    0 returned 4
call    1 returned 4
        6:   52-block  1
call    2 returned 6
        6:   52-block  2
call    3 returned 6
       10:   52-block  3
call    4 returned 10
branch  5 taken 6
branch  6 taken 4 (fallthrough)
        6:   53:        out << mesaj << " ";
call    0 returned 6
branch  1 taken 6 (fallthrough)
branch  2 taken 0 (throw)
        6:   53-block  0
call    3 returned 6
branch  4 taken 6 (fallthrough)
branch  5 taken 0 (throw)
        -:   54:    }
        4:   55:    return out;
        4:   55-block  0
        4:   55-block  1
        -:   56:}
